<?xml version="1.0" encoding="UTF-8"?>
<!-- Generated by org.testng.reporters.JUnitXMLReporter -->
<testsuite hostname="RND-BASE-A" ignored="106" name="Nexus Api Test Automation Regression Suit" tests="24" failures="4" timestamp="2023-06-15T06:59:07 PDT" time="17.336" errors="0">
  <testcase name="TC003_getCashin" time="0.048" classname="Public.CashieringGet">
    <failure type="java.lang.NullPointerException">
      <![CDATA[java.lang.NullPointerException
at Public.CashieringGet.TC003_getCashin(CashieringGet.java:27)
at java.util.ArrayList.forEach(ArrayList.java:1257)
... Removed 27 stack frames]]>
    </failure>
  </testcase> <!-- TC003_getCashin -->
  <testcase name="TC003_1_getCashin" time="0.001" classname="Public.CashieringGet">
    <failure type="java.lang.NullPointerException">
      <![CDATA[java.lang.NullPointerException
at Public.CashieringGet.TC003_1_getCashin(CashieringGet.java:40)
at java.util.ArrayList.forEach(ArrayList.java:1257)
... Removed 27 stack frames]]>
    </failure>
  </testcase> <!-- TC003_1_getCashin -->
  <testcase name="TC004_balances" time="0.0" classname="Public.CashieringGet">
    <skipped/>
  </testcase> <!-- TC004_balances -->
  <testcase name="TC003_getnextReceipt" time="0.0" classname="Public.CashieringGet">
    <skipped/>
  </testcase> <!-- TC003_getnextReceipt -->
  <testcase name="TC004_getReceipt" time="0.0" classname="Public.CashieringGet">
    <skipped/>
  </testcase> <!-- TC004_getReceipt -->
  <testcase name="TC005_getRegisterInfo" time="0.0" classname="Public.CashieringGet">
    <skipped/>
  </testcase> <!-- TC005_getRegisterInfo -->
  <testcase name="TC006_gettransactions" time="0.0" classname="Public.CashieringGet">
    <skipped/>
  </testcase> <!-- TC006_gettransactions -->
  <testcase name="TC007_getAutoApply" time="0.0" classname="Public.CashieringGet">
    <skipped/>
  </testcase> <!-- TC007_getAutoApply -->
  <testcase name="TC003_getCashin" time="1.454" classname="Public.CashieringGetV3"/>
  <testcase name="TC004_balances" time="0.438" classname="Public.CashieringGetV3"/>
  <testcase name="TC003_getnextReceipt" time="0.243" classname="Public.CashieringGetV3"/>
  <testcase name="TC004_getReceipt" time="0.337" classname="Public.CashieringGetV3"/>
  <testcase name="TC005_getRegisterInfo" time="0.221" classname="Public.CashieringGetV3"/>
  <testcase name="TC006_gettransactions" time="0.359" classname="Public.CashieringGetV3"/>
  <testcase name="TC007_getAutoApply" time="0.613" classname="Public.CashieringGetV3"/>
  <testcase name="saveReciept_2_4" time="6.235" classname="Public.CashieringPost"/>
  <testcase name="TC002_RecieptAdjustment" time="0.202" classname="Public.CashieringPost"/>
  <testcase name="saveReciept_v_3" time="5.694" classname="Public.CashieringPostV3"/>
  <testcase name="TC002_RecieptAdjustment" time="0.207" classname="Public.CashieringPostV3"/>
  <testcase name="postPaymentv2" time="0.231" classname="Public.PaymentExtension">
    <failure type="java.lang.AssertionError" message="null">
      <![CDATA[java.lang.AssertionError: null
at Public.PaymentExtension.postPaymentv2(PaymentExtension.java:26)
at java.util.ArrayList.forEach(ArrayList.java:1257)
... Removed 29 stack frames]]>
    </failure>
  </testcase> <!-- postPaymentv2 -->
  <testcase name="paymentExtensionv2" time="0.246" classname="Public.PaymentExtension"/>
  <testcase name="postPaymentv2_2" time="0.19" classname="Public.PaymentExtension"/>
  <testcase name="postPaymentv3" time="0.19" classname="Public.PaymentExtensionV3">
    <failure type="java.lang.AssertionError" message="null">
      <![CDATA[java.lang.AssertionError: null
at Public.PaymentExtensionV3.postPaymentv3(PaymentExtensionV3.java:27)
at java.util.ArrayList.forEach(ArrayList.java:1257)
... Removed 29 stack frames]]>
    </failure>
  </testcase> <!-- postPaymentv3 -->
  <testcase name="paymentExtensionv3" time="0.199" classname="Public.PaymentExtensionV3"/>
  <testcase name="getnextCustomerId_v2" time="0.0" classname="Public.customerController_v2">
    <ignored/>
  </testcase> <!-- getnextCustomerId_v2 -->
  <testcase name="getAccountBalancesPortalv3Paymentatwork" time="0.0" classname="Public.GetAccountBalancesV3">
    <ignored/>
  </testcase> <!-- getAccountBalancesPortalv3Paymentatwork -->
  <testcase name="getLocationsByCustomer_v2" time="0.0" classname="Public.customerController_v2">
    <ignored/>
  </testcase> <!-- getLocationsByCustomer_v2 -->
  <testcase name="getindex_v2" time="0.0" classname="Public.searchController">
    <ignored/>
  </testcase> <!-- getindex_v2 -->
  <testcase name="putcustomersaddressv2" time="0.0" classname="Public.customerControllerV3">
    <ignored/>
  </testcase> <!-- putcustomersaddressv2 -->
  <testcase name="getinfolabels_v2" time="0.0" classname="Public.customerController_v2">
    <ignored/>
  </testcase> <!-- getinfolabels_v2 -->
  <testcase name="putcustomerbillingoptionv2" time="0.0" classname="Public.customerControllerV3">
    <ignored/>
  </testcase> <!-- putcustomerbillingoptionv2 -->
  <testcase name="getspadocuments_v_3" time="0.0" classname="Public.spaControllerV3">
    <ignored/>
  </testcase> <!-- getspadocuments_v_3 -->
  <testcase name="getoutstandingDocuments_v_3" time="0.0" classname="Public.spaControllerV3">
    <ignored/>
  </testcase> <!-- getoutstandingDocuments_v_3 -->
  <testcase name="getTransactions_v_3" time="0.0" classname="Private.transactionsControllerv3">
    <ignored/>
  </testcase> <!-- getTransactions_v_3 -->
  <testcase name="elascticsearchcreateindex_v_3" time="0.0" classname="Public.searchControllerV3">
    <ignored/>
  </testcase> <!-- elascticsearchcreateindex_v_3 -->
  <testcase name="getTransactions_v_2" time="0.0" classname="Private.transactionsControllerv2">
    <ignored/>
  </testcase> <!-- getTransactions_v_2 -->
  <testcase name="getCustomerDetail_v3" time="0.0" classname="Public.customerControllerV3">
    <ignored/>
  </testcase> <!-- getCustomerDetail_v3 -->
  <testcase name="getdepositpaymentPlan_v_3" time="0.0" classname="Public.TestAPI">
    <ignored/>
  </testcase> <!-- getdepositpaymentPlan_v_3 -->
  <testcase name="getServiceOrderRequestDetailsbyOptional_v3" time="0.0" classname="Public.ServiceOrderControllerV3">
    <ignored/>
  </testcase> <!-- getServiceOrderRequestDetailsbyOptional_v3 -->
  <testcase name="getServicesByLocation_v_3" time="0.0" classname="Public.ServiceLocationV3">
    <ignored/>
  </testcase> <!-- getServicesByLocation_v_3 -->
  <testcase name="getlocationsByCustomerv_2_4_ExcludeFormer" time="0.0" classname="Public.customerControllerV3">
    <ignored/>
  </testcase> <!-- getlocationsByCustomerv_2_4_ExcludeFormer -->
  <testcase name="cancelSPA_v_2" time="0.0" classname="Public.createandcancelSpaV3">
    <ignored/>
  </testcase> <!-- cancelSPA_v_2 -->
  <testcase name="getoutstandingDocuments_v_2" time="0.0" classname="Public.spaController">
    <ignored/>
  </testcase> <!-- getoutstandingDocuments_v_2 -->
  <testcase name="getspadocuments_v_2" time="0.0" classname="Public.spaController">
    <ignored/>
  </testcase> <!-- getspadocuments_v_2 -->
  <testcase name="putTaskComplete_v_3" time="0.0" classname="Public.ServiceOrderControllerV3">
    <ignored/>
  </testcase> <!-- putTaskComplete_v_3 -->
  <testcase name="putcustomersotherOptionsv2" time="0.0" classname="Public.customerController_v2">
    <ignored/>
  </testcase> <!-- putcustomersotherOptionsv2 -->
  <testcase name="getCustomerbylocation_v_2" time="0.0" classname="Public.customerController_v2">
    <ignored/>
  </testcase> <!-- getCustomerbylocation_v_2 -->
  <testcase name="getAccountBalancesV3" time="0.0" classname="Public.GetAccountBalancesV3">
    <ignored/>
  </testcase> <!-- getAccountBalancesV3 -->
  <testcase name="getrecentTransactions_v_2" time="0.0" classname="Private.transactionsControllerv2">
    <ignored/>
  </testcase> <!-- getrecentTransactions_v_2 -->
  <testcase name="getrecentTransactions_v_3" time="0.0" classname="Private.transactionsControllerv3">
    <ignored/>
  </testcase> <!-- getrecentTransactions_v_3 -->
  <testcase name="putswitchMeter_v_2" time="0.0" classname="Public.ServiceOrderController">
    <ignored/>
  </testcase> <!-- putswitchMeter_v_2 -->
  <testcase name="getServiceOrderRequestDetails_v2" time="0.0" classname="Public.ServiceOrderController">
    <ignored/>
  </testcase> <!-- getServiceOrderRequestDetails_v2 -->
  <testcase name="getconsumptionHistoryController" time="0.0" classname="Public.consumptionHistoryController">
    <ignored/>
  </testcase> <!-- getconsumptionHistoryController -->
  <testcase name="getsmartList_v_3" time="0.0" classname="Private.SmartlistControllerV3">
    <ignored/>
  </testcase> <!-- getsmartList_v_3 -->
  <testcase name="putcalculatedocuments_v_2" time="0.0" classname="Public.spaController">
    <ignored/>
  </testcase> <!-- putcalculatedocuments_v_2 -->
  <testcase name="getCustomerbylocation_v_2" time="0.0" classname="Public.customerControllerV3">
    <ignored/>
  </testcase> <!-- getCustomerbylocation_v_2 -->
  <testcase name="putaddMeterReading_v_2" time="0.0" classname="Public.ServiceOrderController">
    <ignored/>
  </testcase> <!-- putaddMeterReading_v_2 -->
  <testcase name="putTaskComplete_v_2" time="0.0" classname="Public.ServiceOrderController">
    <ignored/>
  </testcase> <!-- putTaskComplete_v_2 -->
  <testcase name="getheaderInfo_v_3" time="0.0" classname="Public.spaControllerV3">
    <ignored/>
  </testcase> <!-- getheaderInfo_v_3 -->
  <testcase name="recancelSPA_v_2" time="0.0" classname="Public.createandcancelSpa">
    <ignored/>
  </testcase> <!-- recancelSPA_v_2 -->
  <testcase name="getspadetails_v_3" time="0.0" classname="Public.spaControllerV3">
    <ignored/>
  </testcase> <!-- getspadetails_v_3 -->
  <testcase name="getServiceOrderRequestDetailsbyOptional_v2" time="0.0" classname="Public.ServiceOrderController">
    <ignored/>
  </testcase> <!-- getServiceOrderRequestDetailsbyOptional_v2 -->
  <testcase name="getBillInquiry_v_3" time="0.0" classname="Private.transactionsControllerv3">
    <ignored/>
  </testcase> <!-- getBillInquiry_v_3 -->
  <testcase name="putcustomersrolldownAddressCodev2" time="0.0" classname="Public.customerControllerV3">
    <ignored/>
  </testcase> <!-- putcustomersrolldownAddressCodev2 -->
  <testcase name="putupdatecomment_v_3" time="0.0" classname="Public.ServiceOrderControllerV3">
    <ignored/>
  </testcase> <!-- putupdatecomment_v_3 -->
  <testcase name="getcalculatedocuments_v_3" time="0.0" classname="Public.spaControllerV3">
    <ignored/>
  </testcase> <!-- getcalculatedocuments_v_3 -->
  <testcase name="getCustomerDetail_v2" time="0.0" classname="Public.customerController_v2">
    <ignored/>
  </testcase> <!-- getCustomerDetail_v2 -->
  <testcase name="getAccountBalancesPortalv2_4" time="0.0" classname="Public.GetAccountBalances">
    <ignored/>
  </testcase> <!-- getAccountBalancesPortalv2_4 -->
  <testcase name="getServiceOrder_v3" time="0.0" classname="Public.ServiceOrderControllerV3">
    <ignored/>
  </testcase> <!-- getServiceOrder_v3 -->
  <testcase name="getdeposit_v_3" time="0.0" classname="Private.DepositsControllerV3">
    <ignored/>
  </testcase> <!-- getdeposit_v_3 -->
  <testcase name="getpreauthorizepaymentplan_v2" time="0.0" classname="Public.customerController_v2">
    <ignored/>
  </testcase> <!-- getpreauthorizepaymentplan_v2 -->
  <testcase name="postcreateServiceOrder_v3" time="0.0" classname="Public.ServiceOrderControllerV3">
    <ignored/>
  </testcase> <!-- postcreateServiceOrder_v3 -->
  <testcase name="getinfolabels_v2" time="0.0" classname="Public.customerControllerV3">
    <ignored/>
  </testcase> <!-- getinfolabels_v2 -->
  <testcase name="putcalculatedocuments_v_3" time="0.0" classname="Public.spaControllerV3">
    <ignored/>
  </testcase> <!-- putcalculatedocuments_v_3 -->
  <testcase name="getcalculatedocuments_v_2" time="0.0" classname="Public.spaController">
    <ignored/>
  </testcase> <!-- getcalculatedocuments_v_2 -->
  <testcase name="getspadetails_v_2" time="0.0" classname="Public.spaController">
    <ignored/>
  </testcase> <!-- getspadetails_v_2 -->
  <testcase name="getLocationsByCustomer_v3" time="0.0" classname="Public.customerControllerV3">
    <ignored/>
  </testcase> <!-- getLocationsByCustomer_v3 -->
  <testcase name="getOtheroptions_v2" time="0.0" classname="Public.customerController_v2">
    <ignored/>
  </testcase> <!-- getOtheroptions_v2 -->
  <testcase name="createSPA_v_2" time="0.0" classname="Public.createandcancelSpaV3">
    <ignored/>
  </testcase> <!-- createSPA_v_2 -->
  <testcase name="getOtheroptions_v2" time="0.0" classname="Public.customerControllerV3">
    <ignored/>
  </testcase> <!-- getOtheroptions_v2 -->
  <testcase name="putTaskCompleteNocharge_v3" time="0.0" classname="Public.ServiceOrderControllerV3">
    <ignored/>
  </testcase> <!-- putTaskCompleteNocharge_v3 -->
  <testcase name="putTaskCompleteNocharge_v2_3" time="0.0" classname="Public.ServiceOrderController">
    <ignored/>
  </testcase> <!-- putTaskCompleteNocharge_v2_3 -->
  <testcase name="postcreateServiceOrder_v2" time="0.0" classname="Public.ServiceOrderController">
    <ignored/>
  </testcase> <!-- postcreateServiceOrder_v2 -->
  <testcase name="putaddMeterReading_v_3" time="0.0" classname="Public.ServiceOrderControllerV3">
    <ignored/>
  </testcase> <!-- putaddMeterReading_v_3 -->
  <testcase name="lookupDepositId_v_3" time="0.0" classname="Private.DepositsControllerV3">
    <ignored/>
  </testcase> <!-- lookupDepositId_v_3 -->
  <testcase name="getlocationsByCustomerv_2_4" time="0.0" classname="Public.customerControllerV3">
    <ignored/>
  </testcase> <!-- getlocationsByCustomerv_2_4 -->
  <testcase name="postsmartlistfavorite_v_3" time="0.0" classname="Public.TestAPI">
    <ignored/>
  </testcase> <!-- postsmartlistfavorite_v_3 -->
  <testcase name="getBillInquirychargeSummary_v_3" time="0.0" classname="Private.transactionsControllerv3">
    <ignored/>
  </testcase> <!-- getBillInquirychargeSummary_v_3 -->
  <testcase name="putcustomerscollectionsOptionsv2" time="0.0" classname="Public.customerController_v2">
    <ignored/>
  </testcase> <!-- putcustomerscollectionsOptionsv2 -->
  <testcase name="getCustomer_v2" time="0.0" classname="Public.searchController">
    <ignored/>
  </testcase> <!-- getCustomer_v2 -->
  <testcase name="getheaderInfo_v_2" time="0.0" classname="Public.spaController">
    <ignored/>
  </testcase> <!-- getheaderInfo_v_2 -->
  <testcase name="getspaAccountBalances_v_2" time="0.0" classname="Public.spaController">
    <ignored/>
  </testcase> <!-- getspaAccountBalances_v_2 -->
  <testcase name="getpreauthorizepaymentplan_v2" time="0.0" classname="Public.customerControllerV3">
    <ignored/>
  </testcase> <!-- getpreauthorizepaymentplan_v2 -->
  <testcase name="getCollectionsoptions_v2" time="0.0" classname="Public.customerController_v2">
    <ignored/>
  </testcase> <!-- getCollectionsoptions_v2 -->
  <testcase name="createSPA_v_2" time="0.0" classname="Public.createandcancelSpa">
    <ignored/>
  </testcase> <!-- createSPA_v_2 -->
  <testcase name="getAccountBalancesV24" time="0.0" classname="Public.GetAccountBalances">
    <ignored/>
  </testcase> <!-- getAccountBalancesV24 -->
  <testcase name="putaddMiscCharge_v_3" time="0.0" classname="Public.ServiceOrderControllerV3">
    <ignored/>
  </testcase> <!-- putaddMiscCharge_v_3 -->
  <testcase name="putcustomersrolldownAddressCodev2" time="0.0" classname="Public.customerController_v2">
    <ignored/>
  </testcase> <!-- putcustomersrolldownAddressCodev2 -->
  <testcase name="getCollectionsoptions_v2" time="0.0" classname="Public.customerControllerV3">
    <ignored/>
  </testcase> <!-- getCollectionsoptions_v2 -->
  <testcase name="putspaCalculate_v_2" time="0.0" classname="Public.createandcancelSpaV3">
    <ignored/>
  </testcase> <!-- putspaCalculate_v_2 -->
  <testcase name="getServiceOrder_v2" time="0.0" classname="Public.ServiceOrderController">
    <ignored/>
  </testcase> <!-- getServiceOrder_v2 -->
  <testcase name="putupdatecomment_v_2" time="0.0" classname="Public.ServiceOrderController">
    <ignored/>
  </testcase> <!-- putupdatecomment_v_2 -->
  <testcase name="getCustomerBillingOptions_v2" time="0.0" classname="Public.customerControllerV3">
    <ignored/>
  </testcase> <!-- getCustomerBillingOptions_v2 -->
  <testcase name="recancelSPA_v_2" time="0.0" classname="Public.createandcancelSpaV3">
    <ignored/>
  </testcase> <!-- recancelSPA_v_2 -->
  <testcase name="getCustomerDetail_v_2" time="0.0" classname="Public.customerControllerV3">
    <ignored/>
  </testcase> <!-- getCustomerDetail_v_2 -->
  <testcase name="cancelSPA_v_2" time="0.0" classname="Public.createandcancelSpa">
    <ignored/>
  </testcase> <!-- cancelSPA_v_2 -->
  <testcase name="getspaAccountBalances_v_3" time="0.0" classname="Public.spaControllerV3">
    <ignored/>
  </testcase> <!-- getspaAccountBalances_v_3 -->
  <testcase name="elascticsearchcreateindex_v_2" time="0.0" classname="Public.searchController">
    <ignored/>
  </testcase> <!-- elascticsearchcreateindex_v_2 -->
  <testcase name="getCustomer_v3" time="0.0" classname="Public.searchControllerV3">
    <ignored/>
  </testcase> <!-- getCustomer_v3 -->
  <testcase name="postcreateServiceOrder_v2_3_1" time="0.0" classname="Public.ServiceOrderController">
    <ignored/>
  </testcase> <!-- postcreateServiceOrder_v2_3_1 -->
  <testcase name="putspaCalculate_v_2" time="0.0" classname="Public.createandcancelSpa">
    <ignored/>
  </testcase> <!-- putspaCalculate_v_2 -->
  <testcase name="putcustomersotherOptionsv2" time="0.0" classname="Public.customerControllerV3">
    <ignored/>
  </testcase> <!-- putcustomersotherOptionsv2 -->
  <testcase name="getServiceOrderRequestDetails_v3" time="0.0" classname="Public.ServiceOrderControllerV3">
    <ignored/>
  </testcase> <!-- getServiceOrderRequestDetails_v3 -->
  <testcase name="putswitchMeter_v_3" time="0.0" classname="Public.ServiceOrderControllerV3">
    <ignored/>
  </testcase> <!-- putswitchMeter_v_3 -->
  <testcase name="getCustomerDetail_v_2" time="0.0" classname="Public.customerController_v2">
    <ignored/>
  </testcase> <!-- getCustomerDetail_v_2 -->
  <testcase name="postsmartlistfavorite_v_3" time="0.0" classname="Private.SmartlistControllerV3">
    <ignored/>
  </testcase> <!-- postsmartlistfavorite_v_3 -->
  <testcase name="getBillInquirydistribution_v_3" time="0.0" classname="Private.transactionsControllerv3">
    <ignored/>
  </testcase> <!-- getBillInquirydistribution_v_3 -->
  <testcase name="getServicesByLocation_v_2" time="0.0" classname="Public.ServiceLocationv2">
    <ignored/>
  </testcase> <!-- getServicesByLocation_v_2 -->
  <testcase name="getconsumptionHistoryController" time="0.0" classname="Public.consumptionHistoryControllerV3">
    <ignored/>
  </testcase> <!-- getconsumptionHistoryController -->
  <testcase name="getCustomerBillingOptions_v2" time="0.0" classname="Public.customerController_v2">
    <ignored/>
  </testcase> <!-- getCustomerBillingOptions_v2 -->
  <testcase name="putaddMiscCharge_v_2" time="0.0" classname="Public.ServiceOrderController">
    <ignored/>
  </testcase> <!-- putaddMiscCharge_v_2 -->
  <testcase name="getAccountBalancesPortalv3" time="0.0" classname="Public.GetAccountBalancesV3">
    <ignored/>
  </testcase> <!-- getAccountBalancesPortalv3 -->
  <testcase name="postcreateServiceOrder_v2_ERROR" time="0.0" classname="Public.ServiceOrderController">
    <ignored/>
  </testcase> <!-- postcreateServiceOrder_v2_ERROR -->
  <testcase name="getindex_v3" time="0.0" classname="Public.searchControllerV3">
    <ignored/>
  </testcase> <!-- getindex_v3 -->
  <testcase name="getdepositpaymentPlan_v_3" time="0.0" classname="Private.DepositsControllerV3">
    <ignored/>
  </testcase> <!-- getdepositpaymentPlan_v_3 -->
  <testcase name="getAccountBalancesV2" time="0.0" classname="Public.GetAccountBalances">
    <ignored/>
  </testcase> <!-- getAccountBalancesV2 -->
  <testcase name="putcustomerbillingoptionv2" time="0.0" classname="Public.customerController_v2">
    <ignored/>
  </testcase> <!-- putcustomerbillingoptionv2 -->
  <testcase name="putcustomerscollectionsOptionsv2" time="0.0" classname="Public.customerControllerV3">
    <ignored/>
  </testcase> <!-- putcustomerscollectionsOptionsv2 -->
  <testcase name="putcustomersaddressv2" time="0.0" classname="Public.customerController_v2">
    <ignored/>
  </testcase> <!-- putcustomersaddressv2 -->
  <testcase name="getnextCustomerId_v2" time="0.0" classname="Public.customerControllerV3">
    <ignored/>
  </testcase> <!-- getnextCustomerId_v2 -->
</testsuite> <!-- Nexus Api Test Automation Regression Suit -->
