<?xml version="1.0" encoding="UTF-8"?>
<!-- Generated by org.testng.reporters.JUnitXMLReporter -->
<testsuite hostname="RND-BASE-A" ignored="23" name="Default test" tests="1" failures="0" timestamp="2024-03-19T04:44:34 PDT" time="1.561" errors="0">
  <testcase name="lookupMiscChargeDocuments" time="1.499" classname="Private.lookupControllerv4"/>
  <testcase name="lookupReadingTypev4" time="0.0" classname="Private.lookupControllerv4">
    <ignored/>
  </testcase> <!-- lookupReadingTypev4 -->
  <testcase name="lookupequipmentStatusv4" time="0.0" classname="Private.lookupControllerv4">
    <ignored/>
  </testcase> <!-- lookupequipmentStatusv4 -->
  <testcase name="lookupchargeType" time="0.0" classname="Private.lookupControllerv4">
    <ignored/>
  </testcase> <!-- lookupchargeType -->
  <testcase name="getapplyByService_Paymentsv4" time="0.0" classname="Private.lookupControllerv4">
    <ignored/>
  </testcase> <!-- getapplyByService_Paymentsv4 -->
  <testcase name="lookupcollectionnoticeType" time="0.0" classname="Private.lookupControllerv4">
    <ignored/>
  </testcase> <!-- lookupcollectionnoticeType -->
  <testcase name="lookupequipmentModelv4" time="0.0" classname="Private.lookupControllerv4">
    <ignored/>
  </testcase> <!-- lookupequipmentModelv4 -->
  <testcase name="getapplyByService_nonev4" time="0.0" classname="Private.lookupControllerv4">
    <ignored/>
  </testcase> <!-- getapplyByService_nonev4 -->
  <testcase name="lookupMeterReadv4" time="0.0" classname="Private.lookupControllerv4">
    <ignored/>
  </testcase> <!-- lookupMeterReadv4 -->
  <testcase name="lookupNsfReasonCodev4" time="0.0" classname="Private.lookupControllerv4">
    <ignored/>
  </testcase> <!-- lookupNsfReasonCodev4 -->
  <testcase name="lookupkvaReadingType" time="0.0" classname="Private.lookupControllerv4">
    <ignored/>
  </testcase> <!-- lookupkvaReadingType -->
  <testcase name="lookupdocumentTypev4" time="0.0" classname="Private.lookupControllerv4">
    <ignored/>
  </testcase> <!-- lookupdocumentTypev4 -->
  <testcase name="lookupbillType" time="0.0" classname="Private.lookupControllerv4">
    <ignored/>
  </testcase> <!-- lookupbillType -->
  <testcase name="lookupequipmentClassv4" time="0.0" classname="Private.lookupControllerv4">
    <ignored/>
  </testcase> <!-- lookupequipmentClassv4 -->
  <testcase name="lookupCheckBookv4" time="0.0" classname="Private.lookupControllerv4">
    <ignored/>
  </testcase> <!-- lookupCheckBookv4 -->
  <testcase name="lookupMetergroup4" time="0.0" classname="Private.lookupControllerv4">
    <ignored/>
  </testcase> <!-- lookupMetergroup4 -->
  <testcase name="lookupbillingPrepareType" time="0.0" classname="Private.lookupControllerv4">
    <ignored/>
  </testcase> <!-- lookupbillingPrepareType -->
  <testcase name="lookupequipmentTypev4" time="0.0" classname="Private.lookupControllerv4">
    <ignored/>
  </testcase> <!-- lookupequipmentTypev4 -->
  <testcase name="getapplyByService_v4" time="0.0" classname="Private.lookupControllerv4">
    <ignored/>
  </testcase> <!-- getapplyByService_v4 -->
  <testcase name="lookupequipmentNetMetervType4" time="0.0" classname="Private.lookupControllerv4">
    <ignored/>
  </testcase> <!-- lookupequipmentNetMetervType4 -->
  <testcase name="lookupbillingCyclePeriod" time="0.0" classname="Private.lookupControllerv4">
    <ignored/>
  </testcase> <!-- lookupbillingCyclePeriod -->
  <testcase name="lookupEquipmentAttributeProtection4" time="0.0" classname="Private.lookupControllerv4">
    <ignored/>
  </testcase> <!-- lookupEquipmentAttributeProtection4 -->
  <testcase name="lookupEquipmentRegisterCode4" time="0.0" classname="Private.lookupControllerv4">
    <ignored/>
  </testcase> <!-- lookupEquipmentRegisterCode4 -->
  <testcase name="lookupzonev4" time="0.0" classname="Private.lookupControllerv4">
    <ignored/>
  </testcase> <!-- lookupzonev4 -->
</testsuite> <!-- Default test -->
