<?xml version="1.0" encoding="UTF-8"?>
<!-- Generated by org.testng.reporters.JUnitXMLReporter -->
<testsuite hostname="RND-BASE-A" ignored="0" name="Default test" tests="5" failures="1" timestamp="2023-08-22T22:55:38 PDT" time="4.962" errors="0">
  <testcase name="lookupMetergroup4" time="3.458" classname="Private.lookupControllerv4"/>
  <testcase name="getapplyByService_Paymentsv4" time="0.35" classname="Private.lookupControllerv4"/>
  <testcase name="getapplyByService_nonev4" time="0.363" classname="Private.lookupControllerv4"/>
  <testcase name="getapplyByService_v4" time="0.303" classname="Private.lookupControllerv4">
    <failure type="java.lang.AssertionError" message="{&amp;quot;Batch&amp;quot;:[{&amp;quot;Id&amp;quot;:&amp;quot;000700&amp;quot;,&amp;quot;Description&amp;quot;:&amp;quot;&amp;quot;},{&amp;quot;Id&amp;quot;:&amp;quot;10001&amp;quot;,&amp;quot;Description&amp;quot;:&amp;quot;&amp;quot;},{&amp;quot;Id&amp;quot;:&amp;quot;1001&amp;quot;,&amp;quot;Description&amp;quot;:&amp;quot;&amp;quot;},{&amp;quot;Id&amp;quot;:&amp;quot;100111&amp;quot;,&amp;quot;Description&amp;quot;:&amp;quot;&amp;quot;},{&amp;quot;Id&amp;quot;:&amp;quot;10111&amp;quot;,&amp;quot;Description&amp;quot;:&amp;quot;&amp;quot;},{&amp;quot;Id&amp;quot;:&amp;quot;109090ABC&amp;quot;,&amp;quot;Description&amp;quot;:&amp;quot;&amp;quot;},{&amp;quot;Id&amp;quot;:&amp;quot;12312312&amp;quot;,&amp;quot;Description&amp;quot;:&amp;quot;&amp;quot;},{&amp;quot;Id&amp;quot;:&amp;quot;12345&amp;quot;,&amp;quot;Description&amp;quot;:&amp;quot;&amp;quot;},{&amp;quot;Id&amp;quot;:&amp;quot;2.0.0&amp;quot;,&amp;quot;Description&amp;quot;:&amp;quot;&amp;quot;},{&amp;quot;Id&amp;quot;:&amp;quot;ABC10001&amp;quot;,&amp;quot;Description&amp;quot;:&amp;quot;&amp;quot;},{&amp;quot;Id&amp;quot;:&amp;quot;ABC1213&amp;quot;,&amp;quot;Description&amp;quot;:&amp;quot;&amp;quot;},{&amp;quot;Id&amp;quot;:&amp;quot;API 20190430&amp;quot;,&amp;quot;Description&amp;quot;:&amp;quot;Payments from Web Service - API&amp;quot;},{&amp;quot;Id&amp;quot;:&amp;quot;API 20190503&amp;quot;,&amp;quot;Description&amp;quot;:&amp;quot;Payments from Web Service - API&amp;quot;},{&amp;quot;Id&amp;quot;:&amp;quot;API20220908001&amp;quot;,&amp;quot;Description&amp;quot;:&amp;quot;Payments from Nexus Api - API&amp;quot;},{&amp;quot;Id&amp;quot;:&amp;quot;API20220929001&amp;quot;,&amp;quot;Description&amp;quot;:&amp;quot;Payments from Nexus Api - API&amp;quot;},{&amp;quot;Id&amp;quot;:&amp;quot;API20230821001&amp;quot;,&amp;quot;Description&amp;quot;:&amp;quot;Payments from Nexus Api - API&amp;quot;},{&amp;quot;Id&amp;quot;:&amp;quot;API8222023&amp;quot;,&amp;quot;Description&amp;quot;:&amp;quot;&amp;quot;},{&amp;quot;Id&amp;quot;:&amp;quot;BAT012301203&amp;quot;,&amp;quot;Description&amp;quot;:&amp;quot;&amp;quot;},{&amp;quot;Id&amp;quot;:&amp;quot;BAT1&amp;quot;,&amp;quot;Description&amp;quot;:&amp;quot;&amp;quot;},{&amp;quot;Id&amp;quot;:&amp;quot;BAT10123123&amp;quot;,&amp;quot;Description&amp;quot;:&amp;quot;&amp;quot;},{&amp;quot;Id&amp;quot;:&amp;quot;BT1231&amp;quot;,&amp;quot;Description&amp;quot;:&amp;quot;&amp;quot;},{&amp;quot;Id&amp;quot;:&amp;quot;CHEQ1&amp;quot;,&amp;quot;Description&amp;quot;:&amp;quot;&amp;quot;},{&amp;quot;Id&amp;quot;:&amp;quot;CHK041227sa01&amp;quot;,&amp;quot;Description&amp;quot;:&amp;quot;CHEQUE&amp;quot;},{&amp;quot;Id&amp;quot;:&amp;quot;DPP041227sa01&amp;quot;,&amp;quot;Description&amp;quot;:&amp;quot;PYMT&amp;quot;},{&amp;quot;Id&amp;quot;:&amp;quot;MISC10001&amp;quot;,&amp;quot;Description&amp;quot;:&amp;quot;&amp;quot;},{&amp;quot;Id&amp;quot;:&amp;quot;NADMC2022093001&amp;quot;,&amp;quot;Description&amp;quot;:&amp;quot;API Deposit Misc Charge&amp;quot;},{&amp;quot;Id&amp;quot;:&amp;quot;RM(3)120427&amp;quot;,&amp;quot;Description&amp;quot;:&amp;quot;&amp;quot;},{&amp;quot;Id&amp;quot;:&amp;quot;Test Batch&amp;quot;,&amp;quot;Description&amp;quot;:&amp;quot;&amp;quot;},{&amp;quot;Id&amp;quot;:&amp;quot;TEST109&amp;quot;,&amp;quot;Description&amp;quot;:&amp;quot;&amp;quot;},{&amp;quot;Id&amp;quot;:&amp;quot;WO101619CRP001&amp;quot;,&amp;quot;Description&amp;quot;:&amp;quot;Write Off - sa&amp;quot;}]}">
      <![CDATA[java.lang.AssertionError: {"Batch":[{"Id":"000700","Description":""},{"Id":"10001","Description":""},{"Id":"1001","Description":""},{"Id":"100111","Description":""},{"Id":"10111","Description":""},{"Id":"109090ABC","Description":""},{"Id":"12312312","Description":""},{"Id":"12345","Description":""},{"Id":"2.0.0","Description":""},{"Id":"ABC10001","Description":""},{"Id":"ABC1213","Description":""},{"Id":"API 20190430","Description":"Payments from Web Service - API"},{"Id":"API 20190503","Description":"Payments from Web Service - API"},{"Id":"API20220908001","Description":"Payments from Nexus Api - API"},{"Id":"API20220929001","Description":"Payments from Nexus Api - API"},{"Id":"API20230821001","Description":"Payments from Nexus Api - API"},{"Id":"API8222023","Description":""},{"Id":"BAT012301203","Description":""},{"Id":"BAT1","Description":""},{"Id":"BAT10123123","Description":""},{"Id":"BT1231","Description":""},{"Id":"CHEQ1","Description":""},{"Id":"CHK041227sa01","Description":"CHEQUE"},{"Id":"DPP041227sa01","Description":"PYMT"},{"Id":"MISC10001","Description":""},{"Id":"NADMC2022093001","Description":"API Deposit Misc Charge"},{"Id":"RM(3)120427","Description":""},{"Id":"Test Batch","Description":""},{"Id":"TEST109","Description":""},{"Id":"WO101619CRP001","Description":"Write Off - sa"}]}
at org.junit.Assert.fail(Assert.java:93)
at Private.lookupControllerv4.getapplyByService_v4(lookupControllerv4.java:26)
at sun.reflect.NativeMethodAccessorImpl.invoke0(Native Method)
at sun.reflect.NativeMethodAccessorImpl.invoke(NativeMethodAccessorImpl.java:62)
at sun.reflect.DelegatingMethodAccessorImpl.invoke(DelegatingMethodAccessorImpl.java:43)
at java.lang.reflect.Method.invoke(Method.java:498)
at org.testng.internal.MethodInvocationHelper.invokeMethod(MethodInvocationHelper.java:133)
at org.testng.internal.TestInvoker.invokeMethod(TestInvoker.java:598)
at org.testng.internal.TestInvoker.invokeTestMethod(TestInvoker.java:173)
at org.testng.internal.MethodRunner.runInSequence(MethodRunner.java:46)
at org.testng.internal.TestInvoker$MethodInvocationAgent.invoke(TestInvoker.java:824)
at org.testng.internal.TestInvoker.invokeTestMethods(TestInvoker.java:146)
at org.testng.internal.TestMethodWorker.invokeTestMethods(TestMethodWorker.java:146)
at org.testng.internal.TestMethodWorker.run(TestMethodWorker.java:128)
at java.util.ArrayList.forEach(ArrayList.java:1257)
at org.testng.TestRunner.privateRun(TestRunner.java:794)
at org.testng.TestRunner.run(TestRunner.java:596)
at org.testng.SuiteRunner.runTest(SuiteRunner.java:377)
at org.testng.SuiteRunner.runSequentially(SuiteRunner.java:371)
at org.testng.SuiteRunner.privateRun(SuiteRunner.java:332)
at org.testng.SuiteRunner.run(SuiteRunner.java:276)
at org.testng.SuiteRunnerWorker.runSuite(SuiteRunnerWorker.java:53)
at org.testng.SuiteRunnerWorker.run(SuiteRunnerWorker.java:96)
at org.testng.TestNG.runSuitesSequentially(TestNG.java:1212)
at org.testng.TestNG.runSuitesLocally(TestNG.java:1134)
at org.testng.TestNG.runSuites(TestNG.java:1063)
at org.testng.TestNG.run(TestNG.java:1031)
at org.testng.remote.AbstractRemoteTestNG.run(AbstractRemoteTestNG.java:115)
at org.testng.remote.RemoteTestNG.initAndRun(RemoteTestNG.java:251)
at org.testng.remote.RemoteTestNG.main(RemoteTestNG.java:77)
]]>
    </failure>
  </testcase> <!-- getapplyByService_v4 -->
  <testcase name="lookupCheckBookv4" time="0.304" classname="Private.lookupControllerv4"/>
</testsuite> <!-- Default test -->
