<?xml version="1.0" encoding="UTF-8"?>
<!-- Generated by org.testng.reporters.JUnitXMLReporter -->
<testsuite hostname="RND-BASE-A" ignored="0" name="Nexus Api Test Automation Regression Suit" tests="128" failures="6" timestamp="2023-02-24T00:31:19 PST" time="128.498" errors="0">
  <testcase name="getdeposit_v_3" time="5.518" classname="Private.DepositsControllerV3"/>
  <testcase name="getdepositpaymentPlan_v_3" time="0.747" classname="Private.DepositsControllerV3"/>
  <testcase name="lookupDepositId_v_3" time="0.504" classname="Private.DepositsControllerV3"/>
  <testcase name="postsmartlistfavorite_v_3" time="0.687" classname="Private.SmartlistControllerV3"/>
  <testcase name="TC003_getCashin" time="3.043" classname="Public.CashieringGet"/>
  <testcase name="TC003_1_getCashin" time="0.442" classname="Public.CashieringGet"/>
  <testcase name="TC004_balances" time="2.535" classname="Public.CashieringGet"/>
  <testcase name="TC003_getnextReceipt" time="0.747" classname="Public.CashieringGet"/>
  <testcase name="TC004_getReceipt" time="1.092" classname="Public.CashieringGet"/>
  <testcase name="TC005_getRegisterInfo" time="0.536" classname="Public.CashieringGet"/>
  <testcase name="TC006_gettransactions" time="1.458" classname="Public.CashieringGet"/>
  <testcase name="TC007_getAutoApply" time="3.471" classname="Public.CashieringGet"/>
  <testcase name="getTransactions_v_2" time="2.081" classname="Private.transactionsController"/>
  <testcase name="TC003_getCashin" time="0.373" classname="Public.CashieringGetV3"/>
  <testcase name="TC004_balances" time="0.46" classname="Public.CashieringGetV3"/>
  <testcase name="TC003_getnextReceipt" time="0.498" classname="Public.CashieringGetV3"/>
  <testcase name="TC004_getReceipt" time="0.621" classname="Public.CashieringGetV3"/>
  <testcase name="TC005_getRegisterInfo" time="0.691" classname="Public.CashieringGetV3"/>
  <testcase name="TC006_gettransactions" time="0.483" classname="Public.CashieringGetV3"/>
  <testcase name="TC007_getAutoApply" time="0.605" classname="Public.CashieringGetV3"/>
  <testcase name="TC001_saveReciept" time="9.963" classname="Public.CashieringPost"/>
  <testcase name="TC002_RecieptAdjustment" time="0.508" classname="Public.CashieringPost"/>
  <testcase name="TC001_saveReciept" time="6.581" classname="Public.CashieringPostV3"/>
  <testcase name="TC002_RecieptAdjustment" time="0.362" classname="Public.CashieringPostV3"/>
  <testcase name="getconsumptionHistoryController" time="1.903" classname="Public.consumptionHistoryController"/>
  <testcase name="getconsumptionHistoryController" time="0.843" classname="Public.consumptionHistoryControllerV3"/>
  <testcase name="cancelSPA_v_2" time="0.388" classname="Public.createandcancelSpa"/>
  <testcase name="createSPA_v_2" time="1.307" classname="Public.createandcancelSpa"/>
  <testcase name="putspaCalculate_v_2" time="0.5" classname="Public.createandcancelSpa"/>
  <testcase name="recancelSPA_v_2" time="1.865" classname="Public.createandcancelSpa"/>
  <testcase name="cancelSPA_v_2" time="0.359" classname="Public.createandcancelSpaV3"/>
  <testcase name="createSPA_v_2" time="0.328" classname="Public.createandcancelSpaV3"/>
  <testcase name="putspaCalculate_v_2" time="0.34" classname="Public.createandcancelSpaV3"/>
  <testcase name="recancelSPA_v_2" time="0.814" classname="Public.createandcancelSpaV3"/>
  <testcase name="getCustomerDetail_v_2" time="2.93" classname="Public.customerControllerV3"/>
  <testcase name="getCustomerbylocation_v_2" time="0.375" classname="Public.customerControllerV3"/>
  <testcase name="getCustomerBillingOptions_v2" time="0.555" classname="Public.customerControllerV3"/>
  <testcase name="getCollectionsoptions_v2" time="0.611" classname="Public.customerControllerV3"/>
  <testcase name="getOtheroptions_v2" time="0.482" classname="Public.customerControllerV3"/>
  <testcase name="getinfolabels_v2" time="0.353" classname="Public.customerControllerV3"/>
  <testcase name="getlocationsByCustomerv_2_4" time="1.036" classname="Public.customerControllerV3"/>
  <testcase name="getlocationsByCustomerv_2_4_ExcludeFormer" time="0.318" classname="Public.customerControllerV3"/>
  <testcase name="getLocationsByCustomer_v3" time="0.344" classname="Public.customerControllerV3"/>
  <testcase name="getnextCustomerId_v2" time="0.368" classname="Public.customerControllerV3"/>
  <testcase name="getCustomerDetail_v3" time="0.459" classname="Public.customerControllerV3"/>
  <testcase name="getpreauthorizepaymentplan_v2" time="0.474" classname="Public.customerControllerV3"/>
  <testcase name="putcustomersaddressv2" time="1.053" classname="Public.customerControllerV3"/>
  <testcase name="putcustomerbillingoptionv2" time="0.532" classname="Public.customerControllerV3"/>
  <testcase name="putcustomerscollectionsOptionsv2" time="0.557" classname="Public.customerControllerV3"/>
  <testcase name="putcustomersotherOptionsv2" time="0.477" classname="Public.customerControllerV3"/>
  <testcase name="putcustomersrolldownAddressCodev2" time="0.463" classname="Public.customerControllerV3"/>
  <testcase name="getlocationsByCustomerv_1" time="0.337" classname="Public.customerController_v1">
    <failure type="java.lang.AssertionError" message="1 expectation failed.
Response body doesn&amp;apos;t match expectation.
Expected: &amp;quot;{\&amp;quot;LocationsByCustomer\&amp;quot;:[{\&amp;quot;PageNumber\&amp;quot;:1,\&amp;quot;TotalPages\&amp;quot;:1,\&amp;quot;Customer\&amp;quot;:[{\&amp;quot;Id\&amp;quot;:\&amp;quot;AUTO1001\&amp;quot;,\&amp;quot;Type\&amp;quot;:\&amp;quot;Primary\&amp;quot;,\&amp;quot;Name\&amp;quot;:\&amp;quot;Mr. Auto Former\&amp;quot;,\&amp;quot;Title\&amp;quot;:\&amp;quot;Mr.\&amp;quot;,\&amp;quot;FirstName\&amp;quot;:\&amp;quot;Auto\&amp;quot;,\&amp;quot;MiddleName\&amp;quot;:\&amp;quot;\&amp;quot;,\&amp;quot;LastName\&amp;quot;:\&amp;quot;Former\&amp;quot;}],\&amp;quot;Location\&amp;quot;:[{\&amp;quot;Id\&amp;quot;:\&amp;quot;LOCATION008\&amp;quot;,\&amp;quot;STATUS\&amp;quot;:\&amp;quot;Move In\&amp;quot;,\&amp;quot;Class\&amp;quot;:\&amp;quot;\&amp;quot;,\&amp;quot;ServiceAddress\&amp;quot;:[{\&amp;quot;Line1\&amp;quot;:\&amp;quot;4 Water st UNIT 145\&amp;quot;,\&amp;quot;City\&amp;quot;:\&amp;quot;NEW YORK\&amp;quot;,\&amp;quot;State\&amp;quot;:\&amp;quot;NY\&amp;quot;,\&amp;quot;ZipCode\&amp;quot;:\&amp;quot;12311\&amp;quot;,\&amp;quot;Country\&amp;quot;:\&amp;quot;USA\&amp;quot;}],\&amp;quot;PrimaryCustomerId\&amp;quot;:\&amp;quot;AUTO1001\&amp;quot;,\&amp;quot;FinanciallyResponsible\&amp;quot;:true,\&amp;quot;AccountBalance\&amp;quot;:0,\&amp;quot;MasterIncluded\&amp;quot;:\&amp;quot;0\&amp;quot;,\&amp;quot;MoveInDate\&amp;quot;:\&amp;quot;\&amp;quot;,\&amp;quot;MoveOutDate\&amp;quot;:\&amp;quot;\&amp;quot;,\&amp;quot;ZoneId\&amp;quot;:\&amp;quot;2\&amp;quot;,\&amp;quot;RouteId\&amp;quot;:\&amp;quot;ROUTEE001\&amp;quot;,\&amp;quot;CycleId\&amp;quot;:\&amp;quot;TESTCYCLEQUART\&amp;quot;,\&amp;quot;RelatedCustomers\&amp;quot;:[{\&amp;quot;Label\&amp;quot;:\&amp;quot;Owner ID                      \&amp;quot;,\&amp;quot;CustomerId\&amp;quot;:\&amp;quot;CUSTOMER009\&amp;quot;,\&amp;quot;CustomerName\&amp;quot;:\&amp;quot;Contour\&amp;quot;},{\&amp;quot;Label\&amp;quot;:\&amp;quot;Tenant                        \&amp;quot;,\&amp;quot;CustomerId\&amp;quot;:\&amp;quot;AUTO1001\&amp;quot;,\&amp;quot;CustomerName\&amp;quot;:\&amp;quot;Mr. Auto Former\&amp;quot;},{\&amp;quot;Label\&amp;quot;:\&amp;quot;Landlord                      \&amp;quot;,\&amp;quot;CustomerId\&amp;quot;:\&amp;quot;\&amp;quot;,\&amp;quot;CustomerName\&amp;quot;:\&amp;quot;\&amp;quot;}]}]}]}&amp;quot;
  Actual: {&amp;quot;result&amp;quot;:{&amp;quot;Success&amp;quot;:false,&amp;quot;Message&amp;quot;:&amp;quot;Not Found&amp;quot;}}
">
      <![CDATA[java.lang.AssertionError: 1 expectation failed.
Response body doesn't match expectation.
Expected: "{\"LocationsByCustomer\":[{\"PageNumber\":1,\"TotalPages\":1,\"Customer\":[{\"Id\":\"AUTO1001\",\"Type\":\"Primary\",\"Name\":\"Mr. Auto Former\",\"Title\":\"Mr.\",\"FirstName\":\"Auto\",\"MiddleName\":\"\",\"LastName\":\"Former\"}],\"Location\":[{\"Id\":\"LOCATION008\",\"STATUS\":\"Move In\",\"Class\":\"\",\"ServiceAddress\":[{\"Line1\":\"4 Water st UNIT 145\",\"City\":\"NEW YORK\",\"State\":\"NY\",\"ZipCode\":\"12311\",\"Country\":\"USA\"}],\"PrimaryCustomerId\":\"AUTO1001\",\"FinanciallyResponsible\":true,\"AccountBalance\":0,\"MasterIncluded\":\"0\",\"MoveInDate\":\"\",\"MoveOutDate\":\"\",\"ZoneId\":\"2\",\"RouteId\":\"ROUTEE001\",\"CycleId\":\"TESTCYCLEQUART\",\"RelatedCustomers\":[{\"Label\":\"Owner ID                      \",\"CustomerId\":\"CUSTOMER009\",\"CustomerName\":\"Contour\"},{\"Label\":\"Tenant                        \",\"CustomerId\":\"AUTO1001\",\"CustomerName\":\"Mr. Auto Former\"},{\"Label\":\"Landlord                      \",\"CustomerId\":\"\",\"CustomerName\":\"\"}]}]}]}"
  Actual: {"result":{"Success":false,"Message":"Not Found"}}

at org.codehaus.groovy.runtime.callsite.ConstructorSite$ConstructorSiteNoUnwrap.callConstructor(ConstructorSite.java:84)
at org.codehaus.groovy.runtime.callsite.CallSiteArray.defaultCallConstructor(CallSiteArray.java:59)
at org.codehaus.groovy.runtime.callsite.AbstractCallSite.callConstructor(AbstractCallSite.java:237)
at org.codehaus.groovy.runtime.callsite.AbstractCallSite.callConstructor(AbstractCallSite.java:249)
at io.restassured.internal.ResponseSpecificationImpl$HamcrestAssertionClosure.validate(ResponseSpecificationImpl.groovy:493)
at io.restassured.internal.ResponseSpecificationImpl$HamcrestAssertionClosure$validate$1.call(Unknown Source)
at io.restassured.internal.ResponseSpecificationImpl.validateResponseIfRequired(ResponseSpecificationImpl.groovy:674)
at org.codehaus.groovy.runtime.callsite.PlainObjectMetaMethodSite.doInvoke(PlainObjectMetaMethodSite.java:43)
at org.codehaus.groovy.runtime.callsite.PogoMetaMethodSite$PogoCachedMethodSiteNoUnwrapNoCoerce.invoke(PogoMetaMethodSite.java:190)
at org.codehaus.groovy.runtime.callsite.PogoMetaMethodSite.callCurrent(PogoMetaMethodSite.java:58)
at org.codehaus.groovy.runtime.callsite.AbstractCallSite.callCurrent(AbstractCallSite.java:168)
at io.restassured.internal.ResponseSpecificationImpl.body(ResponseSpecificationImpl.groovy:98)
at io.restassured.internal.ValidatableResponseOptionsImpl.body(ValidatableResponseOptionsImpl.java:238)
at io.restassured.internal.ValidatableResponseImpl.super$2$body(ValidatableResponseImpl.groovy)
at groovy.lang.MetaMethod.doMethodInvoke(MetaMethod.java:323)
at groovy.lang.MetaClassImpl.invokeMethod(MetaClassImpl.java:1217)
at org.codehaus.groovy.runtime.ScriptBytecodeAdapter.invokeMethodOnSuperN(ScriptBytecodeAdapter.java:144)
at io.restassured.internal.ValidatableResponseImpl.body(ValidatableResponseImpl.groovy:293)
at io.restassured.internal.ValidatableResponseImpl.body(ValidatableResponseImpl.groovy)
at com.NexustAPIAutomation.java.CommonMethods.getMethod(CommonMethods.java:412)
at Public.customerController_v1.getlocationsByCustomerv_1(customerController_v1.java:31)
at java.util.ArrayList.forEach(ArrayList.java:1257)
... Removed 40 stack frames]]>
    </failure>
  </testcase> <!-- getlocationsByCustomerv_1 -->
  <testcase name="getCustomerDetail_v_2" time="0.343" classname="Public.customerController_v2"/>
  <testcase name="getCustomerbylocation_v_2" time="0.313" classname="Public.customerController_v2"/>
  <testcase name="getCustomerBillingOptions_v2" time="0.315" classname="Public.customerController_v2"/>
  <testcase name="getCollectionsoptions_v2" time="0.323" classname="Public.customerController_v2"/>
  <testcase name="getOtheroptions_v2" time="0.292" classname="Public.customerController_v2"/>
  <testcase name="getinfolabels_v2" time="0.31" classname="Public.customerController_v2"/>
  <testcase name="getLocationsByCustomer_v2" time="0.588" classname="Public.customerController_v2"/>
  <testcase name="getnextCustomerId_v2" time="0.486" classname="Public.customerController_v2"/>
  <testcase name="getCustomerDetail_v2" time="0.342" classname="Public.customerController_v2"/>
  <testcase name="getpreauthorizepaymentplan_v2" time="0.383" classname="Public.customerController_v2"/>
  <testcase name="putcustomersaddressv2" time="0.802" classname="Public.customerController_v2"/>
  <testcase name="putcustomerbillingoptionv2" time="0.361" classname="Public.customerController_v2"/>
  <testcase name="putcustomerscollectionsOptionsv2" time="0.377" classname="Public.customerController_v2"/>
  <testcase name="putcustomersotherOptionsv2" time="0.315" classname="Public.customerController_v2"/>
  <testcase name="putcustomersrolldownAddressCodev2" time="0.307" classname="Public.customerController_v2"/>
  <testcase name="getlocationsByCustomerv_2_4" time="1.053" classname="Public.customerController_v2_4"/>
  <testcase name="getAccountBalancesV2" time="4.448" classname="Public.GetAccountBalances"/>
  <testcase name="getAccountBalancesV24" time="0.747" classname="Public.GetAccountBalances"/>
  <testcase name="getAccountBalancesPortalv2_4" time="1.17" classname="Public.GetAccountBalances"/>
  <testcase name="getAccountBalancesV3" time="0.475" classname="Public.GetAccountBalancesV3"/>
  <testcase name="getAccountBalancesPortalv3" time="0.723" classname="Public.GetAccountBalancesV3"/>
  <testcase name="getAccountBalancesPortalv3Paymentatwork" time="0.701" classname="Public.GetAccountBalancesV3"/>
  <testcase name="postPaymentv2" time="3.443" classname="Public.PaymentExtension"/>
  <testcase name="paymentExtensionv2" time="1.517" classname="Public.PaymentExtension"/>
  <testcase name="postPaymentv2_2" time="0.312" classname="Public.PaymentExtension"/>
  <testcase name="postPaymentv3" time="0.435" classname="Public.PaymentExtensionV3"/>
  <testcase name="paymentExtensionv3" time="0.356" classname="Public.PaymentExtensionV3"/>
  <testcase name="elascticsearchcreateindex_v_2" time="0.293" classname="Public.searchController"/>
  <testcase name="getCustomer_v2" time="0.396" classname="Public.searchController"/>
  <testcase name="getindex_v2" time="0.393" classname="Public.searchController"/>
  <testcase name="elascticsearchcreateindex_v_3" time="0.299" classname="Public.searchControllerV3"/>
  <testcase name="getAccounts_v_3" time="1.193" classname="Public.searchControllerV3">
    <failure type="java.lang.AssertionError" message="1 expectation failed.
Response body doesn&amp;apos;t match expectation.
Expected: &amp;quot;{\&amp;quot;result\&amp;quot;:[{\&amp;quot;AccountNumber\&amp;quot;:\&amp;quot;ELECWAT001-CUSTOMER007\&amp;quot;,\&amp;quot;CustomerId\&amp;quot;:\&amp;quot;CUSTOMER007\&amp;quot;,\&amp;quot;LocationId\&amp;quot;:\&amp;quot;ELECWAT001\&amp;quot;,\&amp;quot;CustomerName\&amp;quot;:\&amp;quot;MacKenzie, Sally E\&amp;quot;,\&amp;quot;CustomerStatus\&amp;quot;:\&amp;quot;Current\&amp;quot;,\&amp;quot;CustomerType\&amp;quot;:\&amp;quot;Individual\&amp;quot;,\&amp;quot;ServiceAddress.Line1\&amp;quot;:\&amp;quot;12 A GRAFTON n 4\&amp;quot;,\&amp;quot;ServiceAddress.City\&amp;quot;:\&amp;quot;NEW YORK\&amp;quot;,\&amp;quot;ServiceAddress.State\&amp;quot;:\&amp;quot;NY\&amp;quot;,\&amp;quot;ServiceAddress.ZipCode\&amp;quot;:\&amp;quot;12123\&amp;quot;,\&amp;quot;ServiceAddress.Country\&amp;quot;:\&amp;quot;USA\&amp;quot;,\&amp;quot;EmailAddress\&amp;quot;:\&amp;quot;\&amp;quot;,\&amp;quot;PhoneNumber\&amp;quot;:\&amp;quot;90289481380000\&amp;quot;,\&amp;quot;AccountBalance\&amp;quot;:\&amp;quot;77.74\&amp;quot;,\&amp;quot;DueDate\&amp;quot;:\&amp;quot;2019/10/05\&amp;quot;,\&amp;quot;PrimaryCustomerID\&amp;quot;:\&amp;quot;CUSTOMER007\&amp;quot;},{\&amp;quot;AccountNumber\&amp;quot;:\&amp;quot;LOCATION006-CUSTOMER007\&amp;quot;,\&amp;quot;CustomerId\&amp;quot;:\&amp;quot;CUSTOMER007\&amp;quot;,\&amp;quot;LocationId\&amp;quot;:\&amp;quot;LOCATION006\&amp;quot;,\&amp;quot;CustomerName\&amp;quot;:\&amp;quot;MacKenzie, Sally E\&amp;quot;,\&amp;quot;CustomerStatus\&amp;quot;:\&amp;quot;Current\&amp;quot;,\&amp;quot;CustomerType\&amp;quot;:\&amp;quot;Individual\&amp;quot;,\&amp;quot;ServiceAddress.Line1\&amp;quot;:\&amp;quot;4 Water 145\&amp;quot;,\&amp;quot;ServiceAddress.City\&amp;quot;:\&amp;quot;NEW YORK\&amp;quot;,\&amp;quot;ServiceAddress.State\&amp;quot;:\&amp;quot;NY\&amp;quot;,\&amp;quot;ServiceAddress.ZipCode\&amp;quot;:\&amp;quot;12121\&amp;quot;,\&amp;quot;ServiceAddress.Country\&amp;quot;:\&amp;quot;USA\&amp;quot;,\&amp;quot;EmailAddress\&amp;quot;:\&amp;quot;\&amp;quot;,\&amp;quot;PhoneNumber\&amp;quot;:\&amp;quot;90289481380000\&amp;quot;,\&amp;quot;AccountBalance\&amp;quot;:\&amp;quot;48.30\&amp;quot;,\&amp;quot;DueDate\&amp;quot;:\&amp;quot;2000/05/01\&amp;quot;,\&amp;quot;PrimaryCustomerID\&amp;quot;:\&amp;quot;CUSTOMER007\&amp;quot;},{\&amp;quot;AccountNumber\&amp;quot;:\&amp;quot;WATER002-CUSTOMER007\&amp;quot;,\&amp;quot;CustomerId\&amp;quot;:\&amp;quot;CUSTOMER007\&amp;quot;,\&amp;quot;LocationId\&amp;quot;:\&amp;quot;WATER002\&amp;quot;,\&amp;quot;CustomerName\&amp;quot;:\&amp;quot;MacKenzie, Sally E\&amp;quot;,\&amp;quot;CustomerStatus\&amp;quot;:\&amp;quot;Former\&amp;quot;,\&amp;quot;CustomerType\&amp;quot;:\&amp;quot;Individual\&amp;quot;,\&amp;quot;ServiceAddress.Line1\&amp;quot;:\&amp;quot;100 Water\&amp;quot;,\&amp;quot;ServiceAddress.City\&amp;quot;:\&amp;quot;NEW YORK\&amp;quot;,\&amp;quot;ServiceAddress.State\&amp;quot;:\&amp;quot;NY\&amp;quot;,\&amp;quot;ServiceAddress.ZipCode\&amp;quot;:\&amp;quot;32541\&amp;quot;,\&amp;quot;ServiceAddress.Country\&amp;quot;:\&amp;quot;USA\&amp;quot;,\&amp;quot;EmailAddress\&amp;quot;:\&amp;quot;\&amp;quot;,\&amp;quot;PhoneNumber\&amp;quot;:\&amp;quot;90289481380000\&amp;quot;,\&amp;quot;AccountBalance\&amp;quot;:\&amp;quot;368.77\&amp;quot;,\&amp;quot;DueDate\&amp;quot;:\&amp;quot;1997/08/14\&amp;quot;,\&amp;quot;PrimaryCustomerID\&amp;quot;:\&amp;quot;CUSTOMER007\&amp;quot;}]}&amp;quot;
  Actual: {&amp;quot;result&amp;quot;:[{&amp;quot;AccountNumber&amp;quot;:&amp;quot;ELECWAT001-CUSTOMER007&amp;quot;,&amp;quot;CustomerId&amp;quot;:&amp;quot;CUSTOMER007&amp;quot;,&amp;quot;LocationId&amp;quot;:&amp;quot;ELECWAT001&amp;quot;,&amp;quot;CustomerName&amp;quot;:&amp;quot;MacKenzie, Sally E&amp;quot;,&amp;quot;CustomerStatus&amp;quot;:&amp;quot;Current&amp;quot;,&amp;quot;CustomerType&amp;quot;:&amp;quot;Individual&amp;quot;,&amp;quot;ServiceAddress.Line1&amp;quot;:&amp;quot;12 A GRAFTON n 4&amp;quot;,&amp;quot;ServiceAddress.City&amp;quot;:&amp;quot;NEW YORK&amp;quot;,&amp;quot;ServiceAddress.State&amp;quot;:&amp;quot;NY&amp;quot;,&amp;quot;ServiceAddress.ZipCode&amp;quot;:&amp;quot;12123&amp;quot;,&amp;quot;ServiceAddress.Country&amp;quot;:&amp;quot;USA&amp;quot;,&amp;quot;EmailAddress&amp;quot;:&amp;quot;&amp;quot;,&amp;quot;PhoneNumber&amp;quot;:&amp;quot;90289481380000&amp;quot;,&amp;quot;AccountBalance&amp;quot;:&amp;quot;-104.24&amp;quot;,&amp;quot;DueDate&amp;quot;:&amp;quot;2019/10/05&amp;quot;,&amp;quot;PrimaryCustomerID&amp;quot;:&amp;quot;CUSTOMER007&amp;quot;},{&amp;quot;AccountNumber&amp;quot;:&amp;quot;LOCATION006-CUSTOMER007&amp;quot;,&amp;quot;CustomerId&amp;quot;:&amp;quot;CUSTOMER007&amp;quot;,&amp;quot;LocationId&amp;quot;:&amp;quot;LOCATION006&amp;quot;,&amp;quot;CustomerName&amp;quot;:&amp;quot;MacKenzie, Sally E&amp;quot;,&amp;quot;CustomerStatus&amp;quot;:&amp;quot;Current&amp;quot;,&amp;quot;CustomerType&amp;quot;:&amp;quot;Individual&amp;quot;,&amp;quot;ServiceAddress.Line1&amp;quot;:&amp;quot;4 Water 145&amp;quot;,&amp;quot;ServiceAddress.City&amp;quot;:&amp;quot;NEW YORK&amp;quot;,&amp;quot;ServiceAddress.State&amp;quot;:&amp;quot;NY&amp;quot;,&amp;quot;ServiceAddress.ZipCode&amp;quot;:&amp;quot;12121&amp;quot;,&amp;quot;ServiceAddress.Country&amp;quot;:&amp;quot;USA&amp;quot;,&amp;quot;EmailAddress&amp;quot;:&amp;quot;&amp;quot;,&amp;quot;PhoneNumber&amp;quot;:&amp;quot;90289481380000&amp;quot;,&amp;quot;AccountBalance&amp;quot;:&amp;quot;48.30&amp;quot;,&amp;quot;DueDate&amp;quot;:&amp;quot;2000/05/01&amp;quot;,&amp;quot;PrimaryCustomerID&amp;quot;:&amp;quot;CUSTOMER007&amp;quot;},{&amp;quot;AccountNumber&amp;quot;:&amp;quot;WATER002-CUSTOMER007&amp;quot;,&amp;quot;CustomerId&amp;quot;:&amp;quot;CUSTOMER007&amp;quot;,&amp;quot;LocationId&amp;quot;:&amp;quot;WATER002&amp;quot;,&amp;quot;CustomerName&amp;quot;:&amp;quot;MacKenzie, Sally E&amp;quot;,&amp;quot;CustomerStatus&amp;quot;:&amp;quot;Former&amp;quot;,&amp;quot;CustomerType&amp;quot;:&amp;quot;Individual&amp;quot;,&amp;quot;ServiceAddress.Line1&amp;quot;:&amp;quot;100 Water&amp;quot;,&amp;quot;ServiceAddress.City&amp;quot;:&amp;quot;NEW YORK&amp;quot;,&amp;quot;ServiceAddress.State&amp;quot;:&amp;quot;NY&amp;quot;,&amp;quot;ServiceAddress.ZipCode&amp;quot;:&amp;quot;32541&amp;quot;,&amp;quot;ServiceAddress.Country&amp;quot;:&amp;quot;USA&amp;quot;,&amp;quot;EmailAddress&amp;quot;:&amp;quot;&amp;quot;,&amp;quot;PhoneNumber&amp;quot;:&amp;quot;90289481380000&amp;quot;,&amp;quot;AccountBalance&amp;quot;:&amp;quot;368.77&amp;quot;,&amp;quot;DueDate&amp;quot;:&amp;quot;1997/08/14&amp;quot;,&amp;quot;PrimaryCustomerID&amp;quot;:&amp;quot;CUSTOMER007&amp;quot;}]}
">
      <![CDATA[java.lang.AssertionError: 1 expectation failed.
Response body doesn't match expectation.
Expected: "{\"result\":[{\"AccountNumber\":\"ELECWAT001-CUSTOMER007\",\"CustomerId\":\"CUSTOMER007\",\"LocationId\":\"ELECWAT001\",\"CustomerName\":\"MacKenzie, Sally E\",\"CustomerStatus\":\"Current\",\"CustomerType\":\"Individual\",\"ServiceAddress.Line1\":\"12 A GRAFTON n 4\",\"ServiceAddress.City\":\"NEW YORK\",\"ServiceAddress.State\":\"NY\",\"ServiceAddress.ZipCode\":\"12123\",\"ServiceAddress.Country\":\"USA\",\"EmailAddress\":\"\",\"PhoneNumber\":\"90289481380000\",\"AccountBalance\":\"77.74\",\"DueDate\":\"2019/10/05\",\"PrimaryCustomerID\":\"CUSTOMER007\"},{\"AccountNumber\":\"LOCATION006-CUSTOMER007\",\"CustomerId\":\"CUSTOMER007\",\"LocationId\":\"LOCATION006\",\"CustomerName\":\"MacKenzie, Sally E\",\"CustomerStatus\":\"Current\",\"CustomerType\":\"Individual\",\"ServiceAddress.Line1\":\"4 Water 145\",\"ServiceAddress.City\":\"NEW YORK\",\"ServiceAddress.State\":\"NY\",\"ServiceAddress.ZipCode\":\"12121\",\"ServiceAddress.Country\":\"USA\",\"EmailAddress\":\"\",\"PhoneNumber\":\"90289481380000\",\"AccountBalance\":\"48.30\",\"DueDate\":\"2000/05/01\",\"PrimaryCustomerID\":\"CUSTOMER007\"},{\"AccountNumber\":\"WATER002-CUSTOMER007\",\"CustomerId\":\"CUSTOMER007\",\"LocationId\":\"WATER002\",\"CustomerName\":\"MacKenzie, Sally E\",\"CustomerStatus\":\"Former\",\"CustomerType\":\"Individual\",\"ServiceAddress.Line1\":\"100 Water\",\"ServiceAddress.City\":\"NEW YORK\",\"ServiceAddress.State\":\"NY\",\"ServiceAddress.ZipCode\":\"32541\",\"ServiceAddress.Country\":\"USA\",\"EmailAddress\":\"\",\"PhoneNumber\":\"90289481380000\",\"AccountBalance\":\"368.77\",\"DueDate\":\"1997/08/14\",\"PrimaryCustomerID\":\"CUSTOMER007\"}]}"
  Actual: {"result":[{"AccountNumber":"ELECWAT001-CUSTOMER007","CustomerId":"CUSTOMER007","LocationId":"ELECWAT001","CustomerName":"MacKenzie, Sally E","CustomerStatus":"Current","CustomerType":"Individual","ServiceAddress.Line1":"12 A GRAFTON n 4","ServiceAddress.City":"NEW YORK","ServiceAddress.State":"NY","ServiceAddress.ZipCode":"12123","ServiceAddress.Country":"USA","EmailAddress":"","PhoneNumber":"90289481380000","AccountBalance":"-104.24","DueDate":"2019/10/05","PrimaryCustomerID":"CUSTOMER007"},{"AccountNumber":"LOCATION006-CUSTOMER007","CustomerId":"CUSTOMER007","LocationId":"LOCATION006","CustomerName":"MacKenzie, Sally E","CustomerStatus":"Current","CustomerType":"Individual","ServiceAddress.Line1":"4 Water 145","ServiceAddress.City":"NEW YORK","ServiceAddress.State":"NY","ServiceAddress.ZipCode":"12121","ServiceAddress.Country":"USA","EmailAddress":"","PhoneNumber":"90289481380000","AccountBalance":"48.30","DueDate":"2000/05/01","PrimaryCustomerID":"CUSTOMER007"},{"AccountNumber":"WATER002-CUSTOMER007","CustomerId":"CUSTOMER007","LocationId":"WATER002","CustomerName":"MacKenzie, Sally E","CustomerStatus":"Former","CustomerType":"Individual","ServiceAddress.Line1":"100 Water","ServiceAddress.City":"NEW YORK","ServiceAddress.State":"NY","ServiceAddress.ZipCode":"32541","ServiceAddress.Country":"USA","EmailAddress":"","PhoneNumber":"90289481380000","AccountBalance":"368.77","DueDate":"1997/08/14","PrimaryCustomerID":"CUSTOMER007"}]}

at org.codehaus.groovy.runtime.callsite.ConstructorSite$ConstructorSiteNoUnwrap.callConstructor(ConstructorSite.java:84)
at org.codehaus.groovy.runtime.callsite.AbstractCallSite.callConstructor(AbstractCallSite.java:249)
at io.restassured.internal.ResponseSpecificationImpl$HamcrestAssertionClosure.validate(ResponseSpecificationImpl.groovy:493)
at io.restassured.internal.ResponseSpecificationImpl$HamcrestAssertionClosure$validate$1.call(Unknown Source)
at io.restassured.internal.ResponseSpecificationImpl.validateResponseIfRequired(ResponseSpecificationImpl.groovy:674)
at org.codehaus.groovy.runtime.callsite.PlainObjectMetaMethodSite.doInvoke(PlainObjectMetaMethodSite.java:43)
at org.codehaus.groovy.runtime.callsite.PogoMetaMethodSite$PogoCachedMethodSiteNoUnwrapNoCoerce.invoke(PogoMetaMethodSite.java:190)
at org.codehaus.groovy.runtime.callsite.PogoMetaMethodSite.callCurrent(PogoMetaMethodSite.java:58)
at org.codehaus.groovy.runtime.callsite.AbstractCallSite.callCurrent(AbstractCallSite.java:168)
at io.restassured.internal.ResponseSpecificationImpl.body(ResponseSpecificationImpl.groovy:98)
at io.restassured.internal.ValidatableResponseOptionsImpl.body(ValidatableResponseOptionsImpl.java:238)
at io.restassured.internal.ValidatableResponseImpl.super$2$body(ValidatableResponseImpl.groovy)
at groovy.lang.MetaMethod.doMethodInvoke(MetaMethod.java:323)
at groovy.lang.MetaClassImpl.invokeMethod(MetaClassImpl.java:1217)
at org.codehaus.groovy.runtime.ScriptBytecodeAdapter.invokeMethodOnSuperN(ScriptBytecodeAdapter.java:144)
at io.restassured.internal.ValidatableResponseImpl.body(ValidatableResponseImpl.groovy:293)
at io.restassured.internal.ValidatableResponseImpl.body(ValidatableResponseImpl.groovy)
at com.NexustAPIAutomation.java.CommonMethods.getMethod(CommonMethods.java:412)
at Public.searchControllerV3.getAccounts_v_3(searchControllerV3.java:46)
at java.util.ArrayList.forEach(ArrayList.java:1257)
... Removed 40 stack frames]]>
    </failure>
  </testcase> <!-- getAccounts_v_3 -->
  <testcase name="getAccountsAdvanced_v_3" time="0.813" classname="Public.searchControllerV3">
    <failure type="java.lang.AssertionError" message="1 expectation failed.
Response body doesn&amp;apos;t match expectation.
Expected: &amp;quot;{\&amp;quot;result\&amp;quot;:[{\&amp;quot;AccountNumber\&amp;quot;:\&amp;quot;ELECWAT001-CUSTOMER007\&amp;quot;,\&amp;quot;CustomerId\&amp;quot;:\&amp;quot;CUSTOMER007\&amp;quot;,\&amp;quot;LocationId\&amp;quot;:\&amp;quot;ELECWAT001\&amp;quot;,\&amp;quot;CustomerName\&amp;quot;:\&amp;quot;MacKenzie, Sally E\&amp;quot;,\&amp;quot;CustomerStatus\&amp;quot;:\&amp;quot;Current\&amp;quot;,\&amp;quot;CustomerType\&amp;quot;:\&amp;quot;Individual\&amp;quot;,\&amp;quot;ServiceAddress.Line1\&amp;quot;:\&amp;quot;12 A GRAFTON n 4\&amp;quot;,\&amp;quot;ServiceAddress.City\&amp;quot;:\&amp;quot;NEW YORK\&amp;quot;,\&amp;quot;ServiceAddress.State\&amp;quot;:\&amp;quot;NY\&amp;quot;,\&amp;quot;ServiceAddress.ZipCode\&amp;quot;:\&amp;quot;12123\&amp;quot;,\&amp;quot;ServiceAddress.Country\&amp;quot;:\&amp;quot;USA\&amp;quot;,\&amp;quot;EmailAddress\&amp;quot;:\&amp;quot;\&amp;quot;,\&amp;quot;PhoneNumber\&amp;quot;:\&amp;quot;90289481380000\&amp;quot;,\&amp;quot;AccountBalance\&amp;quot;:\&amp;quot;77.74\&amp;quot;,\&amp;quot;DueDate\&amp;quot;:\&amp;quot;2019/10/05\&amp;quot;,\&amp;quot;LastPaymentAmount\&amp;quot;:\&amp;quot;75.00\&amp;quot;,\&amp;quot;LastPaymentDate\&amp;quot;:\&amp;quot;2000/04/15\&amp;quot;,\&amp;quot;PrimaryCustomerID\&amp;quot;:\&amp;quot;CUSTOMER007\&amp;quot;},{\&amp;quot;AccountNumber\&amp;quot;:\&amp;quot;LOCATION006-CUSTOMER007\&amp;quot;,\&amp;quot;CustomerId\&amp;quot;:\&amp;quot;CUSTOMER007\&amp;quot;,\&amp;quot;LocationId\&amp;quot;:\&amp;quot;LOCATION006\&amp;quot;,\&amp;quot;CustomerName\&amp;quot;:\&amp;quot;MacKenzie, Sally E\&amp;quot;,\&amp;quot;CustomerStatus\&amp;quot;:\&amp;quot;Current\&amp;quot;,\&amp;quot;CustomerType\&amp;quot;:\&amp;quot;Individual\&amp;quot;,\&amp;quot;ServiceAddress.Line1\&amp;quot;:\&amp;quot;4 Water 145\&amp;quot;,\&amp;quot;ServiceAddress.City\&amp;quot;:\&amp;quot;NEW YORK\&amp;quot;,\&amp;quot;ServiceAddress.State\&amp;quot;:\&amp;quot;NY\&amp;quot;,\&amp;quot;ServiceAddress.ZipCode\&amp;quot;:\&amp;quot;12121\&amp;quot;,\&amp;quot;ServiceAddress.Country\&amp;quot;:\&amp;quot;USA\&amp;quot;,\&amp;quot;EmailAddress\&amp;quot;:\&amp;quot;\&amp;quot;,\&amp;quot;PhoneNumber\&amp;quot;:\&amp;quot;90289481380000\&amp;quot;,\&amp;quot;AccountBalance\&amp;quot;:\&amp;quot;48.30\&amp;quot;,\&amp;quot;DueDate\&amp;quot;:\&amp;quot;2000/05/01\&amp;quot;,\&amp;quot;LastPaymentAmount\&amp;quot;:\&amp;quot;46.00\&amp;quot;,\&amp;quot;LastPaymentDate\&amp;quot;:\&amp;quot;2000/02/20\&amp;quot;,\&amp;quot;PrimaryCustomerID\&amp;quot;:\&amp;quot;CUSTOMER007\&amp;quot;},{\&amp;quot;AccountNumber\&amp;quot;:\&amp;quot;WATER002-CUSTOMER007\&amp;quot;,\&amp;quot;CustomerId\&amp;quot;:\&amp;quot;CUSTOMER007\&amp;quot;,\&amp;quot;LocationId\&amp;quot;:\&amp;quot;WATER002\&amp;quot;,\&amp;quot;CustomerName\&amp;quot;:\&amp;quot;MacKenzie, Sally E\&amp;quot;,\&amp;quot;CustomerStatus\&amp;quot;:\&amp;quot;Former\&amp;quot;,\&amp;quot;CustomerType\&amp;quot;:\&amp;quot;Individual\&amp;quot;,\&amp;quot;ServiceAddress.Line1\&amp;quot;:\&amp;quot;100 Water\&amp;quot;,\&amp;quot;ServiceAddress.City\&amp;quot;:\&amp;quot;NEW YORK\&amp;quot;,\&amp;quot;ServiceAddress.State\&amp;quot;:\&amp;quot;NY\&amp;quot;,\&amp;quot;ServiceAddress.ZipCode\&amp;quot;:\&amp;quot;32541\&amp;quot;,\&amp;quot;ServiceAddress.Country\&amp;quot;:\&amp;quot;USA\&amp;quot;,\&amp;quot;EmailAddress\&amp;quot;:\&amp;quot;\&amp;quot;,\&amp;quot;PhoneNumber\&amp;quot;:\&amp;quot;90289481380000\&amp;quot;,\&amp;quot;AccountBalance\&amp;quot;:\&amp;quot;368.77\&amp;quot;,\&amp;quot;DueDate\&amp;quot;:\&amp;quot;1997/08/14\&amp;quot;,\&amp;quot;LastPaymentAmount\&amp;quot;:\&amp;quot;100.00\&amp;quot;,\&amp;quot;LastPaymentDate\&amp;quot;:\&amp;quot;1998/01/15\&amp;quot;,\&amp;quot;PrimaryCustomerID\&amp;quot;:\&amp;quot;CUSTOMER007\&amp;quot;}]}&amp;quot;
  Actual: {&amp;quot;result&amp;quot;:[{&amp;quot;AccountNumber&amp;quot;:&amp;quot;ELECWAT001-CUSTOMER007&amp;quot;,&amp;quot;CustomerId&amp;quot;:&amp;quot;CUSTOMER007&amp;quot;,&amp;quot;LocationId&amp;quot;:&amp;quot;ELECWAT001&amp;quot;,&amp;quot;CustomerName&amp;quot;:&amp;quot;MacKenzie, Sally E&amp;quot;,&amp;quot;CustomerStatus&amp;quot;:&amp;quot;Current&amp;quot;,&amp;quot;CustomerType&amp;quot;:&amp;quot;Individual&amp;quot;,&amp;quot;ServiceAddress.Line1&amp;quot;:&amp;quot;12 A GRAFTON n 4&amp;quot;,&amp;quot;ServiceAddress.City&amp;quot;:&amp;quot;NEW YORK&amp;quot;,&amp;quot;ServiceAddress.State&amp;quot;:&amp;quot;NY&amp;quot;,&amp;quot;ServiceAddress.ZipCode&amp;quot;:&amp;quot;12123&amp;quot;,&amp;quot;ServiceAddress.Country&amp;quot;:&amp;quot;USA&amp;quot;,&amp;quot;EmailAddress&amp;quot;:&amp;quot;&amp;quot;,&amp;quot;PhoneNumber&amp;quot;:&amp;quot;90289481380000&amp;quot;,&amp;quot;AccountBalance&amp;quot;:&amp;quot;-104.24&amp;quot;,&amp;quot;DueDate&amp;quot;:&amp;quot;2019/10/05&amp;quot;,&amp;quot;LastPaymentAmount&amp;quot;:&amp;quot;75.00&amp;quot;,&amp;quot;LastPaymentDate&amp;quot;:&amp;quot;2000/04/15&amp;quot;,&amp;quot;PrimaryCustomerID&amp;quot;:&amp;quot;CUSTOMER007&amp;quot;},{&amp;quot;AccountNumber&amp;quot;:&amp;quot;LOCATION006-CUSTOMER007&amp;quot;,&amp;quot;CustomerId&amp;quot;:&amp;quot;CUSTOMER007&amp;quot;,&amp;quot;LocationId&amp;quot;:&amp;quot;LOCATION006&amp;quot;,&amp;quot;CustomerName&amp;quot;:&amp;quot;MacKenzie, Sally E&amp;quot;,&amp;quot;CustomerStatus&amp;quot;:&amp;quot;Current&amp;quot;,&amp;quot;CustomerType&amp;quot;:&amp;quot;Individual&amp;quot;,&amp;quot;ServiceAddress.Line1&amp;quot;:&amp;quot;4 Water 145&amp;quot;,&amp;quot;ServiceAddress.City&amp;quot;:&amp;quot;NEW YORK&amp;quot;,&amp;quot;ServiceAddress.State&amp;quot;:&amp;quot;NY&amp;quot;,&amp;quot;ServiceAddress.ZipCode&amp;quot;:&amp;quot;12121&amp;quot;,&amp;quot;ServiceAddress.Country&amp;quot;:&amp;quot;USA&amp;quot;,&amp;quot;EmailAddress&amp;quot;:&amp;quot;&amp;quot;,&amp;quot;PhoneNumber&amp;quot;:&amp;quot;90289481380000&amp;quot;,&amp;quot;AccountBalance&amp;quot;:&amp;quot;48.30&amp;quot;,&amp;quot;DueDate&amp;quot;:&amp;quot;2000/05/01&amp;quot;,&amp;quot;LastPaymentAmount&amp;quot;:&amp;quot;46.00&amp;quot;,&amp;quot;LastPaymentDate&amp;quot;:&amp;quot;2000/02/20&amp;quot;,&amp;quot;PrimaryCustomerID&amp;quot;:&amp;quot;CUSTOMER007&amp;quot;},{&amp;quot;AccountNumber&amp;quot;:&amp;quot;WATER002-CUSTOMER007&amp;quot;,&amp;quot;CustomerId&amp;quot;:&amp;quot;CUSTOMER007&amp;quot;,&amp;quot;LocationId&amp;quot;:&amp;quot;WATER002&amp;quot;,&amp;quot;CustomerName&amp;quot;:&amp;quot;MacKenzie, Sally E&amp;quot;,&amp;quot;CustomerStatus&amp;quot;:&amp;quot;Former&amp;quot;,&amp;quot;CustomerType&amp;quot;:&amp;quot;Individual&amp;quot;,&amp;quot;ServiceAddress.Line1&amp;quot;:&amp;quot;100 Water&amp;quot;,&amp;quot;ServiceAddress.City&amp;quot;:&amp;quot;NEW YORK&amp;quot;,&amp;quot;ServiceAddress.State&amp;quot;:&amp;quot;NY&amp;quot;,&amp;quot;ServiceAddress.ZipCode&amp;quot;:&amp;quot;32541&amp;quot;,&amp;quot;ServiceAddress.Country&amp;quot;:&amp;quot;USA&amp;quot;,&amp;quot;EmailAddress&amp;quot;:&amp;quot;&amp;quot;,&amp;quot;PhoneNumber&amp;quot;:&amp;quot;90289481380000&amp;quot;,&amp;quot;AccountBalance&amp;quot;:&amp;quot;368.77&amp;quot;,&amp;quot;DueDate&amp;quot;:&amp;quot;1997/08/14&amp;quot;,&amp;quot;LastPaymentAmount&amp;quot;:&amp;quot;100.00&amp;quot;,&amp;quot;LastPaymentDate&amp;quot;:&amp;quot;1998/01/15&amp;quot;,&amp;quot;PrimaryCustomerID&amp;quot;:&amp;quot;CUSTOMER007&amp;quot;}]}
">
      <![CDATA[java.lang.AssertionError: 1 expectation failed.
Response body doesn't match expectation.
Expected: "{\"result\":[{\"AccountNumber\":\"ELECWAT001-CUSTOMER007\",\"CustomerId\":\"CUSTOMER007\",\"LocationId\":\"ELECWAT001\",\"CustomerName\":\"MacKenzie, Sally E\",\"CustomerStatus\":\"Current\",\"CustomerType\":\"Individual\",\"ServiceAddress.Line1\":\"12 A GRAFTON n 4\",\"ServiceAddress.City\":\"NEW YORK\",\"ServiceAddress.State\":\"NY\",\"ServiceAddress.ZipCode\":\"12123\",\"ServiceAddress.Country\":\"USA\",\"EmailAddress\":\"\",\"PhoneNumber\":\"90289481380000\",\"AccountBalance\":\"77.74\",\"DueDate\":\"2019/10/05\",\"LastPaymentAmount\":\"75.00\",\"LastPaymentDate\":\"2000/04/15\",\"PrimaryCustomerID\":\"CUSTOMER007\"},{\"AccountNumber\":\"LOCATION006-CUSTOMER007\",\"CustomerId\":\"CUSTOMER007\",\"LocationId\":\"LOCATION006\",\"CustomerName\":\"MacKenzie, Sally E\",\"CustomerStatus\":\"Current\",\"CustomerType\":\"Individual\",\"ServiceAddress.Line1\":\"4 Water 145\",\"ServiceAddress.City\":\"NEW YORK\",\"ServiceAddress.State\":\"NY\",\"ServiceAddress.ZipCode\":\"12121\",\"ServiceAddress.Country\":\"USA\",\"EmailAddress\":\"\",\"PhoneNumber\":\"90289481380000\",\"AccountBalance\":\"48.30\",\"DueDate\":\"2000/05/01\",\"LastPaymentAmount\":\"46.00\",\"LastPaymentDate\":\"2000/02/20\",\"PrimaryCustomerID\":\"CUSTOMER007\"},{\"AccountNumber\":\"WATER002-CUSTOMER007\",\"CustomerId\":\"CUSTOMER007\",\"LocationId\":\"WATER002\",\"CustomerName\":\"MacKenzie, Sally E\",\"CustomerStatus\":\"Former\",\"CustomerType\":\"Individual\",\"ServiceAddress.Line1\":\"100 Water\",\"ServiceAddress.City\":\"NEW YORK\",\"ServiceAddress.State\":\"NY\",\"ServiceAddress.ZipCode\":\"32541\",\"ServiceAddress.Country\":\"USA\",\"EmailAddress\":\"\",\"PhoneNumber\":\"90289481380000\",\"AccountBalance\":\"368.77\",\"DueDate\":\"1997/08/14\",\"LastPaymentAmount\":\"100.00\",\"LastPaymentDate\":\"1998/01/15\",\"PrimaryCustomerID\":\"CUSTOMER007\"}]}"
  Actual: {"result":[{"AccountNumber":"ELECWAT001-CUSTOMER007","CustomerId":"CUSTOMER007","LocationId":"ELECWAT001","CustomerName":"MacKenzie, Sally E","CustomerStatus":"Current","CustomerType":"Individual","ServiceAddress.Line1":"12 A GRAFTON n 4","ServiceAddress.City":"NEW YORK","ServiceAddress.State":"NY","ServiceAddress.ZipCode":"12123","ServiceAddress.Country":"USA","EmailAddress":"","PhoneNumber":"90289481380000","AccountBalance":"-104.24","DueDate":"2019/10/05","LastPaymentAmount":"75.00","LastPaymentDate":"2000/04/15","PrimaryCustomerID":"CUSTOMER007"},{"AccountNumber":"LOCATION006-CUSTOMER007","CustomerId":"CUSTOMER007","LocationId":"LOCATION006","CustomerName":"MacKenzie, Sally E","CustomerStatus":"Current","CustomerType":"Individual","ServiceAddress.Line1":"4 Water 145","ServiceAddress.City":"NEW YORK","ServiceAddress.State":"NY","ServiceAddress.ZipCode":"12121","ServiceAddress.Country":"USA","EmailAddress":"","PhoneNumber":"90289481380000","AccountBalance":"48.30","DueDate":"2000/05/01","LastPaymentAmount":"46.00","LastPaymentDate":"2000/02/20","PrimaryCustomerID":"CUSTOMER007"},{"AccountNumber":"WATER002-CUSTOMER007","CustomerId":"CUSTOMER007","LocationId":"WATER002","CustomerName":"MacKenzie, Sally E","CustomerStatus":"Former","CustomerType":"Individual","ServiceAddress.Line1":"100 Water","ServiceAddress.City":"NEW YORK","ServiceAddress.State":"NY","ServiceAddress.ZipCode":"32541","ServiceAddress.Country":"USA","EmailAddress":"","PhoneNumber":"90289481380000","AccountBalance":"368.77","DueDate":"1997/08/14","LastPaymentAmount":"100.00","LastPaymentDate":"1998/01/15","PrimaryCustomerID":"CUSTOMER007"}]}

at org.codehaus.groovy.runtime.callsite.ConstructorSite$ConstructorSiteNoUnwrap.callConstructor(ConstructorSite.java:84)
at org.codehaus.groovy.runtime.callsite.AbstractCallSite.callConstructor(AbstractCallSite.java:249)
at io.restassured.internal.ResponseSpecificationImpl$HamcrestAssertionClosure.validate(ResponseSpecificationImpl.groovy:493)
at io.restassured.internal.ResponseSpecificationImpl$HamcrestAssertionClosure$validate$1.call(Unknown Source)
at io.restassured.internal.ResponseSpecificationImpl.validateResponseIfRequired(ResponseSpecificationImpl.groovy:674)
at org.codehaus.groovy.runtime.callsite.PlainObjectMetaMethodSite.doInvoke(PlainObjectMetaMethodSite.java:43)
at org.codehaus.groovy.runtime.callsite.PogoMetaMethodSite$PogoCachedMethodSiteNoUnwrapNoCoerce.invoke(PogoMetaMethodSite.java:190)
at org.codehaus.groovy.runtime.callsite.PogoMetaMethodSite.callCurrent(PogoMetaMethodSite.java:58)
at org.codehaus.groovy.runtime.callsite.AbstractCallSite.callCurrent(AbstractCallSite.java:168)
at io.restassured.internal.ResponseSpecificationImpl.body(ResponseSpecificationImpl.groovy:98)
at io.restassured.internal.ValidatableResponseOptionsImpl.body(ValidatableResponseOptionsImpl.java:238)
at io.restassured.internal.ValidatableResponseImpl.super$2$body(ValidatableResponseImpl.groovy)
at groovy.lang.MetaMethod.doMethodInvoke(MetaMethod.java:323)
at groovy.lang.MetaClassImpl.invokeMethod(MetaClassImpl.java:1217)
at org.codehaus.groovy.runtime.ScriptBytecodeAdapter.invokeMethodOnSuperN(ScriptBytecodeAdapter.java:144)
at io.restassured.internal.ValidatableResponseImpl.body(ValidatableResponseImpl.groovy:293)
at io.restassured.internal.ValidatableResponseImpl.body(ValidatableResponseImpl.groovy)
at com.NexustAPIAutomation.java.CommonMethods.getMethod(CommonMethods.java:412)
at Public.searchControllerV3.getAccountsAdvanced_v_3(searchControllerV3.java:73)
at java.util.ArrayList.forEach(ArrayList.java:1257)
... Removed 40 stack frames]]>
    </failure>
  </testcase> <!-- getAccountsAdvanced_v_3 -->
  <testcase name="getCustomer_v3" time="0.336" classname="Public.searchControllerV3"/>
  <testcase name="getindex_v3" time="0.321" classname="Public.searchControllerV3"/>
  <testcase name="getServicesByLocation_v_2" time="1.752" classname="Public.ServiceLocationv2"/>
  <testcase name="getServicesByLocation_v_3" time="0.799" classname="Public.ServiceLocationV3"/>
  <testcase name="postcreateServiceOrder_v2" time="2.675" classname="Public.ServiceOrderController"/>
  <testcase name="postcreateServiceOrder_v2_ERROR" time="0.693" classname="Public.ServiceOrderController"/>
  <testcase name="getServiceOrder_v2" time="0.364" classname="Public.ServiceOrderController"/>
  <testcase name="getServiceOrderRequestDetails_v2" time="0.384" classname="Public.ServiceOrderController"/>
  <testcase name="getServiceOrderRequestDetailsbyOptional_v2" time="2.505" classname="Public.ServiceOrderController"/>
  <testcase name="putaddMeterReading_v_2" time="1.185" classname="Public.ServiceOrderController"/>
  <testcase name="putupdatecomment_v_2" time="0.331" classname="Public.ServiceOrderController"/>
  <testcase name="putaddMiscCharge_v_2" time="10.349" classname="Public.ServiceOrderController"/>
  <testcase name="putTaskComplete_v_2" time="0.396" classname="Public.ServiceOrderController"/>
  <testcase name="putswitchMeter_v_2" time="1.546" classname="Public.ServiceOrderController"/>
  <testcase name="putTaskCompleteNocharge_v2_3" time="0.346" classname="Public.ServiceOrderController"/>
  <testcase name="postcreateServiceOrder_v2_3_1" time="0.389" classname="Public.ServiceOrderController">
    <failure type="java.lang.AssertionError" message="Service Order null">
      <![CDATA[java.lang.AssertionError: Service Order null
at Public.ServiceOrderController.postcreateServiceOrder_v2_3_1(ServiceOrderController.java:265)
at java.util.ArrayList.forEach(ArrayList.java:1257)
... Removed 28 stack frames]]>
    </failure>
  </testcase> <!-- postcreateServiceOrder_v2_3_1 -->
  <testcase name="postcreateServiceOrder_v2_3_1_fal" time="5.307" classname="Public.ServiceOrderController">
    <failure type="java.lang.AssertionError" message="Service Order nullNot found">
      <![CDATA[java.lang.AssertionError: Service Order nullNot found
at Public.ServiceOrderController.postcreateServiceOrder_v2_3_1_fal(ServiceOrderController.java:245)
at java.util.ArrayList.forEach(ArrayList.java:1257)
... Removed 28 stack frames]]>
    </failure>
  </testcase> <!-- postcreateServiceOrder_v2_3_1_fal -->
  <testcase name="postcreateServiceOrder_v3" time="0.314" classname="Public.ServiceOrderControllerV3">
    <failure type="java.lang.AssertionError" message="Service Order not created">
      <![CDATA[java.lang.AssertionError: Service Order not created
at Public.ServiceOrderControllerV3.postcreateServiceOrder_v3(ServiceOrderControllerV3.java:37)
at java.util.ArrayList.forEach(ArrayList.java:1257)
... Removed 28 stack frames]]>
    </failure>
  </testcase> <!-- postcreateServiceOrder_v3 -->
  <testcase name="getServiceOrder_v3" time="0.0" classname="Public.ServiceOrderControllerV3">
    <skipped/>
  </testcase> <!-- getServiceOrder_v3 -->
  <testcase name="getServiceOrderRequestDetails_v3" time="0.3" classname="Public.ServiceOrderControllerV3"/>
  <testcase name="getServiceOrderRequestDetailsbyOptional_v3" time="0.512" classname="Public.ServiceOrderControllerV3"/>
  <testcase name="putaddMeterReading_v_3" time="0.583" classname="Public.ServiceOrderControllerV3"/>
  <testcase name="putupdatecomment_v_3" time="0.296" classname="Public.ServiceOrderControllerV3"/>
  <testcase name="putaddMiscCharge_v_3" time="0.352" classname="Public.ServiceOrderControllerV3"/>
  <testcase name="putTaskComplete_v_3" time="0.328" classname="Public.ServiceOrderControllerV3"/>
  <testcase name="putswitchMeter_v_3" time="0.37" classname="Public.ServiceOrderControllerV3"/>
  <testcase name="putTaskCompleteNocharge_v3" time="0.274" classname="Public.ServiceOrderControllerV3"/>
  <testcase name="getoutstandingDocuments_v_2" time="0.475" classname="Public.spaController"/>
  <testcase name="getheaderInfo_v_2" time="0.346" classname="Public.spaController"/>
  <testcase name="getspadetails_v_2" time="0.445" classname="Public.spaController"/>
  <testcase name="getspadocuments_v_2" time="0.387" classname="Public.spaController"/>
  <testcase name="putcalculatedocuments_v_2" time="0.284" classname="Public.spaController"/>
  <testcase name="getcalculatedocuments_v_2" time="0.295" classname="Public.spaController"/>
  <testcase name="getspaAccountBalances_v_2" time="0.386" classname="Public.spaController"/>
  <testcase name="getoutstandingDocuments_v_3" time="0.283" classname="Public.spaControllerV3"/>
  <testcase name="getheaderInfo_v_3" time="0.325" classname="Public.spaControllerV3"/>
  <testcase name="getspadetails_v_3" time="0.296" classname="Public.spaControllerV3"/>
  <testcase name="getspadocuments_v_3" time="0.31" classname="Public.spaControllerV3"/>
  <testcase name="putcalculatedocuments_v_3" time="0.425" classname="Public.spaControllerV3"/>
  <testcase name="getcalculatedocuments_v_3" time="0.343" classname="Public.spaControllerV3"/>
  <testcase name="getspaAccountBalances_v_3" time="0.331" classname="Public.spaControllerV3"/>
  <testcase name="getdepositpaymentPlan_v_3" time="0.302" classname="Public.TestAPI"/>
  <testcase name="postsmartlistfavorite_v_3" time="0.473" classname="Public.TestAPI"/>
</testsuite> <!-- Nexus Api Test Automation Regression Suit -->
