<?xml version="1.0" encoding="UTF-8"?>
<!-- Generated by org.testng.reporters.JUnitXMLReporter -->
<testsuite hostname="RND-BASE-A" ignored="0" name="Nexus Api Test Automation Regression Suit" tests="129" failures="11" timestamp="2022-12-09T06:05:53 PST" time="243.6" errors="0">
  <testcase name="getdeposit_v_3" time="21.199" classname="Private.DepositsControllerV3"/>
  <testcase name="getdepositpaymentPlan_v_3" time="1.739" classname="Private.DepositsControllerV3"/>
  <testcase name="lookupDepositId_v_3" time="1.309" classname="Private.DepositsControllerV3"/>
  <testcase name="getsmartList_v_3" time="3.194" classname="Private.SmartlistControllerV3">
    <failure type="java.lang.AssertionError" message="1 expectation failed.
Response body doesn&amp;apos;t match expectation.
Expected: &amp;quot;{\&amp;quot;Smartlist\&amp;quot;:{\&amp;quot;Success\&amp;quot;:true,\&amp;quot;Data\&amp;quot;:[{\&amp;quot;SmartlistType\&amp;quot;:\&amp;quot;SLB\&amp;quot;,\&amp;quot;Smartlist\&amp;quot;:[{\&amp;quot;Type\&amp;quot;:\&amp;quot;SLB\&amp;quot;,\&amp;quot;Id\&amp;quot;:\&amp;quot;SERVICEORDER\&amp;quot;,\&amp;quot;Name\&amp;quot;:\&amp;quot;serviceorder\&amp;quot;,\&amp;quot;ItemName\&amp;quot;:\&amp;quot;serviceorder\&amp;quot;,\&amp;quot;Url\&amp;quot;:\&amp;quot;cogsDrillback://DGPB/?Db=SQL_2017&amp;amp;Srv=RND-BASE-A&amp;amp;Cmp=TWO&amp;amp;Prod=229&amp;amp;Act=OPEN&amp;amp;Func=Smartlist&amp;amp;SmartList_Name=serviceorder&amp;amp;PRODID=229&amp;amp;CRUSRID=sa&amp;amp;Series_Name=&amp;amp;ChildItem=&amp;amp;CogsDrillback=1\&amp;quot;,\&amp;quot;RecordCount\&amp;quot;:\&amp;quot;20017\&amp;quot;,\&amp;quot;Favorite\&amp;quot;:{\&amp;quot;Guid_Id\&amp;quot;:\&amp;quot;\&amp;quot;,\&amp;quot;IsFavorite\&amp;quot;:false},\&amp;quot;ChildItems\&amp;quot;:[{\&amp;quot;Type\&amp;quot;:\&amp;quot;SLB\&amp;quot;,\&amp;quot;Id\&amp;quot;:\&amp;quot;SERVICEORDER\&amp;quot;,\&amp;quot;Name\&amp;quot;:\&amp;quot;serviceorder\&amp;quot;,\&amp;quot;ItemName\&amp;quot;:\&amp;quot;*\&amp;quot;,\&amp;quot;Url\&amp;quot;:\&amp;quot;cogsDrillback://DGPB/?Db=SQL_2017&amp;amp;Srv=RND-BASE-A&amp;amp;Cmp=TWO&amp;amp;Prod=229&amp;amp;Act=OPEN&amp;amp;Func=Smartlist&amp;amp;SmartList_Name=serviceorder&amp;amp;PRODID=229&amp;amp;CRUSRID=sa&amp;amp;Series_Name=&amp;amp;ChildItem=%2a&amp;amp;CogsDrillback=1\&amp;quot;,\&amp;quot;RecordCount\&amp;quot;:\&amp;quot;20017\&amp;quot;,\&amp;quot;Favorite\&amp;quot;:{\&amp;quot;Guid_Id\&amp;quot;:\&amp;quot;37267D30-96C0-487D-B196-02894837CF52\&amp;quot;,\&amp;quot;IsFavorite\&amp;quot;:true}},{\&amp;quot;Type\&amp;quot;:\&amp;quot;SLB\&amp;quot;,\&amp;quot;Id\&amp;quot;:\&amp;quot;SERVICEORDER\&amp;quot;,\&amp;quot;Name\&amp;quot;:\&amp;quot;serviceorder\&amp;quot;,\&amp;quot;ItemName\&amp;quot;:\&amp;quot;Fav1\&amp;quot;,\&amp;quot;Url\&amp;quot;:\&amp;quot;cogsDrillback://DGPB/?Db=SQL_2017&amp;amp;Srv=RND-BASE-A&amp;amp;Cmp=TWO&amp;amp;Prod=229&amp;amp;Act=OPEN&amp;amp;Func=Smartlist&amp;amp;SmartList_Name=serviceorder&amp;amp;PRODID=229&amp;amp;CRUSRID=sa&amp;amp;Series_Name=&amp;amp;ChildItem=Fav1&amp;amp;CogsDrillback=1\&amp;quot;,\&amp;quot;RecordCount\&amp;quot;:\&amp;quot;20017\&amp;quot;,\&amp;quot;Favorite\&amp;quot;:{\&amp;quot;Guid_Id\&amp;quot;:\&amp;quot;\&amp;quot;,\&amp;quot;IsFavorite\&amp;quot;:false}},{\&amp;quot;Type\&amp;quot;:\&amp;quot;SLB\&amp;quot;,\&amp;quot;Id\&amp;quot;:\&amp;quot;SERVICEORDER\&amp;quot;,\&amp;quot;Name\&amp;quot;:\&amp;quot;serviceorder\&amp;quot;,\&amp;quot;ItemName\&amp;quot;:\&amp;quot;serviceorder\&amp;quot;,\&amp;quot;Url\&amp;quot;:\&amp;quot;cogsDrillback://DGPB/?Db=SQL_2017&amp;amp;Srv=RND-BASE-A&amp;amp;Cmp=TWO&amp;amp;Prod=229&amp;amp;Act=OPEN&amp;amp;Func=Smartlist&amp;amp;SmartList_Name=serviceorder&amp;amp;PRODID=229&amp;amp;CRUSRID=sa&amp;amp;Series_Name=&amp;amp;ChildItem=serviceorder&amp;amp;CogsDrillback=1\&amp;quot;,\&amp;quot;RecordCount\&amp;quot;:\&amp;quot;3271\&amp;quot;,\&amp;quot;Favorite\&amp;quot;:{\&amp;quot;Guid_Id\&amp;quot;:\&amp;quot;\&amp;quot;,\&amp;quot;IsFavorite\&amp;quot;:false}}]}]}],\&amp;quot;Messages\&amp;quot;:[]}}&amp;quot;
  Actual: {&amp;quot;Smartlist&amp;quot;:{&amp;quot;Success&amp;quot;:true,&amp;quot;Data&amp;quot;:[{&amp;quot;SmartlistType&amp;quot;:&amp;quot;SLB&amp;quot;,&amp;quot;Smartlist&amp;quot;:[{&amp;quot;Type&amp;quot;:&amp;quot;SLB&amp;quot;,&amp;quot;Id&amp;quot;:&amp;quot;SERVICEORDER&amp;quot;,&amp;quot;Name&amp;quot;:&amp;quot;serviceorder&amp;quot;,&amp;quot;ItemName&amp;quot;:&amp;quot;serviceorder&amp;quot;,&amp;quot;Url&amp;quot;:&amp;quot;cogsDrillback://DGPB/?Db=SQL_2017&amp;amp;Srv=RND-BASE-A&amp;amp;Cmp=TWO&amp;amp;Prod=229&amp;amp;Act=OPEN&amp;amp;Func=Smartlist&amp;amp;SmartList_Name=serviceorder&amp;amp;PRODID=229&amp;amp;CRUSRID=sa&amp;amp;Series_Name=&amp;amp;ChildItem=&amp;amp;CogsDrillback=1&amp;quot;,&amp;quot;RecordCount&amp;quot;:&amp;quot;20017&amp;quot;,&amp;quot;Favorite&amp;quot;:false,&amp;quot;ChildItems&amp;quot;:[{&amp;quot;Type&amp;quot;:&amp;quot;SLB&amp;quot;,&amp;quot;Id&amp;quot;:&amp;quot;SERVICEORDER&amp;quot;,&amp;quot;Name&amp;quot;:&amp;quot;serviceorder&amp;quot;,&amp;quot;ItemName&amp;quot;:&amp;quot;*&amp;quot;,&amp;quot;Url&amp;quot;:&amp;quot;cogsDrillback://DGPB/?Db=SQL_2017&amp;amp;Srv=RND-BASE-A&amp;amp;Cmp=TWO&amp;amp;Prod=229&amp;amp;Act=OPEN&amp;amp;Func=Smartlist&amp;amp;SmartList_Name=serviceorder&amp;amp;PRODID=229&amp;amp;CRUSRID=sa&amp;amp;Series_Name=&amp;amp;ChildItem=%2a&amp;amp;CogsDrillback=1&amp;quot;,&amp;quot;RecordCount&amp;quot;:&amp;quot;20017&amp;quot;,&amp;quot;Favorite&amp;quot;:false},{&amp;quot;Type&amp;quot;:&amp;quot;SLB&amp;quot;,&amp;quot;Id&amp;quot;:&amp;quot;SERVICEORDER&amp;quot;,&amp;quot;Name&amp;quot;:&amp;quot;serviceorder&amp;quot;,&amp;quot;ItemName&amp;quot;:&amp;quot;Fav1&amp;quot;,&amp;quot;Url&amp;quot;:&amp;quot;cogsDrillback://DGPB/?Db=SQL_2017&amp;amp;Srv=RND-BASE-A&amp;amp;Cmp=TWO&amp;amp;Prod=229&amp;amp;Act=OPEN&amp;amp;Func=Smartlist&amp;amp;SmartList_Name=serviceorder&amp;amp;PRODID=229&amp;amp;CRUSRID=sa&amp;amp;Series_Name=&amp;amp;ChildItem=Fav1&amp;amp;CogsDrillback=1&amp;quot;,&amp;quot;RecordCount&amp;quot;:&amp;quot;20017&amp;quot;,&amp;quot;Favorite&amp;quot;:false},{&amp;quot;Type&amp;quot;:&amp;quot;SLB&amp;quot;,&amp;quot;Id&amp;quot;:&amp;quot;SERVICEORDER&amp;quot;,&amp;quot;Name&amp;quot;:&amp;quot;serviceorder&amp;quot;,&amp;quot;ItemName&amp;quot;:&amp;quot;serviceorder&amp;quot;,&amp;quot;Url&amp;quot;:&amp;quot;cogsDrillback://DGPB/?Db=SQL_2017&amp;amp;Srv=RND-BASE-A&amp;amp;Cmp=TWO&amp;amp;Prod=229&amp;amp;Act=OPEN&amp;amp;Func=Smartlist&amp;amp;SmartList_Name=serviceorder&amp;amp;PRODID=229&amp;amp;CRUSRID=sa&amp;amp;Series_Name=&amp;amp;ChildItem=serviceorder&amp;amp;CogsDrillback=1&amp;quot;,&amp;quot;RecordCount&amp;quot;:&amp;quot;3271&amp;quot;,&amp;quot;Favorite&amp;quot;:false}]}]}],&amp;quot;Messages&amp;quot;:[]}}
">
      <![CDATA[java.lang.AssertionError: 1 expectation failed.
Response body doesn't match expectation.
Expected: "{\"Smartlist\":{\"Success\":true,\"Data\":[{\"SmartlistType\":\"SLB\",\"Smartlist\":[{\"Type\":\"SLB\",\"Id\":\"SERVICEORDER\",\"Name\":\"serviceorder\",\"ItemName\":\"serviceorder\",\"Url\":\"cogsDrillback://DGPB/?Db=SQL_2017&Srv=RND-BASE-A&Cmp=TWO&Prod=229&Act=OPEN&Func=Smartlist&SmartList_Name=serviceorder&PRODID=229&CRUSRID=sa&Series_Name=&ChildItem=&CogsDrillback=1\",\"RecordCount\":\"20017\",\"Favorite\":{\"Guid_Id\":\"\",\"IsFavorite\":false},\"ChildItems\":[{\"Type\":\"SLB\",\"Id\":\"SERVICEORDER\",\"Name\":\"serviceorder\",\"ItemName\":\"*\",\"Url\":\"cogsDrillback://DGPB/?Db=SQL_2017&Srv=RND-BASE-A&Cmp=TWO&Prod=229&Act=OPEN&Func=Smartlist&SmartList_Name=serviceorder&PRODID=229&CRUSRID=sa&Series_Name=&ChildItem=%2a&CogsDrillback=1\",\"RecordCount\":\"20017\",\"Favorite\":{\"Guid_Id\":\"37267D30-96C0-487D-B196-02894837CF52\",\"IsFavorite\":true}},{\"Type\":\"SLB\",\"Id\":\"SERVICEORDER\",\"Name\":\"serviceorder\",\"ItemName\":\"Fav1\",\"Url\":\"cogsDrillback://DGPB/?Db=SQL_2017&Srv=RND-BASE-A&Cmp=TWO&Prod=229&Act=OPEN&Func=Smartlist&SmartList_Name=serviceorder&PRODID=229&CRUSRID=sa&Series_Name=&ChildItem=Fav1&CogsDrillback=1\",\"RecordCount\":\"20017\",\"Favorite\":{\"Guid_Id\":\"\",\"IsFavorite\":false}},{\"Type\":\"SLB\",\"Id\":\"SERVICEORDER\",\"Name\":\"serviceorder\",\"ItemName\":\"serviceorder\",\"Url\":\"cogsDrillback://DGPB/?Db=SQL_2017&Srv=RND-BASE-A&Cmp=TWO&Prod=229&Act=OPEN&Func=Smartlist&SmartList_Name=serviceorder&PRODID=229&CRUSRID=sa&Series_Name=&ChildItem=serviceorder&CogsDrillback=1\",\"RecordCount\":\"3271\",\"Favorite\":{\"Guid_Id\":\"\",\"IsFavorite\":false}}]}]}],\"Messages\":[]}}"
  Actual: {"Smartlist":{"Success":true,"Data":[{"SmartlistType":"SLB","Smartlist":[{"Type":"SLB","Id":"SERVICEORDER","Name":"serviceorder","ItemName":"serviceorder","Url":"cogsDrillback://DGPB/?Db=SQL_2017&Srv=RND-BASE-A&Cmp=TWO&Prod=229&Act=OPEN&Func=Smartlist&SmartList_Name=serviceorder&PRODID=229&CRUSRID=sa&Series_Name=&ChildItem=&CogsDrillback=1","RecordCount":"20017","Favorite":false,"ChildItems":[{"Type":"SLB","Id":"SERVICEORDER","Name":"serviceorder","ItemName":"*","Url":"cogsDrillback://DGPB/?Db=SQL_2017&Srv=RND-BASE-A&Cmp=TWO&Prod=229&Act=OPEN&Func=Smartlist&SmartList_Name=serviceorder&PRODID=229&CRUSRID=sa&Series_Name=&ChildItem=%2a&CogsDrillback=1","RecordCount":"20017","Favorite":false},{"Type":"SLB","Id":"SERVICEORDER","Name":"serviceorder","ItemName":"Fav1","Url":"cogsDrillback://DGPB/?Db=SQL_2017&Srv=RND-BASE-A&Cmp=TWO&Prod=229&Act=OPEN&Func=Smartlist&SmartList_Name=serviceorder&PRODID=229&CRUSRID=sa&Series_Name=&ChildItem=Fav1&CogsDrillback=1","RecordCount":"20017","Favorite":false},{"Type":"SLB","Id":"SERVICEORDER","Name":"serviceorder","ItemName":"serviceorder","Url":"cogsDrillback://DGPB/?Db=SQL_2017&Srv=RND-BASE-A&Cmp=TWO&Prod=229&Act=OPEN&Func=Smartlist&SmartList_Name=serviceorder&PRODID=229&CRUSRID=sa&Series_Name=&ChildItem=serviceorder&CogsDrillback=1","RecordCount":"3271","Favorite":false}]}]}],"Messages":[]}}

at org.codehaus.groovy.runtime.callsite.ConstructorSite$ConstructorSiteNoUnwrap.callConstructor(ConstructorSite.java:84)
at org.codehaus.groovy.runtime.callsite.CallSiteArray.defaultCallConstructor(CallSiteArray.java:59)
at org.codehaus.groovy.runtime.callsite.AbstractCallSite.callConstructor(AbstractCallSite.java:237)
at org.codehaus.groovy.runtime.callsite.AbstractCallSite.callConstructor(AbstractCallSite.java:249)
at io.restassured.internal.ResponseSpecificationImpl$HamcrestAssertionClosure.validate(ResponseSpecificationImpl.groovy:493)
at io.restassured.internal.ResponseSpecificationImpl$HamcrestAssertionClosure$validate$1.call(Unknown Source)
at io.restassured.internal.ResponseSpecificationImpl.validateResponseIfRequired(ResponseSpecificationImpl.groovy:674)
at org.codehaus.groovy.runtime.callsite.PlainObjectMetaMethodSite.doInvoke(PlainObjectMetaMethodSite.java:43)
at org.codehaus.groovy.runtime.callsite.PogoMetaMethodSite$PogoCachedMethodSiteNoUnwrapNoCoerce.invoke(PogoMetaMethodSite.java:190)
at org.codehaus.groovy.runtime.callsite.PogoMetaMethodSite.callCurrent(PogoMetaMethodSite.java:58)
at org.codehaus.groovy.runtime.callsite.AbstractCallSite.callCurrent(AbstractCallSite.java:168)
at io.restassured.internal.ResponseSpecificationImpl.body(ResponseSpecificationImpl.groovy:98)
at io.restassured.internal.ValidatableResponseOptionsImpl.body(ValidatableResponseOptionsImpl.java:238)
at io.restassured.internal.ValidatableResponseImpl.super$2$body(ValidatableResponseImpl.groovy)
at groovy.lang.MetaMethod.doMethodInvoke(MetaMethod.java:323)
at groovy.lang.MetaClassImpl.invokeMethod(MetaClassImpl.java:1217)
at org.codehaus.groovy.runtime.ScriptBytecodeAdapter.invokeMethodOnSuperN(ScriptBytecodeAdapter.java:144)
at io.restassured.internal.ValidatableResponseImpl.body(ValidatableResponseImpl.groovy:293)
at io.restassured.internal.ValidatableResponseImpl.body(ValidatableResponseImpl.groovy)
at com.NexustAPIAutomation.java.CommonMethods.getMethod(CommonMethods.java:409)
at Private.SmartlistControllerV3.getsmartList_v_3(SmartlistControllerV3.java:24)
at java.util.ArrayList.forEach(ArrayList.java:1257)
... Removed 42 stack frames]]>
    </failure>
  </testcase> <!-- getsmartList_v_3 -->
  <testcase name="postsmartlistfavorite_v_3" time="1.986" classname="Private.SmartlistControllerV3">
    <failure type="java.lang.NullPointerException">
      <![CDATA[java.lang.NullPointerException
at Private.SmartlistControllerV3.postsmartlistfavorite_v_3(SmartlistControllerV3.java:41)
at java.util.ArrayList.forEach(ArrayList.java:1257)
... Removed 27 stack frames]]>
    </failure>
  </testcase> <!-- postsmartlistfavorite_v_3 -->
  <testcase name="TC003_1_getCashin" time="1.62" classname="Public.CashieringGet"/>
  <testcase name="TC003_getCashin" time="0.9" classname="Public.CashieringGet"/>
  <testcase name="TC004_balances" time="5.429" classname="Public.CashieringGet"/>
  <testcase name="TC003_getnextReceipt" time="2.818" classname="Public.CashieringGet"/>
  <testcase name="TC004_getReceipt" time="2.745" classname="Public.CashieringGet"/>
  <testcase name="TC005_getRegisterInfo" time="1.287" classname="Public.CashieringGet"/>
  <testcase name="TC006_gettransactions" time="3.32" classname="Public.CashieringGet"/>
  <testcase name="TC007_getAutoApply" time="1.431" classname="Public.CashieringGet">
    <failure type="java.lang.NullPointerException">
      <![CDATA[java.lang.NullPointerException
at Public.CashieringGet.TC007_getAutoApply(CashieringGet.java:174)
at java.util.ArrayList.forEach(ArrayList.java:1257)
... Removed 27 stack frames]]>
    </failure>
  </testcase> <!-- TC007_getAutoApply -->
  <testcase name="getTransactions_v_2" time="4.214" classname="Private.transactionsController"/>
  <testcase name="TC003_getCashin" time="0.852" classname="Public.CashieringGetV3"/>
  <testcase name="TC004_balances" time="1.529" classname="Public.CashieringGetV3"/>
  <testcase name="TC003_getnextReceipt" time="0.96" classname="Public.CashieringGetV3"/>
  <testcase name="TC004_getReceipt" time="1.246" classname="Public.CashieringGetV3"/>
  <testcase name="TC005_getRegisterInfo" time="0.798" classname="Public.CashieringGetV3"/>
  <testcase name="TC006_gettransactions" time="1.001" classname="Public.CashieringGetV3"/>
  <testcase name="TC007_getAutoApply" time="1.517" classname="Public.CashieringGetV3">
    <failure type="java.lang.NullPointerException">
      <![CDATA[java.lang.NullPointerException
at Public.CashieringGetV3.TC007_getAutoApply(CashieringGetV3.java:157)
at java.util.ArrayList.forEach(ArrayList.java:1257)
... Removed 27 stack frames]]>
    </failure>
  </testcase> <!-- TC007_getAutoApply -->
  <testcase name="TC001_saveReciept" time="18.467" classname="Public.CashieringPost"/>
  <testcase name="TC002_RecieptAdjustment" time="0.98" classname="Public.CashieringPost"/>
  <testcase name="TC001_saveReciept" time="8.465" classname="Public.CashieringPostV3"/>
  <testcase name="TC002_RecieptAdjustment" time="0.937" classname="Public.CashieringPostV3"/>
  <testcase name="getconsumptionHistoryController" time="3.448" classname="Public.consumptionHistoryController"/>
  <testcase name="getconsumptionHistoryController" time="2.111" classname="Public.consumptionHistoryControllerV3"/>
  <testcase name="cancelSPA_v_2" time="0.981" classname="Public.createandcancelSpa"/>
  <testcase name="createSPA_v_2" time="1.889" classname="Public.createandcancelSpa"/>
  <testcase name="putspaCalculate_v_2" time="1.105" classname="Public.createandcancelSpa"/>
  <testcase name="recancelSPA_v_2" time="3.021" classname="Public.createandcancelSpa"/>
  <testcase name="cancelSPA_v_2" time="1.02" classname="Public.createandcancelSpaV3"/>
  <testcase name="createSPA_v_2" time="0.912" classname="Public.createandcancelSpaV3"/>
  <testcase name="putspaCalculate_v_2" time="0.945" classname="Public.createandcancelSpaV3"/>
  <testcase name="recancelSPA_v_2" time="1.905" classname="Public.createandcancelSpaV3"/>
  <testcase name="getCustomerDetail_v_2" time="5.022" classname="Public.customerControllerV3"/>
  <testcase name="getCustomerbylocation_v_2" time="0.835" classname="Public.customerControllerV3"/>
  <testcase name="getCustomerBillingOptions_v2" time="1.179" classname="Public.customerControllerV3"/>
  <testcase name="getCollectionsoptions_v2" time="0.789" classname="Public.customerControllerV3"/>
  <testcase name="getOtheroptions_v2" time="0.9" classname="Public.customerControllerV3"/>
  <testcase name="getinfolabels_v2" time="0.627" classname="Public.customerControllerV3"/>
  <testcase name="getlocationsByCustomerv_2_4" time="5.813" classname="Public.customerControllerV3"/>
  <testcase name="getlocationsByCustomerv_2_4_ExcludeFormer" time="0.556" classname="Public.customerControllerV3"/>
  <testcase name="getLocationsByCustomer_v3" time="0.744" classname="Public.customerControllerV3"/>
  <testcase name="getnextCustomerId_v2" time="0.672" classname="Public.customerControllerV3"/>
  <testcase name="getCustomerDetail_v3" time="0.935" classname="Public.customerControllerV3"/>
  <testcase name="getpreauthorizepaymentplan_v2" time="1.137" classname="Public.customerControllerV3"/>
  <testcase name="putcustomersaddressv2" time="2.167" classname="Public.customerControllerV3"/>
  <testcase name="putcustomerbillingoptionv2" time="1.37" classname="Public.customerControllerV3"/>
  <testcase name="putcustomerscollectionsOptionsv2" time="1.185" classname="Public.customerControllerV3"/>
  <testcase name="putcustomersotherOptionsv2" time="0.859" classname="Public.customerControllerV3"/>
  <testcase name="putcustomersrolldownAddressCodev2" time="0.873" classname="Public.customerControllerV3"/>
  <testcase name="getCustomerDetail_v_2" time="0.53" classname="Public.customerController_v2"/>
  <testcase name="getCustomerbylocation_v_2" time="0.767" classname="Public.customerController_v2"/>
  <testcase name="getCustomerBillingOptions_v2" time="0.618" classname="Public.customerController_v2"/>
  <testcase name="getCollectionsoptions_v2" time="0.578" classname="Public.customerController_v2"/>
  <testcase name="getOtheroptions_v2" time="0.642" classname="Public.customerController_v2"/>
  <testcase name="getinfolabels_v2" time="0.551" classname="Public.customerController_v2"/>
  <testcase name="getLocationsByCustomer_v2" time="2.427" classname="Public.customerController_v2"/>
  <testcase name="getnextCustomerId_v2" time="0.626" classname="Public.customerController_v2"/>
  <testcase name="getCustomerDetail_v2" time="0.604" classname="Public.customerController_v2"/>
  <testcase name="getpreauthorizepaymentplan_v2" time="0.725" classname="Public.customerController_v2"/>
  <testcase name="putcustomersaddressv2" time="1.101" classname="Public.customerController_v2"/>
  <testcase name="putcustomerbillingoptionv2" time="0.801" classname="Public.customerController_v2"/>
  <testcase name="putcustomerscollectionsOptionsv2" time="0.843" classname="Public.customerController_v2"/>
  <testcase name="putcustomersotherOptionsv2" time="0.66" classname="Public.customerController_v2"/>
  <testcase name="putcustomersrolldownAddressCodev2" time="0.727" classname="Public.customerController_v2"/>
  <testcase name="getlocationsByCustomerv_2_4" time="1.774" classname="Public.customerController_v2_4"/>
  <testcase name="getAccountBalancesV2" time="4.163" classname="Public.GetAccountBalances"/>
  <testcase name="getAccountBalancesV24" time="0.962" classname="Public.GetAccountBalances"/>
  <testcase name="getAccountBalancesPortalv2_4" time="2.352" classname="Public.GetAccountBalances"/>
  <testcase name="getAccountBalancesV3" time="1.086" classname="Public.GetAccountBalancesV3"/>
  <testcase name="getAccountBalancesPortalv3" time="1.384" classname="Public.GetAccountBalancesV3"/>
  <testcase name="getAccountBalancesPortalv3Paymentatwork" time="1.013" classname="Public.GetAccountBalancesV3"/>
  <testcase name="postPaymentv2" time="6.709" classname="Public.PaymentExtension"/>
  <testcase name="paymentExtensionv2" time="2.636" classname="Public.PaymentExtension"/>
  <testcase name="postPaymentv2_2" time="0.585" classname="Public.PaymentExtension"/>
  <testcase name="postPaymentv3" time="0.785" classname="Public.PaymentExtensionV3"/>
  <testcase name="paymentExtensionv3" time="0.63" classname="Public.PaymentExtensionV3"/>
  <testcase name="elascticsearchcreateindex_v_2" time="0.51" classname="Public.searchController"/>
  <testcase name="getAccountsAdvanced_v_2" time="2.874" classname="Public.searchController">
    <failure type="java.lang.AssertionError" message="1 expectation failed.
Response body doesn&amp;apos;t match expectation.
Expected: &amp;quot;{\&amp;quot;result\&amp;quot;:[{\&amp;quot;AccountNumber\&amp;quot;:\&amp;quot;ELECWAT001-CUSTOMER007\&amp;quot;,\&amp;quot;CustomerId\&amp;quot;:\&amp;quot;CUSTOMER007\&amp;quot;,\&amp;quot;LocationId\&amp;quot;:\&amp;quot;ELECWAT001\&amp;quot;,\&amp;quot;CustomerName\&amp;quot;:\&amp;quot;MacKenzie, Sally E\&amp;quot;,\&amp;quot;CustomerStatus\&amp;quot;:\&amp;quot;Current\&amp;quot;,\&amp;quot;CustomerType\&amp;quot;:\&amp;quot;Individual\&amp;quot;,\&amp;quot;ServiceAddress.Line1\&amp;quot;:\&amp;quot;12 A GRAFTON n 4\&amp;quot;,\&amp;quot;ServiceAddress.City\&amp;quot;:\&amp;quot;NEW YORK\&amp;quot;,\&amp;quot;ServiceAddress.State\&amp;quot;:\&amp;quot;NY\&amp;quot;,\&amp;quot;ServiceAddress.ZipCode\&amp;quot;:\&amp;quot;12123\&amp;quot;,\&amp;quot;ServiceAddress.Country\&amp;quot;:\&amp;quot;USA\&amp;quot;,\&amp;quot;EmailAddress\&amp;quot;:\&amp;quot;\&amp;quot;,\&amp;quot;PhoneNumber\&amp;quot;:\&amp;quot;90289481380000\&amp;quot;,\&amp;quot;AccountBalance\&amp;quot;:\&amp;quot;77.74\&amp;quot;,\&amp;quot;DueDate\&amp;quot;:\&amp;quot;2019/10/05\&amp;quot;,\&amp;quot;LastPaymentAmount\&amp;quot;:\&amp;quot;75.00\&amp;quot;,\&amp;quot;LastPaymentDate\&amp;quot;:\&amp;quot;2000/04/15\&amp;quot;,\&amp;quot;PrimaryCustomerID\&amp;quot;:\&amp;quot;CUSTOMER007\&amp;quot;},{\&amp;quot;AccountNumber\&amp;quot;:\&amp;quot;LOCATION006-CUSTOMER007\&amp;quot;,\&amp;quot;CustomerId\&amp;quot;:\&amp;quot;CUSTOMER007\&amp;quot;,\&amp;quot;LocationId\&amp;quot;:\&amp;quot;LOCATION006\&amp;quot;,\&amp;quot;CustomerName\&amp;quot;:\&amp;quot;MacKenzie, Sally E\&amp;quot;,\&amp;quot;CustomerStatus\&amp;quot;:\&amp;quot;Current\&amp;quot;,\&amp;quot;CustomerType\&amp;quot;:\&amp;quot;Individual\&amp;quot;,\&amp;quot;ServiceAddress.Line1\&amp;quot;:\&amp;quot;4 Water 145\&amp;quot;,\&amp;quot;ServiceAddress.City\&amp;quot;:\&amp;quot;NEW YORK\&amp;quot;,\&amp;quot;ServiceAddress.State\&amp;quot;:\&amp;quot;NY\&amp;quot;,\&amp;quot;ServiceAddress.ZipCode\&amp;quot;:\&amp;quot;12121\&amp;quot;,\&amp;quot;ServiceAddress.Country\&amp;quot;:\&amp;quot;USA\&amp;quot;,\&amp;quot;EmailAddress\&amp;quot;:\&amp;quot;\&amp;quot;,\&amp;quot;PhoneNumber\&amp;quot;:\&amp;quot;90289481380000\&amp;quot;,\&amp;quot;AccountBalance\&amp;quot;:\&amp;quot;48.30\&amp;quot;,\&amp;quot;DueDate\&amp;quot;:\&amp;quot;2000/05/01\&amp;quot;,\&amp;quot;LastPaymentAmount\&amp;quot;:\&amp;quot;46.00\&amp;quot;,\&amp;quot;LastPaymentDate\&amp;quot;:\&amp;quot;2000/02/20\&amp;quot;,\&amp;quot;PrimaryCustomerID\&amp;quot;:\&amp;quot;CUSTOMER007\&amp;quot;},{\&amp;quot;AccountNumber\&amp;quot;:\&amp;quot;WATER002-CUSTOMER007\&amp;quot;,\&amp;quot;CustomerId\&amp;quot;:\&amp;quot;CUSTOMER007\&amp;quot;,\&amp;quot;LocationId\&amp;quot;:\&amp;quot;WATER002\&amp;quot;,\&amp;quot;CustomerName\&amp;quot;:\&amp;quot;MacKenzie, Sally E\&amp;quot;,\&amp;quot;CustomerStatus\&amp;quot;:\&amp;quot;Former\&amp;quot;,\&amp;quot;CustomerType\&amp;quot;:\&amp;quot;Individual\&amp;quot;,\&amp;quot;ServiceAddress.Line1\&amp;quot;:\&amp;quot;100 Water\&amp;quot;,\&amp;quot;ServiceAddress.City\&amp;quot;:\&amp;quot;NEW YORK\&amp;quot;,\&amp;quot;ServiceAddress.State\&amp;quot;:\&amp;quot;NY\&amp;quot;,\&amp;quot;ServiceAddress.ZipCode\&amp;quot;:\&amp;quot;32541\&amp;quot;,\&amp;quot;ServiceAddress.Country\&amp;quot;:\&amp;quot;USA\&amp;quot;,\&amp;quot;EmailAddress\&amp;quot;:\&amp;quot;\&amp;quot;,\&amp;quot;PhoneNumber\&amp;quot;:\&amp;quot;90289481380000\&amp;quot;,\&amp;quot;AccountBalance\&amp;quot;:\&amp;quot;368.77\&amp;quot;,\&amp;quot;DueDate\&amp;quot;:\&amp;quot;1997/08/14\&amp;quot;,\&amp;quot;LastPaymentAmount\&amp;quot;:\&amp;quot;100.00\&amp;quot;,\&amp;quot;LastPaymentDate\&amp;quot;:\&amp;quot;1998/01/15\&amp;quot;,\&amp;quot;PrimaryCustomerID\&amp;quot;:\&amp;quot;CUSTOMER007\&amp;quot;}]}&amp;quot;
  Actual: {&amp;quot;result&amp;quot;:[{&amp;quot;AccountNumber&amp;quot;:&amp;quot;ELECWAT001-CUSTOMER007&amp;quot;,&amp;quot;CustomerId&amp;quot;:&amp;quot;CUSTOMER007&amp;quot;,&amp;quot;LocationId&amp;quot;:&amp;quot;ELECWAT001&amp;quot;,&amp;quot;CustomerName&amp;quot;:&amp;quot;MacKenzie, Sally E&amp;quot;,&amp;quot;CustomerStatus&amp;quot;:&amp;quot;Current&amp;quot;,&amp;quot;CustomerType&amp;quot;:&amp;quot;Individual&amp;quot;,&amp;quot;ServiceAddress.Line1&amp;quot;:&amp;quot;12 A GRAFTON n 4&amp;quot;,&amp;quot;ServiceAddress.City&amp;quot;:&amp;quot;NEW YORK&amp;quot;,&amp;quot;ServiceAddress.State&amp;quot;:&amp;quot;NY&amp;quot;,&amp;quot;ServiceAddress.ZipCode&amp;quot;:&amp;quot;12123&amp;quot;,&amp;quot;ServiceAddress.Country&amp;quot;:&amp;quot;USA&amp;quot;,&amp;quot;EmailAddress&amp;quot;:&amp;quot;&amp;quot;,&amp;quot;PhoneNumber&amp;quot;:&amp;quot;90289481380000&amp;quot;,&amp;quot;AccountBalance&amp;quot;:&amp;quot;-104.24&amp;quot;,&amp;quot;DueDate&amp;quot;:&amp;quot;2019/10/05&amp;quot;,&amp;quot;LastPaymentAmount&amp;quot;:&amp;quot;75.00&amp;quot;,&amp;quot;LastPaymentDate&amp;quot;:&amp;quot;2000/04/15&amp;quot;,&amp;quot;PrimaryCustomerID&amp;quot;:&amp;quot;CUSTOMER007&amp;quot;},{&amp;quot;AccountNumber&amp;quot;:&amp;quot;LOCATION006-CUSTOMER007&amp;quot;,&amp;quot;CustomerId&amp;quot;:&amp;quot;CUSTOMER007&amp;quot;,&amp;quot;LocationId&amp;quot;:&amp;quot;LOCATION006&amp;quot;,&amp;quot;CustomerName&amp;quot;:&amp;quot;MacKenzie, Sally E&amp;quot;,&amp;quot;CustomerStatus&amp;quot;:&amp;quot;Current&amp;quot;,&amp;quot;CustomerType&amp;quot;:&amp;quot;Individual&amp;quot;,&amp;quot;ServiceAddress.Line1&amp;quot;:&amp;quot;4 Water 145&amp;quot;,&amp;quot;ServiceAddress.City&amp;quot;:&amp;quot;NEW YORK&amp;quot;,&amp;quot;ServiceAddress.State&amp;quot;:&amp;quot;NY&amp;quot;,&amp;quot;ServiceAddress.ZipCode&amp;quot;:&amp;quot;12121&amp;quot;,&amp;quot;ServiceAddress.Country&amp;quot;:&amp;quot;USA&amp;quot;,&amp;quot;EmailAddress&amp;quot;:&amp;quot;&amp;quot;,&amp;quot;PhoneNumber&amp;quot;:&amp;quot;90289481380000&amp;quot;,&amp;quot;AccountBalance&amp;quot;:&amp;quot;48.30&amp;quot;,&amp;quot;DueDate&amp;quot;:&amp;quot;2000/05/01&amp;quot;,&amp;quot;LastPaymentAmount&amp;quot;:&amp;quot;46.00&amp;quot;,&amp;quot;LastPaymentDate&amp;quot;:&amp;quot;2000/02/20&amp;quot;,&amp;quot;PrimaryCustomerID&amp;quot;:&amp;quot;CUSTOMER007&amp;quot;},{&amp;quot;AccountNumber&amp;quot;:&amp;quot;WATER002-CUSTOMER007&amp;quot;,&amp;quot;CustomerId&amp;quot;:&amp;quot;CUSTOMER007&amp;quot;,&amp;quot;LocationId&amp;quot;:&amp;quot;WATER002&amp;quot;,&amp;quot;CustomerName&amp;quot;:&amp;quot;MacKenzie, Sally E&amp;quot;,&amp;quot;CustomerStatus&amp;quot;:&amp;quot;Former&amp;quot;,&amp;quot;CustomerType&amp;quot;:&amp;quot;Individual&amp;quot;,&amp;quot;ServiceAddress.Line1&amp;quot;:&amp;quot;100 Water&amp;quot;,&amp;quot;ServiceAddress.City&amp;quot;:&amp;quot;NEW YORK&amp;quot;,&amp;quot;ServiceAddress.State&amp;quot;:&amp;quot;NY&amp;quot;,&amp;quot;ServiceAddress.ZipCode&amp;quot;:&amp;quot;32541&amp;quot;,&amp;quot;ServiceAddress.Country&amp;quot;:&amp;quot;USA&amp;quot;,&amp;quot;EmailAddress&amp;quot;:&amp;quot;&amp;quot;,&amp;quot;PhoneNumber&amp;quot;:&amp;quot;90289481380000&amp;quot;,&amp;quot;AccountBalance&amp;quot;:&amp;quot;368.77&amp;quot;,&amp;quot;DueDate&amp;quot;:&amp;quot;1997/08/14&amp;quot;,&amp;quot;LastPaymentAmount&amp;quot;:&amp;quot;100.00&amp;quot;,&amp;quot;LastPaymentDate&amp;quot;:&amp;quot;1998/01/15&amp;quot;,&amp;quot;PrimaryCustomerID&amp;quot;:&amp;quot;CUSTOMER007&amp;quot;}]}
">
      <![CDATA[java.lang.AssertionError: 1 expectation failed.
Response body doesn't match expectation.
Expected: "{\"result\":[{\"AccountNumber\":\"ELECWAT001-CUSTOMER007\",\"CustomerId\":\"CUSTOMER007\",\"LocationId\":\"ELECWAT001\",\"CustomerName\":\"MacKenzie, Sally E\",\"CustomerStatus\":\"Current\",\"CustomerType\":\"Individual\",\"ServiceAddress.Line1\":\"12 A GRAFTON n 4\",\"ServiceAddress.City\":\"NEW YORK\",\"ServiceAddress.State\":\"NY\",\"ServiceAddress.ZipCode\":\"12123\",\"ServiceAddress.Country\":\"USA\",\"EmailAddress\":\"\",\"PhoneNumber\":\"90289481380000\",\"AccountBalance\":\"77.74\",\"DueDate\":\"2019/10/05\",\"LastPaymentAmount\":\"75.00\",\"LastPaymentDate\":\"2000/04/15\",\"PrimaryCustomerID\":\"CUSTOMER007\"},{\"AccountNumber\":\"LOCATION006-CUSTOMER007\",\"CustomerId\":\"CUSTOMER007\",\"LocationId\":\"LOCATION006\",\"CustomerName\":\"MacKenzie, Sally E\",\"CustomerStatus\":\"Current\",\"CustomerType\":\"Individual\",\"ServiceAddress.Line1\":\"4 Water 145\",\"ServiceAddress.City\":\"NEW YORK\",\"ServiceAddress.State\":\"NY\",\"ServiceAddress.ZipCode\":\"12121\",\"ServiceAddress.Country\":\"USA\",\"EmailAddress\":\"\",\"PhoneNumber\":\"90289481380000\",\"AccountBalance\":\"48.30\",\"DueDate\":\"2000/05/01\",\"LastPaymentAmount\":\"46.00\",\"LastPaymentDate\":\"2000/02/20\",\"PrimaryCustomerID\":\"CUSTOMER007\"},{\"AccountNumber\":\"WATER002-CUSTOMER007\",\"CustomerId\":\"CUSTOMER007\",\"LocationId\":\"WATER002\",\"CustomerName\":\"MacKenzie, Sally E\",\"CustomerStatus\":\"Former\",\"CustomerType\":\"Individual\",\"ServiceAddress.Line1\":\"100 Water\",\"ServiceAddress.City\":\"NEW YORK\",\"ServiceAddress.State\":\"NY\",\"ServiceAddress.ZipCode\":\"32541\",\"ServiceAddress.Country\":\"USA\",\"EmailAddress\":\"\",\"PhoneNumber\":\"90289481380000\",\"AccountBalance\":\"368.77\",\"DueDate\":\"1997/08/14\",\"LastPaymentAmount\":\"100.00\",\"LastPaymentDate\":\"1998/01/15\",\"PrimaryCustomerID\":\"CUSTOMER007\"}]}"
  Actual: {"result":[{"AccountNumber":"ELECWAT001-CUSTOMER007","CustomerId":"CUSTOMER007","LocationId":"ELECWAT001","CustomerName":"MacKenzie, Sally E","CustomerStatus":"Current","CustomerType":"Individual","ServiceAddress.Line1":"12 A GRAFTON n 4","ServiceAddress.City":"NEW YORK","ServiceAddress.State":"NY","ServiceAddress.ZipCode":"12123","ServiceAddress.Country":"USA","EmailAddress":"","PhoneNumber":"90289481380000","AccountBalance":"-104.24","DueDate":"2019/10/05","LastPaymentAmount":"75.00","LastPaymentDate":"2000/04/15","PrimaryCustomerID":"CUSTOMER007"},{"AccountNumber":"LOCATION006-CUSTOMER007","CustomerId":"CUSTOMER007","LocationId":"LOCATION006","CustomerName":"MacKenzie, Sally E","CustomerStatus":"Current","CustomerType":"Individual","ServiceAddress.Line1":"4 Water 145","ServiceAddress.City":"NEW YORK","ServiceAddress.State":"NY","ServiceAddress.ZipCode":"12121","ServiceAddress.Country":"USA","EmailAddress":"","PhoneNumber":"90289481380000","AccountBalance":"48.30","DueDate":"2000/05/01","LastPaymentAmount":"46.00","LastPaymentDate":"2000/02/20","PrimaryCustomerID":"CUSTOMER007"},{"AccountNumber":"WATER002-CUSTOMER007","CustomerId":"CUSTOMER007","LocationId":"WATER002","CustomerName":"MacKenzie, Sally E","CustomerStatus":"Former","CustomerType":"Individual","ServiceAddress.Line1":"100 Water","ServiceAddress.City":"NEW YORK","ServiceAddress.State":"NY","ServiceAddress.ZipCode":"32541","ServiceAddress.Country":"USA","EmailAddress":"","PhoneNumber":"90289481380000","AccountBalance":"368.77","DueDate":"1997/08/14","LastPaymentAmount":"100.00","LastPaymentDate":"1998/01/15","PrimaryCustomerID":"CUSTOMER007"}]}

at org.codehaus.groovy.runtime.callsite.ConstructorSite$ConstructorSiteNoUnwrap.callConstructor(ConstructorSite.java:84)
at org.codehaus.groovy.runtime.callsite.AbstractCallSite.callConstructor(AbstractCallSite.java:249)
at io.restassured.internal.ResponseSpecificationImpl$HamcrestAssertionClosure.validate(ResponseSpecificationImpl.groovy:493)
at io.restassured.internal.ResponseSpecificationImpl$HamcrestAssertionClosure$validate$1.call(Unknown Source)
at io.restassured.internal.ResponseSpecificationImpl.validateResponseIfRequired(ResponseSpecificationImpl.groovy:674)
at org.codehaus.groovy.runtime.callsite.PlainObjectMetaMethodSite.doInvoke(PlainObjectMetaMethodSite.java:43)
at org.codehaus.groovy.runtime.callsite.PogoMetaMethodSite$PogoCachedMethodSiteNoUnwrapNoCoerce.invoke(PogoMetaMethodSite.java:190)
at org.codehaus.groovy.runtime.callsite.PogoMetaMethodSite.callCurrent(PogoMetaMethodSite.java:58)
at org.codehaus.groovy.runtime.callsite.AbstractCallSite.callCurrent(AbstractCallSite.java:168)
at io.restassured.internal.ResponseSpecificationImpl.body(ResponseSpecificationImpl.groovy:98)
at io.restassured.internal.ValidatableResponseOptionsImpl.body(ValidatableResponseOptionsImpl.java:238)
at io.restassured.internal.ValidatableResponseImpl.super$2$body(ValidatableResponseImpl.groovy)
at groovy.lang.MetaMethod.doMethodInvoke(MetaMethod.java:323)
at groovy.lang.MetaClassImpl.invokeMethod(MetaClassImpl.java:1217)
at org.codehaus.groovy.runtime.ScriptBytecodeAdapter.invokeMethodOnSuperN(ScriptBytecodeAdapter.java:144)
at io.restassured.internal.ValidatableResponseImpl.body(ValidatableResponseImpl.groovy:293)
at io.restassured.internal.ValidatableResponseImpl.body(ValidatableResponseImpl.groovy)
at com.NexustAPIAutomation.java.CommonMethods.getMethod(CommonMethods.java:409)
at Public.searchController.getAccountsAdvanced_v_2(searchController.java:68)
at java.util.ArrayList.forEach(ArrayList.java:1257)
... Removed 40 stack frames]]>
    </failure>
  </testcase> <!-- getAccountsAdvanced_v_2 -->
  <testcase name="getAccounts_v_2" time="1.637" classname="Public.searchController">
    <failure type="java.lang.AssertionError" message="1 expectation failed.
Response body doesn&amp;apos;t match expectation.
Expected: &amp;quot;{\&amp;quot;result\&amp;quot;:[{\&amp;quot;AccountNumber\&amp;quot;:\&amp;quot;ELECWAT001-CUSTOMER007\&amp;quot;,\&amp;quot;CustomerId\&amp;quot;:\&amp;quot;CUSTOMER007\&amp;quot;,\&amp;quot;LocationId\&amp;quot;:\&amp;quot;ELECWAT001\&amp;quot;,\&amp;quot;CustomerName\&amp;quot;:\&amp;quot;MacKenzie, Sally E\&amp;quot;,\&amp;quot;CustomerStatus\&amp;quot;:\&amp;quot;Current\&amp;quot;,\&amp;quot;CustomerType\&amp;quot;:\&amp;quot;Individual\&amp;quot;,\&amp;quot;ServiceAddress.Line1\&amp;quot;:\&amp;quot;12 A GRAFTON n 4\&amp;quot;,\&amp;quot;ServiceAddress.City\&amp;quot;:\&amp;quot;NEW YORK\&amp;quot;,\&amp;quot;ServiceAddress.State\&amp;quot;:\&amp;quot;NY\&amp;quot;,\&amp;quot;ServiceAddress.ZipCode\&amp;quot;:\&amp;quot;12123\&amp;quot;,\&amp;quot;ServiceAddress.Country\&amp;quot;:\&amp;quot;USA\&amp;quot;,\&amp;quot;EmailAddress\&amp;quot;:\&amp;quot;\&amp;quot;,\&amp;quot;PhoneNumber\&amp;quot;:\&amp;quot;90289481380000\&amp;quot;,\&amp;quot;AccountBalance\&amp;quot;:\&amp;quot;77.74\&amp;quot;,\&amp;quot;DueDate\&amp;quot;:\&amp;quot;2019/10/05\&amp;quot;,\&amp;quot;PrimaryCustomerID\&amp;quot;:\&amp;quot;CUSTOMER007\&amp;quot;},{\&amp;quot;AccountNumber\&amp;quot;:\&amp;quot;LOCATION006-CUSTOMER007\&amp;quot;,\&amp;quot;CustomerId\&amp;quot;:\&amp;quot;CUSTOMER007\&amp;quot;,\&amp;quot;LocationId\&amp;quot;:\&amp;quot;LOCATION006\&amp;quot;,\&amp;quot;CustomerName\&amp;quot;:\&amp;quot;MacKenzie, Sally E\&amp;quot;,\&amp;quot;CustomerStatus\&amp;quot;:\&amp;quot;Current\&amp;quot;,\&amp;quot;CustomerType\&amp;quot;:\&amp;quot;Individual\&amp;quot;,\&amp;quot;ServiceAddress.Line1\&amp;quot;:\&amp;quot;4 Water 145\&amp;quot;,\&amp;quot;ServiceAddress.City\&amp;quot;:\&amp;quot;NEW YORK\&amp;quot;,\&amp;quot;ServiceAddress.State\&amp;quot;:\&amp;quot;NY\&amp;quot;,\&amp;quot;ServiceAddress.ZipCode\&amp;quot;:\&amp;quot;12121\&amp;quot;,\&amp;quot;ServiceAddress.Country\&amp;quot;:\&amp;quot;USA\&amp;quot;,\&amp;quot;EmailAddress\&amp;quot;:\&amp;quot;\&amp;quot;,\&amp;quot;PhoneNumber\&amp;quot;:\&amp;quot;90289481380000\&amp;quot;,\&amp;quot;AccountBalance\&amp;quot;:\&amp;quot;48.30\&amp;quot;,\&amp;quot;DueDate\&amp;quot;:\&amp;quot;2000/05/01\&amp;quot;,\&amp;quot;PrimaryCustomerID\&amp;quot;:\&amp;quot;CUSTOMER007\&amp;quot;},{\&amp;quot;AccountNumber\&amp;quot;:\&amp;quot;WATER002-CUSTOMER007\&amp;quot;,\&amp;quot;CustomerId\&amp;quot;:\&amp;quot;CUSTOMER007\&amp;quot;,\&amp;quot;LocationId\&amp;quot;:\&amp;quot;WATER002\&amp;quot;,\&amp;quot;CustomerName\&amp;quot;:\&amp;quot;MacKenzie, Sally E\&amp;quot;,\&amp;quot;CustomerStatus\&amp;quot;:\&amp;quot;Former\&amp;quot;,\&amp;quot;CustomerType\&amp;quot;:\&amp;quot;Individual\&amp;quot;,\&amp;quot;ServiceAddress.Line1\&amp;quot;:\&amp;quot;100 Water\&amp;quot;,\&amp;quot;ServiceAddress.City\&amp;quot;:\&amp;quot;NEW YORK\&amp;quot;,\&amp;quot;ServiceAddress.State\&amp;quot;:\&amp;quot;NY\&amp;quot;,\&amp;quot;ServiceAddress.ZipCode\&amp;quot;:\&amp;quot;32541\&amp;quot;,\&amp;quot;ServiceAddress.Country\&amp;quot;:\&amp;quot;USA\&amp;quot;,\&amp;quot;EmailAddress\&amp;quot;:\&amp;quot;\&amp;quot;,\&amp;quot;PhoneNumber\&amp;quot;:\&amp;quot;90289481380000\&amp;quot;,\&amp;quot;AccountBalance\&amp;quot;:\&amp;quot;368.77\&amp;quot;,\&amp;quot;DueDate\&amp;quot;:\&amp;quot;1997/08/14\&amp;quot;,\&amp;quot;PrimaryCustomerID\&amp;quot;:\&amp;quot;CUSTOMER007\&amp;quot;}]}&amp;quot;
  Actual: {&amp;quot;result&amp;quot;:[{&amp;quot;AccountNumber&amp;quot;:&amp;quot;ELECWAT001-CUSTOMER007&amp;quot;,&amp;quot;CustomerId&amp;quot;:&amp;quot;CUSTOMER007&amp;quot;,&amp;quot;LocationId&amp;quot;:&amp;quot;ELECWAT001&amp;quot;,&amp;quot;CustomerName&amp;quot;:&amp;quot;MacKenzie, Sally E&amp;quot;,&amp;quot;CustomerStatus&amp;quot;:&amp;quot;Current&amp;quot;,&amp;quot;CustomerType&amp;quot;:&amp;quot;Individual&amp;quot;,&amp;quot;ServiceAddress.Line1&amp;quot;:&amp;quot;12 A GRAFTON n 4&amp;quot;,&amp;quot;ServiceAddress.City&amp;quot;:&amp;quot;NEW YORK&amp;quot;,&amp;quot;ServiceAddress.State&amp;quot;:&amp;quot;NY&amp;quot;,&amp;quot;ServiceAddress.ZipCode&amp;quot;:&amp;quot;12123&amp;quot;,&amp;quot;ServiceAddress.Country&amp;quot;:&amp;quot;USA&amp;quot;,&amp;quot;EmailAddress&amp;quot;:&amp;quot;&amp;quot;,&amp;quot;PhoneNumber&amp;quot;:&amp;quot;90289481380000&amp;quot;,&amp;quot;AccountBalance&amp;quot;:&amp;quot;-104.24&amp;quot;,&amp;quot;DueDate&amp;quot;:&amp;quot;2019/10/05&amp;quot;,&amp;quot;PrimaryCustomerID&amp;quot;:&amp;quot;CUSTOMER007&amp;quot;},{&amp;quot;AccountNumber&amp;quot;:&amp;quot;LOCATION006-CUSTOMER007&amp;quot;,&amp;quot;CustomerId&amp;quot;:&amp;quot;CUSTOMER007&amp;quot;,&amp;quot;LocationId&amp;quot;:&amp;quot;LOCATION006&amp;quot;,&amp;quot;CustomerName&amp;quot;:&amp;quot;MacKenzie, Sally E&amp;quot;,&amp;quot;CustomerStatus&amp;quot;:&amp;quot;Current&amp;quot;,&amp;quot;CustomerType&amp;quot;:&amp;quot;Individual&amp;quot;,&amp;quot;ServiceAddress.Line1&amp;quot;:&amp;quot;4 Water 145&amp;quot;,&amp;quot;ServiceAddress.City&amp;quot;:&amp;quot;NEW YORK&amp;quot;,&amp;quot;ServiceAddress.State&amp;quot;:&amp;quot;NY&amp;quot;,&amp;quot;ServiceAddress.ZipCode&amp;quot;:&amp;quot;12121&amp;quot;,&amp;quot;ServiceAddress.Country&amp;quot;:&amp;quot;USA&amp;quot;,&amp;quot;EmailAddress&amp;quot;:&amp;quot;&amp;quot;,&amp;quot;PhoneNumber&amp;quot;:&amp;quot;90289481380000&amp;quot;,&amp;quot;AccountBalance&amp;quot;:&amp;quot;48.30&amp;quot;,&amp;quot;DueDate&amp;quot;:&amp;quot;2000/05/01&amp;quot;,&amp;quot;PrimaryCustomerID&amp;quot;:&amp;quot;CUSTOMER007&amp;quot;},{&amp;quot;AccountNumber&amp;quot;:&amp;quot;WATER002-CUSTOMER007&amp;quot;,&amp;quot;CustomerId&amp;quot;:&amp;quot;CUSTOMER007&amp;quot;,&amp;quot;LocationId&amp;quot;:&amp;quot;WATER002&amp;quot;,&amp;quot;CustomerName&amp;quot;:&amp;quot;MacKenzie, Sally E&amp;quot;,&amp;quot;CustomerStatus&amp;quot;:&amp;quot;Former&amp;quot;,&amp;quot;CustomerType&amp;quot;:&amp;quot;Individual&amp;quot;,&amp;quot;ServiceAddress.Line1&amp;quot;:&amp;quot;100 Water&amp;quot;,&amp;quot;ServiceAddress.City&amp;quot;:&amp;quot;NEW YORK&amp;quot;,&amp;quot;ServiceAddress.State&amp;quot;:&amp;quot;NY&amp;quot;,&amp;quot;ServiceAddress.ZipCode&amp;quot;:&amp;quot;32541&amp;quot;,&amp;quot;ServiceAddress.Country&amp;quot;:&amp;quot;USA&amp;quot;,&amp;quot;EmailAddress&amp;quot;:&amp;quot;&amp;quot;,&amp;quot;PhoneNumber&amp;quot;:&amp;quot;90289481380000&amp;quot;,&amp;quot;AccountBalance&amp;quot;:&amp;quot;368.77&amp;quot;,&amp;quot;DueDate&amp;quot;:&amp;quot;1997/08/14&amp;quot;,&amp;quot;PrimaryCustomerID&amp;quot;:&amp;quot;CUSTOMER007&amp;quot;}]}
">
      <![CDATA[java.lang.AssertionError: 1 expectation failed.
Response body doesn't match expectation.
Expected: "{\"result\":[{\"AccountNumber\":\"ELECWAT001-CUSTOMER007\",\"CustomerId\":\"CUSTOMER007\",\"LocationId\":\"ELECWAT001\",\"CustomerName\":\"MacKenzie, Sally E\",\"CustomerStatus\":\"Current\",\"CustomerType\":\"Individual\",\"ServiceAddress.Line1\":\"12 A GRAFTON n 4\",\"ServiceAddress.City\":\"NEW YORK\",\"ServiceAddress.State\":\"NY\",\"ServiceAddress.ZipCode\":\"12123\",\"ServiceAddress.Country\":\"USA\",\"EmailAddress\":\"\",\"PhoneNumber\":\"90289481380000\",\"AccountBalance\":\"77.74\",\"DueDate\":\"2019/10/05\",\"PrimaryCustomerID\":\"CUSTOMER007\"},{\"AccountNumber\":\"LOCATION006-CUSTOMER007\",\"CustomerId\":\"CUSTOMER007\",\"LocationId\":\"LOCATION006\",\"CustomerName\":\"MacKenzie, Sally E\",\"CustomerStatus\":\"Current\",\"CustomerType\":\"Individual\",\"ServiceAddress.Line1\":\"4 Water 145\",\"ServiceAddress.City\":\"NEW YORK\",\"ServiceAddress.State\":\"NY\",\"ServiceAddress.ZipCode\":\"12121\",\"ServiceAddress.Country\":\"USA\",\"EmailAddress\":\"\",\"PhoneNumber\":\"90289481380000\",\"AccountBalance\":\"48.30\",\"DueDate\":\"2000/05/01\",\"PrimaryCustomerID\":\"CUSTOMER007\"},{\"AccountNumber\":\"WATER002-CUSTOMER007\",\"CustomerId\":\"CUSTOMER007\",\"LocationId\":\"WATER002\",\"CustomerName\":\"MacKenzie, Sally E\",\"CustomerStatus\":\"Former\",\"CustomerType\":\"Individual\",\"ServiceAddress.Line1\":\"100 Water\",\"ServiceAddress.City\":\"NEW YORK\",\"ServiceAddress.State\":\"NY\",\"ServiceAddress.ZipCode\":\"32541\",\"ServiceAddress.Country\":\"USA\",\"EmailAddress\":\"\",\"PhoneNumber\":\"90289481380000\",\"AccountBalance\":\"368.77\",\"DueDate\":\"1997/08/14\",\"PrimaryCustomerID\":\"CUSTOMER007\"}]}"
  Actual: {"result":[{"AccountNumber":"ELECWAT001-CUSTOMER007","CustomerId":"CUSTOMER007","LocationId":"ELECWAT001","CustomerName":"MacKenzie, Sally E","CustomerStatus":"Current","CustomerType":"Individual","ServiceAddress.Line1":"12 A GRAFTON n 4","ServiceAddress.City":"NEW YORK","ServiceAddress.State":"NY","ServiceAddress.ZipCode":"12123","ServiceAddress.Country":"USA","EmailAddress":"","PhoneNumber":"90289481380000","AccountBalance":"-104.24","DueDate":"2019/10/05","PrimaryCustomerID":"CUSTOMER007"},{"AccountNumber":"LOCATION006-CUSTOMER007","CustomerId":"CUSTOMER007","LocationId":"LOCATION006","CustomerName":"MacKenzie, Sally E","CustomerStatus":"Current","CustomerType":"Individual","ServiceAddress.Line1":"4 Water 145","ServiceAddress.City":"NEW YORK","ServiceAddress.State":"NY","ServiceAddress.ZipCode":"12121","ServiceAddress.Country":"USA","EmailAddress":"","PhoneNumber":"90289481380000","AccountBalance":"48.30","DueDate":"2000/05/01","PrimaryCustomerID":"CUSTOMER007"},{"AccountNumber":"WATER002-CUSTOMER007","CustomerId":"CUSTOMER007","LocationId":"WATER002","CustomerName":"MacKenzie, Sally E","CustomerStatus":"Former","CustomerType":"Individual","ServiceAddress.Line1":"100 Water","ServiceAddress.City":"NEW YORK","ServiceAddress.State":"NY","ServiceAddress.ZipCode":"32541","ServiceAddress.Country":"USA","EmailAddress":"","PhoneNumber":"90289481380000","AccountBalance":"368.77","DueDate":"1997/08/14","PrimaryCustomerID":"CUSTOMER007"}]}

at org.codehaus.groovy.runtime.callsite.ConstructorSite$ConstructorSiteNoUnwrap.callConstructor(ConstructorSite.java:84)
at org.codehaus.groovy.runtime.callsite.AbstractCallSite.callConstructor(AbstractCallSite.java:249)
at io.restassured.internal.ResponseSpecificationImpl$HamcrestAssertionClosure.validate(ResponseSpecificationImpl.groovy:493)
at io.restassured.internal.ResponseSpecificationImpl$HamcrestAssertionClosure$validate$1.call(Unknown Source)
at io.restassured.internal.ResponseSpecificationImpl.validateResponseIfRequired(ResponseSpecificationImpl.groovy:674)
at org.codehaus.groovy.runtime.callsite.PlainObjectMetaMethodSite.doInvoke(PlainObjectMetaMethodSite.java:43)
at org.codehaus.groovy.runtime.callsite.PogoMetaMethodSite$PogoCachedMethodSiteNoUnwrapNoCoerce.invoke(PogoMetaMethodSite.java:190)
at org.codehaus.groovy.runtime.callsite.PogoMetaMethodSite.callCurrent(PogoMetaMethodSite.java:58)
at org.codehaus.groovy.runtime.callsite.AbstractCallSite.callCurrent(AbstractCallSite.java:168)
at io.restassured.internal.ResponseSpecificationImpl.body(ResponseSpecificationImpl.groovy:98)
at io.restassured.internal.ValidatableResponseOptionsImpl.body(ValidatableResponseOptionsImpl.java:238)
at io.restassured.internal.ValidatableResponseImpl.super$2$body(ValidatableResponseImpl.groovy)
at groovy.lang.MetaMethod.doMethodInvoke(MetaMethod.java:323)
at groovy.lang.MetaClassImpl.invokeMethod(MetaClassImpl.java:1217)
at org.codehaus.groovy.runtime.ScriptBytecodeAdapter.invokeMethodOnSuperN(ScriptBytecodeAdapter.java:144)
at io.restassured.internal.ValidatableResponseImpl.body(ValidatableResponseImpl.groovy:293)
at io.restassured.internal.ValidatableResponseImpl.body(ValidatableResponseImpl.groovy)
at com.NexustAPIAutomation.java.CommonMethods.getMethod(CommonMethods.java:409)
at Public.searchController.getAccounts_v_2(searchController.java:44)
at java.util.ArrayList.forEach(ArrayList.java:1257)
... Removed 40 stack frames]]>
    </failure>
  </testcase> <!-- getAccounts_v_2 -->
  <testcase name="getCustomer_v2" time="0.759" classname="Public.searchController"/>
  <testcase name="getindex_v2" time="1.674" classname="Public.searchController"/>
  <testcase name="elascticsearchcreateindex_v_3" time="0.481" classname="Public.searchControllerV3"/>
  <testcase name="getAccounts_v_3" time="1.289" classname="Public.searchControllerV3">
    <failure type="java.lang.AssertionError" message="1 expectation failed.
Response body doesn&amp;apos;t match expectation.
Expected: &amp;quot;{\&amp;quot;result\&amp;quot;:[{\&amp;quot;AccountNumber\&amp;quot;:\&amp;quot;ELECWAT001-CUSTOMER007\&amp;quot;,\&amp;quot;CustomerId\&amp;quot;:\&amp;quot;CUSTOMER007\&amp;quot;,\&amp;quot;LocationId\&amp;quot;:\&amp;quot;ELECWAT001\&amp;quot;,\&amp;quot;CustomerName\&amp;quot;:\&amp;quot;MacKenzie, Sally E\&amp;quot;,\&amp;quot;CustomerStatus\&amp;quot;:\&amp;quot;Current\&amp;quot;,\&amp;quot;CustomerType\&amp;quot;:\&amp;quot;Individual\&amp;quot;,\&amp;quot;ServiceAddress.Line1\&amp;quot;:\&amp;quot;12 A GRAFTON n 4\&amp;quot;,\&amp;quot;ServiceAddress.City\&amp;quot;:\&amp;quot;NEW YORK\&amp;quot;,\&amp;quot;ServiceAddress.State\&amp;quot;:\&amp;quot;NY\&amp;quot;,\&amp;quot;ServiceAddress.ZipCode\&amp;quot;:\&amp;quot;12123\&amp;quot;,\&amp;quot;ServiceAddress.Country\&amp;quot;:\&amp;quot;USA\&amp;quot;,\&amp;quot;EmailAddress\&amp;quot;:\&amp;quot;\&amp;quot;,\&amp;quot;PhoneNumber\&amp;quot;:\&amp;quot;90289481380000\&amp;quot;,\&amp;quot;AccountBalance\&amp;quot;:\&amp;quot;77.74\&amp;quot;,\&amp;quot;DueDate\&amp;quot;:\&amp;quot;2019/10/05\&amp;quot;,\&amp;quot;PrimaryCustomerID\&amp;quot;:\&amp;quot;CUSTOMER007\&amp;quot;},{\&amp;quot;AccountNumber\&amp;quot;:\&amp;quot;LOCATION006-CUSTOMER007\&amp;quot;,\&amp;quot;CustomerId\&amp;quot;:\&amp;quot;CUSTOMER007\&amp;quot;,\&amp;quot;LocationId\&amp;quot;:\&amp;quot;LOCATION006\&amp;quot;,\&amp;quot;CustomerName\&amp;quot;:\&amp;quot;MacKenzie, Sally E\&amp;quot;,\&amp;quot;CustomerStatus\&amp;quot;:\&amp;quot;Current\&amp;quot;,\&amp;quot;CustomerType\&amp;quot;:\&amp;quot;Individual\&amp;quot;,\&amp;quot;ServiceAddress.Line1\&amp;quot;:\&amp;quot;4 Water 145\&amp;quot;,\&amp;quot;ServiceAddress.City\&amp;quot;:\&amp;quot;NEW YORK\&amp;quot;,\&amp;quot;ServiceAddress.State\&amp;quot;:\&amp;quot;NY\&amp;quot;,\&amp;quot;ServiceAddress.ZipCode\&amp;quot;:\&amp;quot;12121\&amp;quot;,\&amp;quot;ServiceAddress.Country\&amp;quot;:\&amp;quot;USA\&amp;quot;,\&amp;quot;EmailAddress\&amp;quot;:\&amp;quot;\&amp;quot;,\&amp;quot;PhoneNumber\&amp;quot;:\&amp;quot;90289481380000\&amp;quot;,\&amp;quot;AccountBalance\&amp;quot;:\&amp;quot;48.30\&amp;quot;,\&amp;quot;DueDate\&amp;quot;:\&amp;quot;2000/05/01\&amp;quot;,\&amp;quot;PrimaryCustomerID\&amp;quot;:\&amp;quot;CUSTOMER007\&amp;quot;},{\&amp;quot;AccountNumber\&amp;quot;:\&amp;quot;WATER002-CUSTOMER007\&amp;quot;,\&amp;quot;CustomerId\&amp;quot;:\&amp;quot;CUSTOMER007\&amp;quot;,\&amp;quot;LocationId\&amp;quot;:\&amp;quot;WATER002\&amp;quot;,\&amp;quot;CustomerName\&amp;quot;:\&amp;quot;MacKenzie, Sally E\&amp;quot;,\&amp;quot;CustomerStatus\&amp;quot;:\&amp;quot;Former\&amp;quot;,\&amp;quot;CustomerType\&amp;quot;:\&amp;quot;Individual\&amp;quot;,\&amp;quot;ServiceAddress.Line1\&amp;quot;:\&amp;quot;100 Water\&amp;quot;,\&amp;quot;ServiceAddress.City\&amp;quot;:\&amp;quot;NEW YORK\&amp;quot;,\&amp;quot;ServiceAddress.State\&amp;quot;:\&amp;quot;NY\&amp;quot;,\&amp;quot;ServiceAddress.ZipCode\&amp;quot;:\&amp;quot;32541\&amp;quot;,\&amp;quot;ServiceAddress.Country\&amp;quot;:\&amp;quot;USA\&amp;quot;,\&amp;quot;EmailAddress\&amp;quot;:\&amp;quot;\&amp;quot;,\&amp;quot;PhoneNumber\&amp;quot;:\&amp;quot;90289481380000\&amp;quot;,\&amp;quot;AccountBalance\&amp;quot;:\&amp;quot;368.77\&amp;quot;,\&amp;quot;DueDate\&amp;quot;:\&amp;quot;1997/08/14\&amp;quot;,\&amp;quot;PrimaryCustomerID\&amp;quot;:\&amp;quot;CUSTOMER007\&amp;quot;}]}&amp;quot;
  Actual: {&amp;quot;result&amp;quot;:[{&amp;quot;AccountNumber&amp;quot;:&amp;quot;ELECWAT001-CUSTOMER007&amp;quot;,&amp;quot;CustomerId&amp;quot;:&amp;quot;CUSTOMER007&amp;quot;,&amp;quot;LocationId&amp;quot;:&amp;quot;ELECWAT001&amp;quot;,&amp;quot;CustomerName&amp;quot;:&amp;quot;MacKenzie, Sally E&amp;quot;,&amp;quot;CustomerStatus&amp;quot;:&amp;quot;Current&amp;quot;,&amp;quot;CustomerType&amp;quot;:&amp;quot;Individual&amp;quot;,&amp;quot;ServiceAddress.Line1&amp;quot;:&amp;quot;12 A GRAFTON n 4&amp;quot;,&amp;quot;ServiceAddress.City&amp;quot;:&amp;quot;NEW YORK&amp;quot;,&amp;quot;ServiceAddress.State&amp;quot;:&amp;quot;NY&amp;quot;,&amp;quot;ServiceAddress.ZipCode&amp;quot;:&amp;quot;12123&amp;quot;,&amp;quot;ServiceAddress.Country&amp;quot;:&amp;quot;USA&amp;quot;,&amp;quot;EmailAddress&amp;quot;:&amp;quot;&amp;quot;,&amp;quot;PhoneNumber&amp;quot;:&amp;quot;90289481380000&amp;quot;,&amp;quot;AccountBalance&amp;quot;:&amp;quot;-104.24&amp;quot;,&amp;quot;DueDate&amp;quot;:&amp;quot;2019/10/05&amp;quot;,&amp;quot;PrimaryCustomerID&amp;quot;:&amp;quot;CUSTOMER007&amp;quot;},{&amp;quot;AccountNumber&amp;quot;:&amp;quot;LOCATION006-CUSTOMER007&amp;quot;,&amp;quot;CustomerId&amp;quot;:&amp;quot;CUSTOMER007&amp;quot;,&amp;quot;LocationId&amp;quot;:&amp;quot;LOCATION006&amp;quot;,&amp;quot;CustomerName&amp;quot;:&amp;quot;MacKenzie, Sally E&amp;quot;,&amp;quot;CustomerStatus&amp;quot;:&amp;quot;Current&amp;quot;,&amp;quot;CustomerType&amp;quot;:&amp;quot;Individual&amp;quot;,&amp;quot;ServiceAddress.Line1&amp;quot;:&amp;quot;4 Water 145&amp;quot;,&amp;quot;ServiceAddress.City&amp;quot;:&amp;quot;NEW YORK&amp;quot;,&amp;quot;ServiceAddress.State&amp;quot;:&amp;quot;NY&amp;quot;,&amp;quot;ServiceAddress.ZipCode&amp;quot;:&amp;quot;12121&amp;quot;,&amp;quot;ServiceAddress.Country&amp;quot;:&amp;quot;USA&amp;quot;,&amp;quot;EmailAddress&amp;quot;:&amp;quot;&amp;quot;,&amp;quot;PhoneNumber&amp;quot;:&amp;quot;90289481380000&amp;quot;,&amp;quot;AccountBalance&amp;quot;:&amp;quot;48.30&amp;quot;,&amp;quot;DueDate&amp;quot;:&amp;quot;2000/05/01&amp;quot;,&amp;quot;PrimaryCustomerID&amp;quot;:&amp;quot;CUSTOMER007&amp;quot;},{&amp;quot;AccountNumber&amp;quot;:&amp;quot;WATER002-CUSTOMER007&amp;quot;,&amp;quot;CustomerId&amp;quot;:&amp;quot;CUSTOMER007&amp;quot;,&amp;quot;LocationId&amp;quot;:&amp;quot;WATER002&amp;quot;,&amp;quot;CustomerName&amp;quot;:&amp;quot;MacKenzie, Sally E&amp;quot;,&amp;quot;CustomerStatus&amp;quot;:&amp;quot;Former&amp;quot;,&amp;quot;CustomerType&amp;quot;:&amp;quot;Individual&amp;quot;,&amp;quot;ServiceAddress.Line1&amp;quot;:&amp;quot;100 Water&amp;quot;,&amp;quot;ServiceAddress.City&amp;quot;:&amp;quot;NEW YORK&amp;quot;,&amp;quot;ServiceAddress.State&amp;quot;:&amp;quot;NY&amp;quot;,&amp;quot;ServiceAddress.ZipCode&amp;quot;:&amp;quot;32541&amp;quot;,&amp;quot;ServiceAddress.Country&amp;quot;:&amp;quot;USA&amp;quot;,&amp;quot;EmailAddress&amp;quot;:&amp;quot;&amp;quot;,&amp;quot;PhoneNumber&amp;quot;:&amp;quot;90289481380000&amp;quot;,&amp;quot;AccountBalance&amp;quot;:&amp;quot;368.77&amp;quot;,&amp;quot;DueDate&amp;quot;:&amp;quot;1997/08/14&amp;quot;,&amp;quot;PrimaryCustomerID&amp;quot;:&amp;quot;CUSTOMER007&amp;quot;}]}
">
      <![CDATA[java.lang.AssertionError: 1 expectation failed.
Response body doesn't match expectation.
Expected: "{\"result\":[{\"AccountNumber\":\"ELECWAT001-CUSTOMER007\",\"CustomerId\":\"CUSTOMER007\",\"LocationId\":\"ELECWAT001\",\"CustomerName\":\"MacKenzie, Sally E\",\"CustomerStatus\":\"Current\",\"CustomerType\":\"Individual\",\"ServiceAddress.Line1\":\"12 A GRAFTON n 4\",\"ServiceAddress.City\":\"NEW YORK\",\"ServiceAddress.State\":\"NY\",\"ServiceAddress.ZipCode\":\"12123\",\"ServiceAddress.Country\":\"USA\",\"EmailAddress\":\"\",\"PhoneNumber\":\"90289481380000\",\"AccountBalance\":\"77.74\",\"DueDate\":\"2019/10/05\",\"PrimaryCustomerID\":\"CUSTOMER007\"},{\"AccountNumber\":\"LOCATION006-CUSTOMER007\",\"CustomerId\":\"CUSTOMER007\",\"LocationId\":\"LOCATION006\",\"CustomerName\":\"MacKenzie, Sally E\",\"CustomerStatus\":\"Current\",\"CustomerType\":\"Individual\",\"ServiceAddress.Line1\":\"4 Water 145\",\"ServiceAddress.City\":\"NEW YORK\",\"ServiceAddress.State\":\"NY\",\"ServiceAddress.ZipCode\":\"12121\",\"ServiceAddress.Country\":\"USA\",\"EmailAddress\":\"\",\"PhoneNumber\":\"90289481380000\",\"AccountBalance\":\"48.30\",\"DueDate\":\"2000/05/01\",\"PrimaryCustomerID\":\"CUSTOMER007\"},{\"AccountNumber\":\"WATER002-CUSTOMER007\",\"CustomerId\":\"CUSTOMER007\",\"LocationId\":\"WATER002\",\"CustomerName\":\"MacKenzie, Sally E\",\"CustomerStatus\":\"Former\",\"CustomerType\":\"Individual\",\"ServiceAddress.Line1\":\"100 Water\",\"ServiceAddress.City\":\"NEW YORK\",\"ServiceAddress.State\":\"NY\",\"ServiceAddress.ZipCode\":\"32541\",\"ServiceAddress.Country\":\"USA\",\"EmailAddress\":\"\",\"PhoneNumber\":\"90289481380000\",\"AccountBalance\":\"368.77\",\"DueDate\":\"1997/08/14\",\"PrimaryCustomerID\":\"CUSTOMER007\"}]}"
  Actual: {"result":[{"AccountNumber":"ELECWAT001-CUSTOMER007","CustomerId":"CUSTOMER007","LocationId":"ELECWAT001","CustomerName":"MacKenzie, Sally E","CustomerStatus":"Current","CustomerType":"Individual","ServiceAddress.Line1":"12 A GRAFTON n 4","ServiceAddress.City":"NEW YORK","ServiceAddress.State":"NY","ServiceAddress.ZipCode":"12123","ServiceAddress.Country":"USA","EmailAddress":"","PhoneNumber":"90289481380000","AccountBalance":"-104.24","DueDate":"2019/10/05","PrimaryCustomerID":"CUSTOMER007"},{"AccountNumber":"LOCATION006-CUSTOMER007","CustomerId":"CUSTOMER007","LocationId":"LOCATION006","CustomerName":"MacKenzie, Sally E","CustomerStatus":"Current","CustomerType":"Individual","ServiceAddress.Line1":"4 Water 145","ServiceAddress.City":"NEW YORK","ServiceAddress.State":"NY","ServiceAddress.ZipCode":"12121","ServiceAddress.Country":"USA","EmailAddress":"","PhoneNumber":"90289481380000","AccountBalance":"48.30","DueDate":"2000/05/01","PrimaryCustomerID":"CUSTOMER007"},{"AccountNumber":"WATER002-CUSTOMER007","CustomerId":"CUSTOMER007","LocationId":"WATER002","CustomerName":"MacKenzie, Sally E","CustomerStatus":"Former","CustomerType":"Individual","ServiceAddress.Line1":"100 Water","ServiceAddress.City":"NEW YORK","ServiceAddress.State":"NY","ServiceAddress.ZipCode":"32541","ServiceAddress.Country":"USA","EmailAddress":"","PhoneNumber":"90289481380000","AccountBalance":"368.77","DueDate":"1997/08/14","PrimaryCustomerID":"CUSTOMER007"}]}

at org.codehaus.groovy.runtime.callsite.ConstructorSite$ConstructorSiteNoUnwrap.callConstructor(ConstructorSite.java:84)
at org.codehaus.groovy.runtime.callsite.AbstractCallSite.callConstructor(AbstractCallSite.java:249)
at io.restassured.internal.ResponseSpecificationImpl$HamcrestAssertionClosure.validate(ResponseSpecificationImpl.groovy:493)
at io.restassured.internal.ResponseSpecificationImpl$HamcrestAssertionClosure$validate$1.call(Unknown Source)
at io.restassured.internal.ResponseSpecificationImpl.validateResponseIfRequired(ResponseSpecificationImpl.groovy:674)
at org.codehaus.groovy.runtime.callsite.PlainObjectMetaMethodSite.doInvoke(PlainObjectMetaMethodSite.java:43)
at org.codehaus.groovy.runtime.callsite.PogoMetaMethodSite$PogoCachedMethodSiteNoUnwrapNoCoerce.invoke(PogoMetaMethodSite.java:190)
at org.codehaus.groovy.runtime.callsite.PogoMetaMethodSite.callCurrent(PogoMetaMethodSite.java:58)
at org.codehaus.groovy.runtime.callsite.AbstractCallSite.callCurrent(AbstractCallSite.java:168)
at io.restassured.internal.ResponseSpecificationImpl.body(ResponseSpecificationImpl.groovy:98)
at io.restassured.internal.ValidatableResponseOptionsImpl.body(ValidatableResponseOptionsImpl.java:238)
at io.restassured.internal.ValidatableResponseImpl.super$2$body(ValidatableResponseImpl.groovy)
at groovy.lang.MetaMethod.doMethodInvoke(MetaMethod.java:323)
at groovy.lang.MetaClassImpl.invokeMethod(MetaClassImpl.java:1217)
at org.codehaus.groovy.runtime.ScriptBytecodeAdapter.invokeMethodOnSuperN(ScriptBytecodeAdapter.java:144)
at io.restassured.internal.ValidatableResponseImpl.body(ValidatableResponseImpl.groovy:293)
at io.restassured.internal.ValidatableResponseImpl.body(ValidatableResponseImpl.groovy)
at com.NexustAPIAutomation.java.CommonMethods.getMethod(CommonMethods.java:409)
at Public.searchControllerV3.getAccounts_v_3(searchControllerV3.java:44)
at java.util.ArrayList.forEach(ArrayList.java:1257)
... Removed 40 stack frames]]>
    </failure>
  </testcase> <!-- getAccounts_v_3 -->
  <testcase name="getAccountsAdvanced_v_3" time="1.354" classname="Public.searchControllerV3">
    <failure type="java.lang.AssertionError" message="1 expectation failed.
Response body doesn&amp;apos;t match expectation.
Expected: &amp;quot;{\&amp;quot;result\&amp;quot;:[{\&amp;quot;AccountNumber\&amp;quot;:\&amp;quot;ELECWAT001-CUSTOMER007\&amp;quot;,\&amp;quot;CustomerId\&amp;quot;:\&amp;quot;CUSTOMER007\&amp;quot;,\&amp;quot;LocationId\&amp;quot;:\&amp;quot;ELECWAT001\&amp;quot;,\&amp;quot;CustomerName\&amp;quot;:\&amp;quot;MacKenzie, Sally E\&amp;quot;,\&amp;quot;CustomerStatus\&amp;quot;:\&amp;quot;Current\&amp;quot;,\&amp;quot;CustomerType\&amp;quot;:\&amp;quot;Individual\&amp;quot;,\&amp;quot;ServiceAddress.Line1\&amp;quot;:\&amp;quot;12 A GRAFTON n 4\&amp;quot;,\&amp;quot;ServiceAddress.City\&amp;quot;:\&amp;quot;NEW YORK\&amp;quot;,\&amp;quot;ServiceAddress.State\&amp;quot;:\&amp;quot;NY\&amp;quot;,\&amp;quot;ServiceAddress.ZipCode\&amp;quot;:\&amp;quot;12123\&amp;quot;,\&amp;quot;ServiceAddress.Country\&amp;quot;:\&amp;quot;USA\&amp;quot;,\&amp;quot;EmailAddress\&amp;quot;:\&amp;quot;\&amp;quot;,\&amp;quot;PhoneNumber\&amp;quot;:\&amp;quot;90289481380000\&amp;quot;,\&amp;quot;AccountBalance\&amp;quot;:\&amp;quot;77.74\&amp;quot;,\&amp;quot;DueDate\&amp;quot;:\&amp;quot;2019/10/05\&amp;quot;,\&amp;quot;LastPaymentAmount\&amp;quot;:\&amp;quot;75.00\&amp;quot;,\&amp;quot;LastPaymentDate\&amp;quot;:\&amp;quot;2000/04/15\&amp;quot;,\&amp;quot;PrimaryCustomerID\&amp;quot;:\&amp;quot;CUSTOMER007\&amp;quot;},{\&amp;quot;AccountNumber\&amp;quot;:\&amp;quot;LOCATION006-CUSTOMER007\&amp;quot;,\&amp;quot;CustomerId\&amp;quot;:\&amp;quot;CUSTOMER007\&amp;quot;,\&amp;quot;LocationId\&amp;quot;:\&amp;quot;LOCATION006\&amp;quot;,\&amp;quot;CustomerName\&amp;quot;:\&amp;quot;MacKenzie, Sally E\&amp;quot;,\&amp;quot;CustomerStatus\&amp;quot;:\&amp;quot;Current\&amp;quot;,\&amp;quot;CustomerType\&amp;quot;:\&amp;quot;Individual\&amp;quot;,\&amp;quot;ServiceAddress.Line1\&amp;quot;:\&amp;quot;4 Water 145\&amp;quot;,\&amp;quot;ServiceAddress.City\&amp;quot;:\&amp;quot;NEW YORK\&amp;quot;,\&amp;quot;ServiceAddress.State\&amp;quot;:\&amp;quot;NY\&amp;quot;,\&amp;quot;ServiceAddress.ZipCode\&amp;quot;:\&amp;quot;12121\&amp;quot;,\&amp;quot;ServiceAddress.Country\&amp;quot;:\&amp;quot;USA\&amp;quot;,\&amp;quot;EmailAddress\&amp;quot;:\&amp;quot;\&amp;quot;,\&amp;quot;PhoneNumber\&amp;quot;:\&amp;quot;90289481380000\&amp;quot;,\&amp;quot;AccountBalance\&amp;quot;:\&amp;quot;48.30\&amp;quot;,\&amp;quot;DueDate\&amp;quot;:\&amp;quot;2000/05/01\&amp;quot;,\&amp;quot;LastPaymentAmount\&amp;quot;:\&amp;quot;46.00\&amp;quot;,\&amp;quot;LastPaymentDate\&amp;quot;:\&amp;quot;2000/02/20\&amp;quot;,\&amp;quot;PrimaryCustomerID\&amp;quot;:\&amp;quot;CUSTOMER007\&amp;quot;},{\&amp;quot;AccountNumber\&amp;quot;:\&amp;quot;WATER002-CUSTOMER007\&amp;quot;,\&amp;quot;CustomerId\&amp;quot;:\&amp;quot;CUSTOMER007\&amp;quot;,\&amp;quot;LocationId\&amp;quot;:\&amp;quot;WATER002\&amp;quot;,\&amp;quot;CustomerName\&amp;quot;:\&amp;quot;MacKenzie, Sally E\&amp;quot;,\&amp;quot;CustomerStatus\&amp;quot;:\&amp;quot;Former\&amp;quot;,\&amp;quot;CustomerType\&amp;quot;:\&amp;quot;Individual\&amp;quot;,\&amp;quot;ServiceAddress.Line1\&amp;quot;:\&amp;quot;100 Water\&amp;quot;,\&amp;quot;ServiceAddress.City\&amp;quot;:\&amp;quot;NEW YORK\&amp;quot;,\&amp;quot;ServiceAddress.State\&amp;quot;:\&amp;quot;NY\&amp;quot;,\&amp;quot;ServiceAddress.ZipCode\&amp;quot;:\&amp;quot;32541\&amp;quot;,\&amp;quot;ServiceAddress.Country\&amp;quot;:\&amp;quot;USA\&amp;quot;,\&amp;quot;EmailAddress\&amp;quot;:\&amp;quot;\&amp;quot;,\&amp;quot;PhoneNumber\&amp;quot;:\&amp;quot;90289481380000\&amp;quot;,\&amp;quot;AccountBalance\&amp;quot;:\&amp;quot;368.77\&amp;quot;,\&amp;quot;DueDate\&amp;quot;:\&amp;quot;1997/08/14\&amp;quot;,\&amp;quot;LastPaymentAmount\&amp;quot;:\&amp;quot;100.00\&amp;quot;,\&amp;quot;LastPaymentDate\&amp;quot;:\&amp;quot;1998/01/15\&amp;quot;,\&amp;quot;PrimaryCustomerID\&amp;quot;:\&amp;quot;CUSTOMER007\&amp;quot;}]}&amp;quot;
  Actual: {&amp;quot;result&amp;quot;:[{&amp;quot;AccountNumber&amp;quot;:&amp;quot;ELECWAT001-CUSTOMER007&amp;quot;,&amp;quot;CustomerId&amp;quot;:&amp;quot;CUSTOMER007&amp;quot;,&amp;quot;LocationId&amp;quot;:&amp;quot;ELECWAT001&amp;quot;,&amp;quot;CustomerName&amp;quot;:&amp;quot;MacKenzie, Sally E&amp;quot;,&amp;quot;CustomerStatus&amp;quot;:&amp;quot;Current&amp;quot;,&amp;quot;CustomerType&amp;quot;:&amp;quot;Individual&amp;quot;,&amp;quot;ServiceAddress.Line1&amp;quot;:&amp;quot;12 A GRAFTON n 4&amp;quot;,&amp;quot;ServiceAddress.City&amp;quot;:&amp;quot;NEW YORK&amp;quot;,&amp;quot;ServiceAddress.State&amp;quot;:&amp;quot;NY&amp;quot;,&amp;quot;ServiceAddress.ZipCode&amp;quot;:&amp;quot;12123&amp;quot;,&amp;quot;ServiceAddress.Country&amp;quot;:&amp;quot;USA&amp;quot;,&amp;quot;EmailAddress&amp;quot;:&amp;quot;&amp;quot;,&amp;quot;PhoneNumber&amp;quot;:&amp;quot;90289481380000&amp;quot;,&amp;quot;AccountBalance&amp;quot;:&amp;quot;-104.24&amp;quot;,&amp;quot;DueDate&amp;quot;:&amp;quot;2019/10/05&amp;quot;,&amp;quot;LastPaymentAmount&amp;quot;:&amp;quot;75.00&amp;quot;,&amp;quot;LastPaymentDate&amp;quot;:&amp;quot;2000/04/15&amp;quot;,&amp;quot;PrimaryCustomerID&amp;quot;:&amp;quot;CUSTOMER007&amp;quot;},{&amp;quot;AccountNumber&amp;quot;:&amp;quot;LOCATION006-CUSTOMER007&amp;quot;,&amp;quot;CustomerId&amp;quot;:&amp;quot;CUSTOMER007&amp;quot;,&amp;quot;LocationId&amp;quot;:&amp;quot;LOCATION006&amp;quot;,&amp;quot;CustomerName&amp;quot;:&amp;quot;MacKenzie, Sally E&amp;quot;,&amp;quot;CustomerStatus&amp;quot;:&amp;quot;Current&amp;quot;,&amp;quot;CustomerType&amp;quot;:&amp;quot;Individual&amp;quot;,&amp;quot;ServiceAddress.Line1&amp;quot;:&amp;quot;4 Water 145&amp;quot;,&amp;quot;ServiceAddress.City&amp;quot;:&amp;quot;NEW YORK&amp;quot;,&amp;quot;ServiceAddress.State&amp;quot;:&amp;quot;NY&amp;quot;,&amp;quot;ServiceAddress.ZipCode&amp;quot;:&amp;quot;12121&amp;quot;,&amp;quot;ServiceAddress.Country&amp;quot;:&amp;quot;USA&amp;quot;,&amp;quot;EmailAddress&amp;quot;:&amp;quot;&amp;quot;,&amp;quot;PhoneNumber&amp;quot;:&amp;quot;90289481380000&amp;quot;,&amp;quot;AccountBalance&amp;quot;:&amp;quot;48.30&amp;quot;,&amp;quot;DueDate&amp;quot;:&amp;quot;2000/05/01&amp;quot;,&amp;quot;LastPaymentAmount&amp;quot;:&amp;quot;46.00&amp;quot;,&amp;quot;LastPaymentDate&amp;quot;:&amp;quot;2000/02/20&amp;quot;,&amp;quot;PrimaryCustomerID&amp;quot;:&amp;quot;CUSTOMER007&amp;quot;},{&amp;quot;AccountNumber&amp;quot;:&amp;quot;WATER002-CUSTOMER007&amp;quot;,&amp;quot;CustomerId&amp;quot;:&amp;quot;CUSTOMER007&amp;quot;,&amp;quot;LocationId&amp;quot;:&amp;quot;WATER002&amp;quot;,&amp;quot;CustomerName&amp;quot;:&amp;quot;MacKenzie, Sally E&amp;quot;,&amp;quot;CustomerStatus&amp;quot;:&amp;quot;Former&amp;quot;,&amp;quot;CustomerType&amp;quot;:&amp;quot;Individual&amp;quot;,&amp;quot;ServiceAddress.Line1&amp;quot;:&amp;quot;100 Water&amp;quot;,&amp;quot;ServiceAddress.City&amp;quot;:&amp;quot;NEW YORK&amp;quot;,&amp;quot;ServiceAddress.State&amp;quot;:&amp;quot;NY&amp;quot;,&amp;quot;ServiceAddress.ZipCode&amp;quot;:&amp;quot;32541&amp;quot;,&amp;quot;ServiceAddress.Country&amp;quot;:&amp;quot;USA&amp;quot;,&amp;quot;EmailAddress&amp;quot;:&amp;quot;&amp;quot;,&amp;quot;PhoneNumber&amp;quot;:&amp;quot;90289481380000&amp;quot;,&amp;quot;AccountBalance&amp;quot;:&amp;quot;368.77&amp;quot;,&amp;quot;DueDate&amp;quot;:&amp;quot;1997/08/14&amp;quot;,&amp;quot;LastPaymentAmount&amp;quot;:&amp;quot;100.00&amp;quot;,&amp;quot;LastPaymentDate&amp;quot;:&amp;quot;1998/01/15&amp;quot;,&amp;quot;PrimaryCustomerID&amp;quot;:&amp;quot;CUSTOMER007&amp;quot;}]}
">
      <![CDATA[java.lang.AssertionError: 1 expectation failed.
Response body doesn't match expectation.
Expected: "{\"result\":[{\"AccountNumber\":\"ELECWAT001-CUSTOMER007\",\"CustomerId\":\"CUSTOMER007\",\"LocationId\":\"ELECWAT001\",\"CustomerName\":\"MacKenzie, Sally E\",\"CustomerStatus\":\"Current\",\"CustomerType\":\"Individual\",\"ServiceAddress.Line1\":\"12 A GRAFTON n 4\",\"ServiceAddress.City\":\"NEW YORK\",\"ServiceAddress.State\":\"NY\",\"ServiceAddress.ZipCode\":\"12123\",\"ServiceAddress.Country\":\"USA\",\"EmailAddress\":\"\",\"PhoneNumber\":\"90289481380000\",\"AccountBalance\":\"77.74\",\"DueDate\":\"2019/10/05\",\"LastPaymentAmount\":\"75.00\",\"LastPaymentDate\":\"2000/04/15\",\"PrimaryCustomerID\":\"CUSTOMER007\"},{\"AccountNumber\":\"LOCATION006-CUSTOMER007\",\"CustomerId\":\"CUSTOMER007\",\"LocationId\":\"LOCATION006\",\"CustomerName\":\"MacKenzie, Sally E\",\"CustomerStatus\":\"Current\",\"CustomerType\":\"Individual\",\"ServiceAddress.Line1\":\"4 Water 145\",\"ServiceAddress.City\":\"NEW YORK\",\"ServiceAddress.State\":\"NY\",\"ServiceAddress.ZipCode\":\"12121\",\"ServiceAddress.Country\":\"USA\",\"EmailAddress\":\"\",\"PhoneNumber\":\"90289481380000\",\"AccountBalance\":\"48.30\",\"DueDate\":\"2000/05/01\",\"LastPaymentAmount\":\"46.00\",\"LastPaymentDate\":\"2000/02/20\",\"PrimaryCustomerID\":\"CUSTOMER007\"},{\"AccountNumber\":\"WATER002-CUSTOMER007\",\"CustomerId\":\"CUSTOMER007\",\"LocationId\":\"WATER002\",\"CustomerName\":\"MacKenzie, Sally E\",\"CustomerStatus\":\"Former\",\"CustomerType\":\"Individual\",\"ServiceAddress.Line1\":\"100 Water\",\"ServiceAddress.City\":\"NEW YORK\",\"ServiceAddress.State\":\"NY\",\"ServiceAddress.ZipCode\":\"32541\",\"ServiceAddress.Country\":\"USA\",\"EmailAddress\":\"\",\"PhoneNumber\":\"90289481380000\",\"AccountBalance\":\"368.77\",\"DueDate\":\"1997/08/14\",\"LastPaymentAmount\":\"100.00\",\"LastPaymentDate\":\"1998/01/15\",\"PrimaryCustomerID\":\"CUSTOMER007\"}]}"
  Actual: {"result":[{"AccountNumber":"ELECWAT001-CUSTOMER007","CustomerId":"CUSTOMER007","LocationId":"ELECWAT001","CustomerName":"MacKenzie, Sally E","CustomerStatus":"Current","CustomerType":"Individual","ServiceAddress.Line1":"12 A GRAFTON n 4","ServiceAddress.City":"NEW YORK","ServiceAddress.State":"NY","ServiceAddress.ZipCode":"12123","ServiceAddress.Country":"USA","EmailAddress":"","PhoneNumber":"90289481380000","AccountBalance":"-104.24","DueDate":"2019/10/05","LastPaymentAmount":"75.00","LastPaymentDate":"2000/04/15","PrimaryCustomerID":"CUSTOMER007"},{"AccountNumber":"LOCATION006-CUSTOMER007","CustomerId":"CUSTOMER007","LocationId":"LOCATION006","CustomerName":"MacKenzie, Sally E","CustomerStatus":"Current","CustomerType":"Individual","ServiceAddress.Line1":"4 Water 145","ServiceAddress.City":"NEW YORK","ServiceAddress.State":"NY","ServiceAddress.ZipCode":"12121","ServiceAddress.Country":"USA","EmailAddress":"","PhoneNumber":"90289481380000","AccountBalance":"48.30","DueDate":"2000/05/01","LastPaymentAmount":"46.00","LastPaymentDate":"2000/02/20","PrimaryCustomerID":"CUSTOMER007"},{"AccountNumber":"WATER002-CUSTOMER007","CustomerId":"CUSTOMER007","LocationId":"WATER002","CustomerName":"MacKenzie, Sally E","CustomerStatus":"Former","CustomerType":"Individual","ServiceAddress.Line1":"100 Water","ServiceAddress.City":"NEW YORK","ServiceAddress.State":"NY","ServiceAddress.ZipCode":"32541","ServiceAddress.Country":"USA","EmailAddress":"","PhoneNumber":"90289481380000","AccountBalance":"368.77","DueDate":"1997/08/14","LastPaymentAmount":"100.00","LastPaymentDate":"1998/01/15","PrimaryCustomerID":"CUSTOMER007"}]}

at org.codehaus.groovy.runtime.callsite.ConstructorSite$ConstructorSiteNoUnwrap.callConstructor(ConstructorSite.java:84)
at org.codehaus.groovy.runtime.callsite.AbstractCallSite.callConstructor(AbstractCallSite.java:249)
at io.restassured.internal.ResponseSpecificationImpl$HamcrestAssertionClosure.validate(ResponseSpecificationImpl.groovy:493)
at io.restassured.internal.ResponseSpecificationImpl$HamcrestAssertionClosure$validate$1.call(Unknown Source)
at io.restassured.internal.ResponseSpecificationImpl.validateResponseIfRequired(ResponseSpecificationImpl.groovy:674)
at org.codehaus.groovy.runtime.callsite.PlainObjectMetaMethodSite.doInvoke(PlainObjectMetaMethodSite.java:43)
at org.codehaus.groovy.runtime.callsite.PogoMetaMethodSite$PogoCachedMethodSiteNoUnwrapNoCoerce.invoke(PogoMetaMethodSite.java:190)
at org.codehaus.groovy.runtime.callsite.PogoMetaMethodSite.callCurrent(PogoMetaMethodSite.java:58)
at org.codehaus.groovy.runtime.callsite.AbstractCallSite.callCurrent(AbstractCallSite.java:168)
at io.restassured.internal.ResponseSpecificationImpl.body(ResponseSpecificationImpl.groovy:98)
at io.restassured.internal.ValidatableResponseOptionsImpl.body(ValidatableResponseOptionsImpl.java:238)
at io.restassured.internal.ValidatableResponseImpl.super$2$body(ValidatableResponseImpl.groovy)
at groovy.lang.MetaMethod.doMethodInvoke(MetaMethod.java:323)
at groovy.lang.MetaClassImpl.invokeMethod(MetaClassImpl.java:1217)
at org.codehaus.groovy.runtime.ScriptBytecodeAdapter.invokeMethodOnSuperN(ScriptBytecodeAdapter.java:144)
at io.restassured.internal.ValidatableResponseImpl.body(ValidatableResponseImpl.groovy:293)
at io.restassured.internal.ValidatableResponseImpl.body(ValidatableResponseImpl.groovy)
at com.NexustAPIAutomation.java.CommonMethods.getMethod(CommonMethods.java:409)
at Public.searchControllerV3.getAccountsAdvanced_v_3(searchControllerV3.java:68)
at java.util.ArrayList.forEach(ArrayList.java:1257)
... Removed 40 stack frames]]>
    </failure>
  </testcase> <!-- getAccountsAdvanced_v_3 -->
  <testcase name="getCustomer_v3" time="0.568" classname="Public.searchControllerV3"/>
  <testcase name="getindex_v3" time="0.637" classname="Public.searchControllerV3"/>
  <testcase name="getServicesByLocation_v_2" time="1.944" classname="Public.ServiceLocationv2"/>
  <testcase name="getServicesByLocation_v_3" time="1.45" classname="Public.ServiceLocationV3"/>
  <testcase name="postcreateServiceOrder_v2" time="4.1" classname="Public.ServiceOrderController"/>
  <testcase name="postcreateServiceOrder_v2_ERROR" time="1.421" classname="Public.ServiceOrderController"/>
  <testcase name="getServiceOrder_v2" time="0.699" classname="Public.ServiceOrderController"/>
  <testcase name="getServiceOrderRequestDetails_v2" time="0.646" classname="Public.ServiceOrderController"/>
  <testcase name="getServiceOrderRequestDetailsbyOptional_v2" time="2.291" classname="Public.ServiceOrderController"/>
  <testcase name="putaddMeterReading_v_2" time="1.633" classname="Public.ServiceOrderController">
    <failure type="java.lang.AssertionError" message="1 expectation failed.
Response body doesn&amp;apos;t match expectation.
Expected: a string containing &amp;quot;false&amp;quot;
  Actual: {&amp;quot;result&amp;quot;:[{&amp;quot;id&amp;quot;:&amp;quot;READ00000000917&amp;quot;,&amp;quot;success&amp;quot;:true,&amp;quot;message&amp;quot;:&amp;quot;created&amp;quot;}]}
">
      <![CDATA[java.lang.AssertionError: 1 expectation failed.
Response body doesn't match expectation.
Expected: a string containing "false"
  Actual: {"result":[{"id":"READ00000000917","success":true,"message":"created"}]}

at org.codehaus.groovy.runtime.callsite.ConstructorSite$ConstructorSiteNoUnwrap.callConstructor(ConstructorSite.java:84)
at org.codehaus.groovy.runtime.callsite.AbstractCallSite.callConstructor(AbstractCallSite.java:249)
at io.restassured.internal.ResponseSpecificationImpl$HamcrestAssertionClosure.validate(ResponseSpecificationImpl.groovy:493)
at io.restassured.internal.ResponseSpecificationImpl$HamcrestAssertionClosure$validate$1.call(Unknown Source)
at io.restassured.internal.ResponseSpecificationImpl.validateResponseIfRequired(ResponseSpecificationImpl.groovy:674)
at org.codehaus.groovy.runtime.callsite.PlainObjectMetaMethodSite.doInvoke(PlainObjectMetaMethodSite.java:43)
at org.codehaus.groovy.runtime.callsite.PogoMetaMethodSite$PogoCachedMethodSiteNoUnwrapNoCoerce.invoke(PogoMetaMethodSite.java:190)
at org.codehaus.groovy.runtime.callsite.PogoMetaMethodSite.callCurrent(PogoMetaMethodSite.java:58)
at org.codehaus.groovy.runtime.callsite.AbstractCallSite.callCurrent(AbstractCallSite.java:168)
at io.restassured.internal.ResponseSpecificationImpl.body(ResponseSpecificationImpl.groovy:98)
at io.restassured.internal.ValidatableResponseOptionsImpl.body(ValidatableResponseOptionsImpl.java:238)
at io.restassured.internal.ValidatableResponseImpl.super$2$body(ValidatableResponseImpl.groovy)
at groovy.lang.MetaMethod.doMethodInvoke(MetaMethod.java:323)
at groovy.lang.MetaClassImpl.invokeMethod(MetaClassImpl.java:1217)
at org.codehaus.groovy.runtime.ScriptBytecodeAdapter.invokeMethodOnSuperN(ScriptBytecodeAdapter.java:144)
at io.restassured.internal.ValidatableResponseImpl.body(ValidatableResponseImpl.groovy:293)
at io.restassured.internal.ValidatableResponseImpl.body(ValidatableResponseImpl.groovy)
at Public.ServiceOrderController.putaddMeterReading_v_2(ServiceOrderController.java:141)
at java.util.ArrayList.forEach(ArrayList.java:1257)
... Removed 40 stack frames]]>
    </failure>
  </testcase> <!-- putaddMeterReading_v_2 -->
  <testcase name="putupdatecomment_v_2" time="0.552" classname="Public.ServiceOrderController"/>
  <testcase name="putaddMiscCharge_v_2" time="14.51" classname="Public.ServiceOrderController"/>
  <testcase name="putTaskComplete_v_2" time="0.664" classname="Public.ServiceOrderController"/>
  <testcase name="putswitchMeter_v_2" time="1.994" classname="Public.ServiceOrderController"/>
  <testcase name="putTaskCompleteNocharge_v2_3" time="0.865" classname="Public.ServiceOrderController"/>
  <testcase name="postcreateServiceOrder_v2_3_1" time="7.289" classname="Public.ServiceOrderController">
    <failure type="java.lang.AssertionError" message="1 expectation failed.
Response body doesn&amp;apos;t match expectation.
Expected: a string containing &amp;quot;\&amp;quot;Success\&amp;quot;:true&amp;quot;
  Actual: {&amp;quot;ServiceOrder&amp;quot;:{&amp;quot;Success&amp;quot;:false,&amp;quot;Data&amp;quot;:null,&amp;quot;Messages&amp;quot;:[{&amp;quot;Enabled&amp;quot;:1,&amp;quot;Info&amp;quot;:&amp;quot;Service order number does not exist&amp;quot;,&amp;quot;Level&amp;quot;:3}]}}
">
      <![CDATA[java.lang.AssertionError: 1 expectation failed.
Response body doesn't match expectation.
Expected: a string containing "\"Success\":true"
  Actual: {"ServiceOrder":{"Success":false,"Data":null,"Messages":[{"Enabled":1,"Info":"Service order number does not exist","Level":3}]}}

at org.codehaus.groovy.runtime.callsite.ConstructorSite$ConstructorSiteNoUnwrap.callConstructor(ConstructorSite.java:84)
at org.codehaus.groovy.runtime.callsite.AbstractCallSite.callConstructor(AbstractCallSite.java:249)
at io.restassured.internal.ResponseSpecificationImpl$HamcrestAssertionClosure.validate(ResponseSpecificationImpl.groovy:493)
at io.restassured.internal.ResponseSpecificationImpl$HamcrestAssertionClosure$validate$1.call(Unknown Source)
at io.restassured.internal.ResponseSpecificationImpl.validateResponseIfRequired(ResponseSpecificationImpl.groovy:674)
at org.codehaus.groovy.runtime.callsite.PlainObjectMetaMethodSite.doInvoke(PlainObjectMetaMethodSite.java:43)
at org.codehaus.groovy.runtime.callsite.PogoMetaMethodSite$PogoCachedMethodSiteNoUnwrapNoCoerce.invoke(PogoMetaMethodSite.java:190)
at org.codehaus.groovy.runtime.callsite.PogoMetaMethodSite.callCurrent(PogoMetaMethodSite.java:58)
at org.codehaus.groovy.runtime.callsite.AbstractCallSite.callCurrent(AbstractCallSite.java:168)
at io.restassured.internal.ResponseSpecificationImpl.body(ResponseSpecificationImpl.groovy:98)
at io.restassured.internal.ValidatableResponseOptionsImpl.body(ValidatableResponseOptionsImpl.java:238)
at io.restassured.internal.ValidatableResponseImpl.super$2$body(ValidatableResponseImpl.groovy)
at groovy.lang.MetaMethod.doMethodInvoke(MetaMethod.java:323)
at groovy.lang.MetaClassImpl.invokeMethod(MetaClassImpl.java:1217)
at org.codehaus.groovy.runtime.ScriptBytecodeAdapter.invokeMethodOnSuperN(ScriptBytecodeAdapter.java:144)
at io.restassured.internal.ValidatableResponseImpl.body(ValidatableResponseImpl.groovy:293)
at io.restassured.internal.ValidatableResponseImpl.body(ValidatableResponseImpl.groovy)
at Public.ServiceOrderController.putTaskComplete_v_2_4(ServiceOrderController.java:286)
at Public.ServiceOrderController.postcreateServiceOrder_v2_3_1(ServiceOrderController.java:242)
at java.util.ArrayList.forEach(ArrayList.java:1257)
... Removed 40 stack frames]]>
    </failure>
  </testcase> <!-- postcreateServiceOrder_v2_3_1 -->
  <testcase name="postcreateServiceOrder_v3" time="2.281" classname="Public.ServiceOrderControllerV3"/>
  <testcase name="getServiceOrder_v3" time="0.824" classname="Public.ServiceOrderControllerV3"/>
  <testcase name="getServiceOrderRequestDetails_v3" time="0.679" classname="Public.ServiceOrderControllerV3"/>
  <testcase name="getServiceOrderRequestDetailsbyOptional_v3" time="0.764" classname="Public.ServiceOrderControllerV3"/>
  <testcase name="putaddMeterReading_v_3" time="0.708" classname="Public.ServiceOrderControllerV3"/>
  <testcase name="putupdatecomment_v_3" time="0.657" classname="Public.ServiceOrderControllerV3"/>
  <testcase name="putaddMiscCharge_v_3" time="0.992" classname="Public.ServiceOrderControllerV3"/>
  <testcase name="putTaskComplete_v_3" time="0.636" classname="Public.ServiceOrderControllerV3"/>
  <testcase name="putswitchMeter_v_3" time="0.774" classname="Public.ServiceOrderControllerV3"/>
  <testcase name="putTaskCompleteNocharge_v3" time="0.497" classname="Public.ServiceOrderControllerV3"/>
  <testcase name="getoutstandingDocuments_v_2" time="1.318" classname="Public.spaController"/>
  <testcase name="getheaderInfo_v_2" time="0.821" classname="Public.spaController"/>
  <testcase name="getspadetails_v_2" time="0.916" classname="Public.spaController"/>
  <testcase name="getspadocuments_v_2" time="0.787" classname="Public.spaController"/>
  <testcase name="putcalculatedocuments_v_2" time="0.563" classname="Public.spaController"/>
  <testcase name="getcalculatedocuments_v_2" time="0.522" classname="Public.spaController"/>
  <testcase name="getspaAccountBalances_v_2" time="0.717" classname="Public.spaController"/>
  <testcase name="getoutstandingDocuments_v_3" time="0.693" classname="Public.spaControllerV3"/>
  <testcase name="getheaderInfo_v_3" time="0.542" classname="Public.spaControllerV3"/>
  <testcase name="getspadetails_v_3" time="0.584" classname="Public.spaControllerV3"/>
  <testcase name="getspadocuments_v_3" time="0.575" classname="Public.spaControllerV3"/>
  <testcase name="putcalculatedocuments_v_3" time="0.651" classname="Public.spaControllerV3"/>
  <testcase name="getcalculatedocuments_v_3" time="0.668" classname="Public.spaControllerV3"/>
  <testcase name="getspaAccountBalances_v_3" time="0.664" classname="Public.spaControllerV3"/>
  <testcase name="getdepositpaymentPlan_v_3" time="0.636" classname="Public.TestAPI"/>
  <testcase name="postsmartlistfavorite_v_3" time="0.8" classname="Public.TestAPI">
    <failure type="java.lang.NullPointerException">
      <![CDATA[java.lang.NullPointerException
at Public.TestAPI.postsmartlistfavorite_v_3(TestAPI.java:72)
at java.util.ArrayList.forEach(ArrayList.java:1257)
... Removed 27 stack frames]]>
    </failure>
  </testcase> <!-- postsmartlistfavorite_v_3 -->
</testsuite> <!-- Nexus Api Test Automation Regression Suit -->
