<?xml version="1.0" encoding="UTF-8"?>
<!-- Generated by org.testng.reporters.JUnitXMLReporter -->
<testsuite hostname="RND-BASE-A" ignored="111" name="Nexus View - Api Automation Regression Suit" tests="11" failures="2" timestamp="2022-10-04T00:06:04 PDT" time="21.739" errors="0">
  <testcase name="elascticsearchcreateindex_v_2" time="8.938" classname="Public.searchController"/>
  <testcase name="getAccountsAdvanced_v_2" time="5.018" classname="Public.searchController"/>
  <testcase name="getAccounts_v_2" time="1.524" classname="Public.searchController">
    <failure type="java.lang.AssertionError" message="1 expectation failed.
Response body doesn&amp;apos;t match expectation.
Expected: &amp;quot;{\&amp;quot;result\&amp;quot;:[{\&amp;quot;AccountNumber\&amp;quot;:\&amp;quot;ELECWAT001-CUSTOMER007\&amp;quot;,\&amp;quot;CustomerId\&amp;quot;:\&amp;quot;CUSTOMER007\&amp;quot;,\&amp;quot;LocationId\&amp;quot;:\&amp;quot;ELECWAT001\&amp;quot;,\&amp;quot;CustomerName\&amp;quot;:\&amp;quot;MacKenzie, Sally E\&amp;quot;,\&amp;quot;CustomerStatus\&amp;quot;:\&amp;quot;Current\&amp;quot;,\&amp;quot;CustomerType\&amp;quot;:\&amp;quot;Individual\&amp;quot;,\&amp;quot;ServiceAddress.Line1\&amp;quot;:\&amp;quot;12 A GRAFTON n 4\&amp;quot;,\&amp;quot;ServiceAddress.City\&amp;quot;:\&amp;quot;NEW YORK\&amp;quot;,\&amp;quot;ServiceAddress.State\&amp;quot;:\&amp;quot;NY\&amp;quot;,\&amp;quot;ServiceAddress.ZipCode\&amp;quot;:\&amp;quot;12123\&amp;quot;,\&amp;quot;ServiceAddress.Country\&amp;quot;:\&amp;quot;USA\&amp;quot;,\&amp;quot;EmailAddress\&amp;quot;:\&amp;quot;\&amp;quot;,\&amp;quot;PhoneNumber\&amp;quot;:\&amp;quot;90289481380000\&amp;quot;,\&amp;quot;AccountBalance\&amp;quot;:\&amp;quot;168.73\&amp;quot;,\&amp;quot;DueDate\&amp;quot;:\&amp;quot;2019/10/05\&amp;quot;,\&amp;quot;PrimaryCustomerID\&amp;quot;:\&amp;quot;CUSTOMER007\&amp;quot;},{\&amp;quot;AccountNumber\&amp;quot;:\&amp;quot;LOCATION006-CUSTOMER007\&amp;quot;,\&amp;quot;CustomerId\&amp;quot;:\&amp;quot;CUSTOMER007\&amp;quot;,\&amp;quot;LocationId\&amp;quot;:\&amp;quot;LOCATION006\&amp;quot;,\&amp;quot;CustomerName\&amp;quot;:\&amp;quot;MacKenzie, Sally E\&amp;quot;,\&amp;quot;CustomerStatus\&amp;quot;:\&amp;quot;Current\&amp;quot;,\&amp;quot;CustomerType\&amp;quot;:\&amp;quot;Individual\&amp;quot;,\&amp;quot;ServiceAddress.Line1\&amp;quot;:\&amp;quot;4 Water 145\&amp;quot;,\&amp;quot;ServiceAddress.City\&amp;quot;:\&amp;quot;NEW YORK\&amp;quot;,\&amp;quot;ServiceAddress.State\&amp;quot;:\&amp;quot;NY\&amp;quot;,\&amp;quot;ServiceAddress.ZipCode\&amp;quot;:\&amp;quot;12121\&amp;quot;,\&amp;quot;ServiceAddress.Country\&amp;quot;:\&amp;quot;USA\&amp;quot;,\&amp;quot;EmailAddress\&amp;quot;:\&amp;quot;\&amp;quot;,\&amp;quot;PhoneNumber\&amp;quot;:\&amp;quot;90289481380000\&amp;quot;,\&amp;quot;AccountBalance\&amp;quot;:\&amp;quot;48.30\&amp;quot;,\&amp;quot;DueDate\&amp;quot;:\&amp;quot;2000/05/01\&amp;quot;,\&amp;quot;PrimaryCustomerID\&amp;quot;:\&amp;quot;CUSTOMER007\&amp;quot;},{\&amp;quot;AccountNumber\&amp;quot;:\&amp;quot;WATER002-CUSTOMER007\&amp;quot;,\&amp;quot;CustomerId\&amp;quot;:\&amp;quot;CUSTOMER007\&amp;quot;,\&amp;quot;LocationId\&amp;quot;:\&amp;quot;WATER002\&amp;quot;,\&amp;quot;CustomerName\&amp;quot;:\&amp;quot;MacKenzie, Sally E\&amp;quot;,\&amp;quot;CustomerStatus\&amp;quot;:\&amp;quot;Former\&amp;quot;,\&amp;quot;CustomerType\&amp;quot;:\&amp;quot;Individual\&amp;quot;,\&amp;quot;ServiceAddress.Line1\&amp;quot;:\&amp;quot;100 Water\&amp;quot;,\&amp;quot;ServiceAddress.City\&amp;quot;:\&amp;quot;NEW YORK\&amp;quot;,\&amp;quot;ServiceAddress.State\&amp;quot;:\&amp;quot;NY\&amp;quot;,\&amp;quot;ServiceAddress.ZipCode\&amp;quot;:\&amp;quot;32541\&amp;quot;,\&amp;quot;ServiceAddress.Country\&amp;quot;:\&amp;quot;USA\&amp;quot;,\&amp;quot;EmailAddress\&amp;quot;:\&amp;quot;\&amp;quot;,\&amp;quot;PhoneNumber\&amp;quot;:\&amp;quot;90289481380000\&amp;quot;,\&amp;quot;AccountBalance\&amp;quot;:\&amp;quot;368.77\&amp;quot;,\&amp;quot;DueDate\&amp;quot;:\&amp;quot;1997/08/14\&amp;quot;,\&amp;quot;PrimaryCustomerID\&amp;quot;:\&amp;quot;CUSTOMER007\&amp;quot;}]}&amp;quot;
  Actual: {&amp;quot;result&amp;quot;:[{&amp;quot;AccountNumber&amp;quot;:&amp;quot;ELECWAT001-CUSTOMER007&amp;quot;,&amp;quot;CustomerId&amp;quot;:&amp;quot;CUSTOMER007&amp;quot;,&amp;quot;LocationId&amp;quot;:&amp;quot;ELECWAT001&amp;quot;,&amp;quot;CustomerName&amp;quot;:&amp;quot;MacKenzie, Sally E&amp;quot;,&amp;quot;CustomerStatus&amp;quot;:&amp;quot;Current&amp;quot;,&amp;quot;CustomerType&amp;quot;:&amp;quot;Individual&amp;quot;,&amp;quot;ServiceAddress.Line1&amp;quot;:&amp;quot;12 A GRAFTON n 4&amp;quot;,&amp;quot;ServiceAddress.City&amp;quot;:&amp;quot;NEW YORK&amp;quot;,&amp;quot;ServiceAddress.State&amp;quot;:&amp;quot;NY&amp;quot;,&amp;quot;ServiceAddress.ZipCode&amp;quot;:&amp;quot;12123&amp;quot;,&amp;quot;ServiceAddress.Country&amp;quot;:&amp;quot;USA&amp;quot;,&amp;quot;EmailAddress&amp;quot;:&amp;quot;&amp;quot;,&amp;quot;PhoneNumber&amp;quot;:&amp;quot;90289481380000&amp;quot;,&amp;quot;AccountBalance&amp;quot;:&amp;quot;77.74&amp;quot;,&amp;quot;DueDate&amp;quot;:&amp;quot;2019/10/05&amp;quot;,&amp;quot;PrimaryCustomerID&amp;quot;:&amp;quot;CUSTOMER007&amp;quot;},{&amp;quot;AccountNumber&amp;quot;:&amp;quot;LOCATION006-CUSTOMER007&amp;quot;,&amp;quot;CustomerId&amp;quot;:&amp;quot;CUSTOMER007&amp;quot;,&amp;quot;LocationId&amp;quot;:&amp;quot;LOCATION006&amp;quot;,&amp;quot;CustomerName&amp;quot;:&amp;quot;MacKenzie, Sally E&amp;quot;,&amp;quot;CustomerStatus&amp;quot;:&amp;quot;Current&amp;quot;,&amp;quot;CustomerType&amp;quot;:&amp;quot;Individual&amp;quot;,&amp;quot;ServiceAddress.Line1&amp;quot;:&amp;quot;4 Water 145&amp;quot;,&amp;quot;ServiceAddress.City&amp;quot;:&amp;quot;NEW YORK&amp;quot;,&amp;quot;ServiceAddress.State&amp;quot;:&amp;quot;NY&amp;quot;,&amp;quot;ServiceAddress.ZipCode&amp;quot;:&amp;quot;12121&amp;quot;,&amp;quot;ServiceAddress.Country&amp;quot;:&amp;quot;USA&amp;quot;,&amp;quot;EmailAddress&amp;quot;:&amp;quot;&amp;quot;,&amp;quot;PhoneNumber&amp;quot;:&amp;quot;90289481380000&amp;quot;,&amp;quot;AccountBalance&amp;quot;:&amp;quot;48.30&amp;quot;,&amp;quot;DueDate&amp;quot;:&amp;quot;2000/05/01&amp;quot;,&amp;quot;PrimaryCustomerID&amp;quot;:&amp;quot;CUSTOMER007&amp;quot;},{&amp;quot;AccountNumber&amp;quot;:&amp;quot;WATER002-CUSTOMER007&amp;quot;,&amp;quot;CustomerId&amp;quot;:&amp;quot;CUSTOMER007&amp;quot;,&amp;quot;LocationId&amp;quot;:&amp;quot;WATER002&amp;quot;,&amp;quot;CustomerName&amp;quot;:&amp;quot;MacKenzie, Sally E&amp;quot;,&amp;quot;CustomerStatus&amp;quot;:&amp;quot;Former&amp;quot;,&amp;quot;CustomerType&amp;quot;:&amp;quot;Individual&amp;quot;,&amp;quot;ServiceAddress.Line1&amp;quot;:&amp;quot;100 Water&amp;quot;,&amp;quot;ServiceAddress.City&amp;quot;:&amp;quot;NEW YORK&amp;quot;,&amp;quot;ServiceAddress.State&amp;quot;:&amp;quot;NY&amp;quot;,&amp;quot;ServiceAddress.ZipCode&amp;quot;:&amp;quot;32541&amp;quot;,&amp;quot;ServiceAddress.Country&amp;quot;:&amp;quot;USA&amp;quot;,&amp;quot;EmailAddress&amp;quot;:&amp;quot;&amp;quot;,&amp;quot;PhoneNumber&amp;quot;:&amp;quot;90289481380000&amp;quot;,&amp;quot;AccountBalance&amp;quot;:&amp;quot;368.77&amp;quot;,&amp;quot;DueDate&amp;quot;:&amp;quot;1997/08/14&amp;quot;,&amp;quot;PrimaryCustomerID&amp;quot;:&amp;quot;CUSTOMER007&amp;quot;}]}
">
      <![CDATA[java.lang.AssertionError: 1 expectation failed.
Response body doesn't match expectation.
Expected: "{\"result\":[{\"AccountNumber\":\"ELECWAT001-CUSTOMER007\",\"CustomerId\":\"CUSTOMER007\",\"LocationId\":\"ELECWAT001\",\"CustomerName\":\"MacKenzie, Sally E\",\"CustomerStatus\":\"Current\",\"CustomerType\":\"Individual\",\"ServiceAddress.Line1\":\"12 A GRAFTON n 4\",\"ServiceAddress.City\":\"NEW YORK\",\"ServiceAddress.State\":\"NY\",\"ServiceAddress.ZipCode\":\"12123\",\"ServiceAddress.Country\":\"USA\",\"EmailAddress\":\"\",\"PhoneNumber\":\"90289481380000\",\"AccountBalance\":\"168.73\",\"DueDate\":\"2019/10/05\",\"PrimaryCustomerID\":\"CUSTOMER007\"},{\"AccountNumber\":\"LOCATION006-CUSTOMER007\",\"CustomerId\":\"CUSTOMER007\",\"LocationId\":\"LOCATION006\",\"CustomerName\":\"MacKenzie, Sally E\",\"CustomerStatus\":\"Current\",\"CustomerType\":\"Individual\",\"ServiceAddress.Line1\":\"4 Water 145\",\"ServiceAddress.City\":\"NEW YORK\",\"ServiceAddress.State\":\"NY\",\"ServiceAddress.ZipCode\":\"12121\",\"ServiceAddress.Country\":\"USA\",\"EmailAddress\":\"\",\"PhoneNumber\":\"90289481380000\",\"AccountBalance\":\"48.30\",\"DueDate\":\"2000/05/01\",\"PrimaryCustomerID\":\"CUSTOMER007\"},{\"AccountNumber\":\"WATER002-CUSTOMER007\",\"CustomerId\":\"CUSTOMER007\",\"LocationId\":\"WATER002\",\"CustomerName\":\"MacKenzie, Sally E\",\"CustomerStatus\":\"Former\",\"CustomerType\":\"Individual\",\"ServiceAddress.Line1\":\"100 Water\",\"ServiceAddress.City\":\"NEW YORK\",\"ServiceAddress.State\":\"NY\",\"ServiceAddress.ZipCode\":\"32541\",\"ServiceAddress.Country\":\"USA\",\"EmailAddress\":\"\",\"PhoneNumber\":\"90289481380000\",\"AccountBalance\":\"368.77\",\"DueDate\":\"1997/08/14\",\"PrimaryCustomerID\":\"CUSTOMER007\"}]}"
  Actual: {"result":[{"AccountNumber":"ELECWAT001-CUSTOMER007","CustomerId":"CUSTOMER007","LocationId":"ELECWAT001","CustomerName":"MacKenzie, Sally E","CustomerStatus":"Current","CustomerType":"Individual","ServiceAddress.Line1":"12 A GRAFTON n 4","ServiceAddress.City":"NEW YORK","ServiceAddress.State":"NY","ServiceAddress.ZipCode":"12123","ServiceAddress.Country":"USA","EmailAddress":"","PhoneNumber":"90289481380000","AccountBalance":"77.74","DueDate":"2019/10/05","PrimaryCustomerID":"CUSTOMER007"},{"AccountNumber":"LOCATION006-CUSTOMER007","CustomerId":"CUSTOMER007","LocationId":"LOCATION006","CustomerName":"MacKenzie, Sally E","CustomerStatus":"Current","CustomerType":"Individual","ServiceAddress.Line1":"4 Water 145","ServiceAddress.City":"NEW YORK","ServiceAddress.State":"NY","ServiceAddress.ZipCode":"12121","ServiceAddress.Country":"USA","EmailAddress":"","PhoneNumber":"90289481380000","AccountBalance":"48.30","DueDate":"2000/05/01","PrimaryCustomerID":"CUSTOMER007"},{"AccountNumber":"WATER002-CUSTOMER007","CustomerId":"CUSTOMER007","LocationId":"WATER002","CustomerName":"MacKenzie, Sally E","CustomerStatus":"Former","CustomerType":"Individual","ServiceAddress.Line1":"100 Water","ServiceAddress.City":"NEW YORK","ServiceAddress.State":"NY","ServiceAddress.ZipCode":"32541","ServiceAddress.Country":"USA","EmailAddress":"","PhoneNumber":"90289481380000","AccountBalance":"368.77","DueDate":"1997/08/14","PrimaryCustomerID":"CUSTOMER007"}]}

at org.codehaus.groovy.runtime.callsite.ConstructorSite$ConstructorSiteNoUnwrap.callConstructor(ConstructorSite.java:84)
at org.codehaus.groovy.runtime.callsite.CallSiteArray.defaultCallConstructor(CallSiteArray.java:59)
at org.codehaus.groovy.runtime.callsite.AbstractCallSite.callConstructor(AbstractCallSite.java:237)
at org.codehaus.groovy.runtime.callsite.AbstractCallSite.callConstructor(AbstractCallSite.java:249)
at io.restassured.internal.ResponseSpecificationImpl$HamcrestAssertionClosure.validate(ResponseSpecificationImpl.groovy:493)
at io.restassured.internal.ResponseSpecificationImpl$HamcrestAssertionClosure$validate$1.call(Unknown Source)
at io.restassured.internal.ResponseSpecificationImpl.validateResponseIfRequired(ResponseSpecificationImpl.groovy:674)
at org.codehaus.groovy.runtime.callsite.PlainObjectMetaMethodSite.doInvoke(PlainObjectMetaMethodSite.java:43)
at org.codehaus.groovy.runtime.callsite.PogoMetaMethodSite$PogoCachedMethodSiteNoUnwrapNoCoerce.invoke(PogoMetaMethodSite.java:190)
at org.codehaus.groovy.runtime.callsite.PogoMetaMethodSite.callCurrent(PogoMetaMethodSite.java:58)
at org.codehaus.groovy.runtime.callsite.AbstractCallSite.callCurrent(AbstractCallSite.java:168)
at io.restassured.internal.ResponseSpecificationImpl.body(ResponseSpecificationImpl.groovy:98)
at io.restassured.internal.ValidatableResponseOptionsImpl.body(ValidatableResponseOptionsImpl.java:238)
at io.restassured.internal.ValidatableResponseImpl.super$2$body(ValidatableResponseImpl.groovy)
at groovy.lang.MetaMethod.doMethodInvoke(MetaMethod.java:323)
at groovy.lang.MetaClassImpl.invokeMethod(MetaClassImpl.java:1217)
at org.codehaus.groovy.runtime.ScriptBytecodeAdapter.invokeMethodOnSuperN(ScriptBytecodeAdapter.java:144)
at io.restassured.internal.ValidatableResponseImpl.body(ValidatableResponseImpl.groovy:293)
at io.restassured.internal.ValidatableResponseImpl.body(ValidatableResponseImpl.groovy)
at com.NexustAPIAutomation.java.CommonMethods.getMethod(CommonMethods.java:409)
at Public.searchController.getAccounts_v_2(searchController.java:44)
at java.util.ArrayList.forEach(ArrayList.java:1257)
... Removed 42 stack frames]]>
    </failure>
  </testcase> <!-- getAccounts_v_2 -->
  <testcase name="getCustomer_v2" time="0.587" classname="Public.searchController"/>
  <testcase name="getindex_v2" time="0.671" classname="Public.searchController"/>
  <testcase name="elascticsearchcreateindex_v_3" time="0.518" classname="Public.searchControllerV3"/>
  <testcase name="getAccounts_v_3" time="0.991" classname="Public.searchControllerV3">
    <failure type="java.lang.AssertionError" message="1 expectation failed.
Response body doesn&amp;apos;t match expectation.
Expected: &amp;quot;{\&amp;quot;result\&amp;quot;:[{\&amp;quot;AccountNumber\&amp;quot;:\&amp;quot;ELECWAT001-CUSTOMER007\&amp;quot;,\&amp;quot;CustomerId\&amp;quot;:\&amp;quot;CUSTOMER007\&amp;quot;,\&amp;quot;LocationId\&amp;quot;:\&amp;quot;ELECWAT001\&amp;quot;,\&amp;quot;CustomerName\&amp;quot;:\&amp;quot;MacKenzie, Sally E\&amp;quot;,\&amp;quot;CustomerStatus\&amp;quot;:\&amp;quot;Current\&amp;quot;,\&amp;quot;CustomerType\&amp;quot;:\&amp;quot;Individual\&amp;quot;,\&amp;quot;ServiceAddress.Line1\&amp;quot;:\&amp;quot;12 A GRAFTON n 4\&amp;quot;,\&amp;quot;ServiceAddress.City\&amp;quot;:\&amp;quot;NEW YORK\&amp;quot;,\&amp;quot;ServiceAddress.State\&amp;quot;:\&amp;quot;NY\&amp;quot;,\&amp;quot;ServiceAddress.ZipCode\&amp;quot;:\&amp;quot;12123\&amp;quot;,\&amp;quot;ServiceAddress.Country\&amp;quot;:\&amp;quot;USA\&amp;quot;,\&amp;quot;EmailAddress\&amp;quot;:\&amp;quot;\&amp;quot;,\&amp;quot;PhoneNumber\&amp;quot;:\&amp;quot;90289481380000\&amp;quot;,\&amp;quot;AccountBalance\&amp;quot;:\&amp;quot;168.73\&amp;quot;,\&amp;quot;DueDate\&amp;quot;:\&amp;quot;2019/10/05\&amp;quot;,\&amp;quot;PrimaryCustomerID\&amp;quot;:\&amp;quot;CUSTOMER007\&amp;quot;},{\&amp;quot;AccountNumber\&amp;quot;:\&amp;quot;LOCATION006-CUSTOMER007\&amp;quot;,\&amp;quot;CustomerId\&amp;quot;:\&amp;quot;CUSTOMER007\&amp;quot;,\&amp;quot;LocationId\&amp;quot;:\&amp;quot;LOCATION006\&amp;quot;,\&amp;quot;CustomerName\&amp;quot;:\&amp;quot;MacKenzie, Sally E\&amp;quot;,\&amp;quot;CustomerStatus\&amp;quot;:\&amp;quot;Current\&amp;quot;,\&amp;quot;CustomerType\&amp;quot;:\&amp;quot;Individual\&amp;quot;,\&amp;quot;ServiceAddress.Line1\&amp;quot;:\&amp;quot;4 Water 145\&amp;quot;,\&amp;quot;ServiceAddress.City\&amp;quot;:\&amp;quot;NEW YORK\&amp;quot;,\&amp;quot;ServiceAddress.State\&amp;quot;:\&amp;quot;NY\&amp;quot;,\&amp;quot;ServiceAddress.ZipCode\&amp;quot;:\&amp;quot;12121\&amp;quot;,\&amp;quot;ServiceAddress.Country\&amp;quot;:\&amp;quot;USA\&amp;quot;,\&amp;quot;EmailAddress\&amp;quot;:\&amp;quot;\&amp;quot;,\&amp;quot;PhoneNumber\&amp;quot;:\&amp;quot;90289481380000\&amp;quot;,\&amp;quot;AccountBalance\&amp;quot;:\&amp;quot;48.30\&amp;quot;,\&amp;quot;DueDate\&amp;quot;:\&amp;quot;2000/05/01\&amp;quot;,\&amp;quot;PrimaryCustomerID\&amp;quot;:\&amp;quot;CUSTOMER007\&amp;quot;},{\&amp;quot;AccountNumber\&amp;quot;:\&amp;quot;WATER002-CUSTOMER007\&amp;quot;,\&amp;quot;CustomerId\&amp;quot;:\&amp;quot;CUSTOMER007\&amp;quot;,\&amp;quot;LocationId\&amp;quot;:\&amp;quot;WATER002\&amp;quot;,\&amp;quot;CustomerName\&amp;quot;:\&amp;quot;MacKenzie, Sally E\&amp;quot;,\&amp;quot;CustomerStatus\&amp;quot;:\&amp;quot;Former\&amp;quot;,\&amp;quot;CustomerType\&amp;quot;:\&amp;quot;Individual\&amp;quot;,\&amp;quot;ServiceAddress.Line1\&amp;quot;:\&amp;quot;100 Water\&amp;quot;,\&amp;quot;ServiceAddress.City\&amp;quot;:\&amp;quot;NEW YORK\&amp;quot;,\&amp;quot;ServiceAddress.State\&amp;quot;:\&amp;quot;NY\&amp;quot;,\&amp;quot;ServiceAddress.ZipCode\&amp;quot;:\&amp;quot;32541\&amp;quot;,\&amp;quot;ServiceAddress.Country\&amp;quot;:\&amp;quot;USA\&amp;quot;,\&amp;quot;EmailAddress\&amp;quot;:\&amp;quot;\&amp;quot;,\&amp;quot;PhoneNumber\&amp;quot;:\&amp;quot;90289481380000\&amp;quot;,\&amp;quot;AccountBalance\&amp;quot;:\&amp;quot;368.77\&amp;quot;,\&amp;quot;DueDate\&amp;quot;:\&amp;quot;1997/08/14\&amp;quot;,\&amp;quot;PrimaryCustomerID\&amp;quot;:\&amp;quot;CUSTOMER007\&amp;quot;}]}&amp;quot;
  Actual: {&amp;quot;result&amp;quot;:[{&amp;quot;AccountNumber&amp;quot;:&amp;quot;ELECWAT001-CUSTOMER007&amp;quot;,&amp;quot;CustomerId&amp;quot;:&amp;quot;CUSTOMER007&amp;quot;,&amp;quot;LocationId&amp;quot;:&amp;quot;ELECWAT001&amp;quot;,&amp;quot;CustomerName&amp;quot;:&amp;quot;MacKenzie, Sally E&amp;quot;,&amp;quot;CustomerStatus&amp;quot;:&amp;quot;Current&amp;quot;,&amp;quot;CustomerType&amp;quot;:&amp;quot;Individual&amp;quot;,&amp;quot;ServiceAddress.Line1&amp;quot;:&amp;quot;12 A GRAFTON n 4&amp;quot;,&amp;quot;ServiceAddress.City&amp;quot;:&amp;quot;NEW YORK&amp;quot;,&amp;quot;ServiceAddress.State&amp;quot;:&amp;quot;NY&amp;quot;,&amp;quot;ServiceAddress.ZipCode&amp;quot;:&amp;quot;12123&amp;quot;,&amp;quot;ServiceAddress.Country&amp;quot;:&amp;quot;USA&amp;quot;,&amp;quot;EmailAddress&amp;quot;:&amp;quot;&amp;quot;,&amp;quot;PhoneNumber&amp;quot;:&amp;quot;90289481380000&amp;quot;,&amp;quot;AccountBalance&amp;quot;:&amp;quot;77.74&amp;quot;,&amp;quot;DueDate&amp;quot;:&amp;quot;2019/10/05&amp;quot;,&amp;quot;PrimaryCustomerID&amp;quot;:&amp;quot;CUSTOMER007&amp;quot;},{&amp;quot;AccountNumber&amp;quot;:&amp;quot;LOCATION006-CUSTOMER007&amp;quot;,&amp;quot;CustomerId&amp;quot;:&amp;quot;CUSTOMER007&amp;quot;,&amp;quot;LocationId&amp;quot;:&amp;quot;LOCATION006&amp;quot;,&amp;quot;CustomerName&amp;quot;:&amp;quot;MacKenzie, Sally E&amp;quot;,&amp;quot;CustomerStatus&amp;quot;:&amp;quot;Current&amp;quot;,&amp;quot;CustomerType&amp;quot;:&amp;quot;Individual&amp;quot;,&amp;quot;ServiceAddress.Line1&amp;quot;:&amp;quot;4 Water 145&amp;quot;,&amp;quot;ServiceAddress.City&amp;quot;:&amp;quot;NEW YORK&amp;quot;,&amp;quot;ServiceAddress.State&amp;quot;:&amp;quot;NY&amp;quot;,&amp;quot;ServiceAddress.ZipCode&amp;quot;:&amp;quot;12121&amp;quot;,&amp;quot;ServiceAddress.Country&amp;quot;:&amp;quot;USA&amp;quot;,&amp;quot;EmailAddress&amp;quot;:&amp;quot;&amp;quot;,&amp;quot;PhoneNumber&amp;quot;:&amp;quot;90289481380000&amp;quot;,&amp;quot;AccountBalance&amp;quot;:&amp;quot;48.30&amp;quot;,&amp;quot;DueDate&amp;quot;:&amp;quot;2000/05/01&amp;quot;,&amp;quot;PrimaryCustomerID&amp;quot;:&amp;quot;CUSTOMER007&amp;quot;},{&amp;quot;AccountNumber&amp;quot;:&amp;quot;WATER002-CUSTOMER007&amp;quot;,&amp;quot;CustomerId&amp;quot;:&amp;quot;CUSTOMER007&amp;quot;,&amp;quot;LocationId&amp;quot;:&amp;quot;WATER002&amp;quot;,&amp;quot;CustomerName&amp;quot;:&amp;quot;MacKenzie, Sally E&amp;quot;,&amp;quot;CustomerStatus&amp;quot;:&amp;quot;Former&amp;quot;,&amp;quot;CustomerType&amp;quot;:&amp;quot;Individual&amp;quot;,&amp;quot;ServiceAddress.Line1&amp;quot;:&amp;quot;100 Water&amp;quot;,&amp;quot;ServiceAddress.City&amp;quot;:&amp;quot;NEW YORK&amp;quot;,&amp;quot;ServiceAddress.State&amp;quot;:&amp;quot;NY&amp;quot;,&amp;quot;ServiceAddress.ZipCode&amp;quot;:&amp;quot;32541&amp;quot;,&amp;quot;ServiceAddress.Country&amp;quot;:&amp;quot;USA&amp;quot;,&amp;quot;EmailAddress&amp;quot;:&amp;quot;&amp;quot;,&amp;quot;PhoneNumber&amp;quot;:&amp;quot;90289481380000&amp;quot;,&amp;quot;AccountBalance&amp;quot;:&amp;quot;368.77&amp;quot;,&amp;quot;DueDate&amp;quot;:&amp;quot;1997/08/14&amp;quot;,&amp;quot;PrimaryCustomerID&amp;quot;:&amp;quot;CUSTOMER007&amp;quot;}]}
">
      <![CDATA[java.lang.AssertionError: 1 expectation failed.
Response body doesn't match expectation.
Expected: "{\"result\":[{\"AccountNumber\":\"ELECWAT001-CUSTOMER007\",\"CustomerId\":\"CUSTOMER007\",\"LocationId\":\"ELECWAT001\",\"CustomerName\":\"MacKenzie, Sally E\",\"CustomerStatus\":\"Current\",\"CustomerType\":\"Individual\",\"ServiceAddress.Line1\":\"12 A GRAFTON n 4\",\"ServiceAddress.City\":\"NEW YORK\",\"ServiceAddress.State\":\"NY\",\"ServiceAddress.ZipCode\":\"12123\",\"ServiceAddress.Country\":\"USA\",\"EmailAddress\":\"\",\"PhoneNumber\":\"90289481380000\",\"AccountBalance\":\"168.73\",\"DueDate\":\"2019/10/05\",\"PrimaryCustomerID\":\"CUSTOMER007\"},{\"AccountNumber\":\"LOCATION006-CUSTOMER007\",\"CustomerId\":\"CUSTOMER007\",\"LocationId\":\"LOCATION006\",\"CustomerName\":\"MacKenzie, Sally E\",\"CustomerStatus\":\"Current\",\"CustomerType\":\"Individual\",\"ServiceAddress.Line1\":\"4 Water 145\",\"ServiceAddress.City\":\"NEW YORK\",\"ServiceAddress.State\":\"NY\",\"ServiceAddress.ZipCode\":\"12121\",\"ServiceAddress.Country\":\"USA\",\"EmailAddress\":\"\",\"PhoneNumber\":\"90289481380000\",\"AccountBalance\":\"48.30\",\"DueDate\":\"2000/05/01\",\"PrimaryCustomerID\":\"CUSTOMER007\"},{\"AccountNumber\":\"WATER002-CUSTOMER007\",\"CustomerId\":\"CUSTOMER007\",\"LocationId\":\"WATER002\",\"CustomerName\":\"MacKenzie, Sally E\",\"CustomerStatus\":\"Former\",\"CustomerType\":\"Individual\",\"ServiceAddress.Line1\":\"100 Water\",\"ServiceAddress.City\":\"NEW YORK\",\"ServiceAddress.State\":\"NY\",\"ServiceAddress.ZipCode\":\"32541\",\"ServiceAddress.Country\":\"USA\",\"EmailAddress\":\"\",\"PhoneNumber\":\"90289481380000\",\"AccountBalance\":\"368.77\",\"DueDate\":\"1997/08/14\",\"PrimaryCustomerID\":\"CUSTOMER007\"}]}"
  Actual: {"result":[{"AccountNumber":"ELECWAT001-CUSTOMER007","CustomerId":"CUSTOMER007","LocationId":"ELECWAT001","CustomerName":"MacKenzie, Sally E","CustomerStatus":"Current","CustomerType":"Individual","ServiceAddress.Line1":"12 A GRAFTON n 4","ServiceAddress.City":"NEW YORK","ServiceAddress.State":"NY","ServiceAddress.ZipCode":"12123","ServiceAddress.Country":"USA","EmailAddress":"","PhoneNumber":"90289481380000","AccountBalance":"77.74","DueDate":"2019/10/05","PrimaryCustomerID":"CUSTOMER007"},{"AccountNumber":"LOCATION006-CUSTOMER007","CustomerId":"CUSTOMER007","LocationId":"LOCATION006","CustomerName":"MacKenzie, Sally E","CustomerStatus":"Current","CustomerType":"Individual","ServiceAddress.Line1":"4 Water 145","ServiceAddress.City":"NEW YORK","ServiceAddress.State":"NY","ServiceAddress.ZipCode":"12121","ServiceAddress.Country":"USA","EmailAddress":"","PhoneNumber":"90289481380000","AccountBalance":"48.30","DueDate":"2000/05/01","PrimaryCustomerID":"CUSTOMER007"},{"AccountNumber":"WATER002-CUSTOMER007","CustomerId":"CUSTOMER007","LocationId":"WATER002","CustomerName":"MacKenzie, Sally E","CustomerStatus":"Former","CustomerType":"Individual","ServiceAddress.Line1":"100 Water","ServiceAddress.City":"NEW YORK","ServiceAddress.State":"NY","ServiceAddress.ZipCode":"32541","ServiceAddress.Country":"USA","EmailAddress":"","PhoneNumber":"90289481380000","AccountBalance":"368.77","DueDate":"1997/08/14","PrimaryCustomerID":"CUSTOMER007"}]}

at org.codehaus.groovy.runtime.callsite.ConstructorSite$ConstructorSiteNoUnwrap.callConstructor(ConstructorSite.java:84)
at org.codehaus.groovy.runtime.callsite.AbstractCallSite.callConstructor(AbstractCallSite.java:249)
at io.restassured.internal.ResponseSpecificationImpl$HamcrestAssertionClosure.validate(ResponseSpecificationImpl.groovy:493)
at io.restassured.internal.ResponseSpecificationImpl$HamcrestAssertionClosure$validate$1.call(Unknown Source)
at io.restassured.internal.ResponseSpecificationImpl.validateResponseIfRequired(ResponseSpecificationImpl.groovy:674)
at org.codehaus.groovy.runtime.callsite.PlainObjectMetaMethodSite.doInvoke(PlainObjectMetaMethodSite.java:43)
at org.codehaus.groovy.runtime.callsite.PogoMetaMethodSite$PogoCachedMethodSiteNoUnwrapNoCoerce.invoke(PogoMetaMethodSite.java:190)
at org.codehaus.groovy.runtime.callsite.PogoMetaMethodSite.callCurrent(PogoMetaMethodSite.java:58)
at org.codehaus.groovy.runtime.callsite.AbstractCallSite.callCurrent(AbstractCallSite.java:168)
at io.restassured.internal.ResponseSpecificationImpl.body(ResponseSpecificationImpl.groovy:98)
at io.restassured.internal.ValidatableResponseOptionsImpl.body(ValidatableResponseOptionsImpl.java:238)
at io.restassured.internal.ValidatableResponseImpl.super$2$body(ValidatableResponseImpl.groovy)
at groovy.lang.MetaMethod.doMethodInvoke(MetaMethod.java:323)
at groovy.lang.MetaClassImpl.invokeMethod(MetaClassImpl.java:1217)
at org.codehaus.groovy.runtime.ScriptBytecodeAdapter.invokeMethodOnSuperN(ScriptBytecodeAdapter.java:144)
at io.restassured.internal.ValidatableResponseImpl.body(ValidatableResponseImpl.groovy:293)
at io.restassured.internal.ValidatableResponseImpl.body(ValidatableResponseImpl.groovy)
at com.NexustAPIAutomation.java.CommonMethods.getMethod(CommonMethods.java:409)
at Public.searchControllerV3.getAccounts_v_3(searchControllerV3.java:44)
at java.util.ArrayList.forEach(ArrayList.java:1257)
... Removed 42 stack frames]]>
    </failure>
  </testcase> <!-- getAccounts_v_3 -->
  <testcase name="getAccountsAdvanced_v_3" time="1.019" classname="Public.searchControllerV3"/>
  <testcase name="getCustomer_v3" time="0.598" classname="Public.searchControllerV3"/>
  <testcase name="getindex_v3" time="0.567" classname="Public.searchControllerV3"/>
  <testcase name="getAccountsAdvanced_v_3" time="0.917" classname="Public.TestAPI"/>
  <testcase name="getnextCustomerId_v2" time="0.0" classname="Public.customerController_v2">
    <ignored/>
  </testcase> <!-- getnextCustomerId_v2 -->
  <testcase name="getLocationsByCustomer_v2" time="0.0" classname="Public.customerController_v2">
    <ignored/>
  </testcase> <!-- getLocationsByCustomer_v2 -->
  <testcase name="paymentExtensionv2" time="0.0" classname="Public.PaymentExtension">
    <ignored/>
  </testcase> <!-- paymentExtensionv2 -->
  <testcase name="TC003_getCashin" time="0.0" classname="Public.CashieringGet">
    <ignored/>
  </testcase> <!-- TC003_getCashin -->
  <testcase name="putcustomersaddressv2" time="0.0" classname="Public.customerControllerV3">
    <ignored/>
  </testcase> <!-- putcustomersaddressv2 -->
  <testcase name="TC006_gettransactions" time="0.0" classname="Public.CashieringGetV3">
    <ignored/>
  </testcase> <!-- TC006_gettransactions -->
  <testcase name="getinfolabels_v2" time="0.0" classname="Public.customerController_v2">
    <ignored/>
  </testcase> <!-- getinfolabels_v2 -->
  <testcase name="putcustomerbillingoptionv2" time="0.0" classname="Public.customerControllerV3">
    <ignored/>
  </testcase> <!-- putcustomerbillingoptionv2 -->
  <testcase name="getspadocuments_v_3" time="0.0" classname="Public.spaControllerV3">
    <ignored/>
  </testcase> <!-- getspadocuments_v_3 -->
  <testcase name="getoutstandingDocuments_v_3" time="0.0" classname="Public.spaControllerV3">
    <ignored/>
  </testcase> <!-- getoutstandingDocuments_v_3 -->
  <testcase name="getCustomerDetail_v3" time="0.0" classname="Public.customerControllerV3">
    <ignored/>
  </testcase> <!-- getCustomerDetail_v3 -->
  <testcase name="getServiceOrderRequestDetailsbyOptional_v3" time="0.0" classname="Public.ServiceOrderControllerV3">
    <ignored/>
  </testcase> <!-- getServiceOrderRequestDetailsbyOptional_v3 -->
  <testcase name="getServicesByLocation_v_3" time="0.0" classname="Public.ServiceLocationV3">
    <ignored/>
  </testcase> <!-- getServicesByLocation_v_3 -->
  <testcase name="cancelSPA_v_2" time="0.0" classname="Public.createandcancelSpaV3">
    <ignored/>
  </testcase> <!-- cancelSPA_v_2 -->
  <testcase name="getoutstandingDocuments_v_2" time="0.0" classname="Public.spaController">
    <ignored/>
  </testcase> <!-- getoutstandingDocuments_v_2 -->
  <testcase name="TC003_getnextReceipt" time="0.0" classname="Public.CashieringGet">
    <ignored/>
  </testcase> <!-- TC003_getnextReceipt -->
  <testcase name="getspadocuments_v_2" time="0.0" classname="Public.spaController">
    <ignored/>
  </testcase> <!-- getspadocuments_v_2 -->
  <testcase name="putTaskComplete_v_3" time="0.0" classname="Public.ServiceOrderControllerV3">
    <ignored/>
  </testcase> <!-- putTaskComplete_v_3 -->
  <testcase name="putcustomersotherOptionsv2" time="0.0" classname="Public.customerController_v2">
    <ignored/>
  </testcase> <!-- putcustomersotherOptionsv2 -->
  <testcase name="getCustomerbylocation_v_2" time="0.0" classname="Public.customerController_v2">
    <ignored/>
  </testcase> <!-- getCustomerbylocation_v_2 -->
  <testcase name="getAccountBalancesV3" time="0.0" classname="Public.GetAccountBalancesV3">
    <ignored/>
  </testcase> <!-- getAccountBalancesV3 -->
  <testcase name="putswitchMeter_v_2" time="0.0" classname="Public.ServiceOrderController">
    <ignored/>
  </testcase> <!-- putswitchMeter_v_2 -->
  <testcase name="getServiceOrderRequestDetails_v2" time="0.0" classname="Public.ServiceOrderController">
    <ignored/>
  </testcase> <!-- getServiceOrderRequestDetails_v2 -->
  <testcase name="getconsumptionHistoryController" time="0.0" classname="Public.consumptionHistoryController">
    <ignored/>
  </testcase> <!-- getconsumptionHistoryController -->
  <testcase name="putcalculatedocuments_v_2" time="0.0" classname="Public.spaController">
    <ignored/>
  </testcase> <!-- putcalculatedocuments_v_2 -->
  <testcase name="TC001_saveReciept" time="0.0" classname="Public.CashieringPost">
    <ignored/>
  </testcase> <!-- TC001_saveReciept -->
  <testcase name="getCustomerbylocation_v_2" time="0.0" classname="Public.customerControllerV3">
    <ignored/>
  </testcase> <!-- getCustomerbylocation_v_2 -->
  <testcase name="putaddMeterReading_v_2" time="0.0" classname="Public.ServiceOrderController">
    <ignored/>
  </testcase> <!-- putaddMeterReading_v_2 -->
  <testcase name="putTaskComplete_v_2" time="0.0" classname="Public.ServiceOrderController">
    <ignored/>
  </testcase> <!-- putTaskComplete_v_2 -->
  <testcase name="getheaderInfo_v_3" time="0.0" classname="Public.spaControllerV3">
    <ignored/>
  </testcase> <!-- getheaderInfo_v_3 -->
  <testcase name="TC003_1_getCashin" time="0.0" classname="Public.CashieringGet">
    <ignored/>
  </testcase> <!-- TC003_1_getCashin -->
  <testcase name="TC007_getAutoApply" time="0.0" classname="Public.CashieringGet">
    <ignored/>
  </testcase> <!-- TC007_getAutoApply -->
  <testcase name="recancelSPA_v_2" time="0.0" classname="Public.createandcancelSpa">
    <ignored/>
  </testcase> <!-- recancelSPA_v_2 -->
  <testcase name="getspadetails_v_3" time="0.0" classname="Public.spaControllerV3">
    <ignored/>
  </testcase> <!-- getspadetails_v_3 -->
  <testcase name="getServiceOrderRequestDetailsbyOptional_v2" time="0.0" classname="Public.ServiceOrderController">
    <ignored/>
  </testcase> <!-- getServiceOrderRequestDetailsbyOptional_v2 -->
  <testcase name="putcustomersrolldownAddressCodev2" time="0.0" classname="Public.customerControllerV3">
    <ignored/>
  </testcase> <!-- putcustomersrolldownAddressCodev2 -->
  <testcase name="putupdatecomment_v_3" time="0.0" classname="Public.ServiceOrderControllerV3">
    <ignored/>
  </testcase> <!-- putupdatecomment_v_3 -->
  <testcase name="getcalculatedocuments_v_3" time="0.0" classname="Public.spaControllerV3">
    <ignored/>
  </testcase> <!-- getcalculatedocuments_v_3 -->
  <testcase name="getCustomerDetail_v2" time="0.0" classname="Public.customerController_v2">
    <ignored/>
  </testcase> <!-- getCustomerDetail_v2 -->
  <testcase name="getAccountBalancesPortalv2_4" time="0.0" classname="Public.GetAccountBalances">
    <ignored/>
  </testcase> <!-- getAccountBalancesPortalv2_4 -->
  <testcase name="getServiceOrder_v3" time="0.0" classname="Public.ServiceOrderControllerV3">
    <ignored/>
  </testcase> <!-- getServiceOrder_v3 -->
  <testcase name="getdeposit_v_3" time="0.0" classname="Private.DepositsControllerV3">
    <ignored/>
  </testcase> <!-- getdeposit_v_3 -->
  <testcase name="getpreauthorizepaymentplan_v2" time="0.0" classname="Public.customerController_v2">
    <ignored/>
  </testcase> <!-- getpreauthorizepaymentplan_v2 -->
  <testcase name="postcreateServiceOrder_v3" time="0.0" classname="Public.ServiceOrderControllerV3">
    <ignored/>
  </testcase> <!-- postcreateServiceOrder_v3 -->
  <testcase name="getinfolabels_v2" time="0.0" classname="Public.customerControllerV3">
    <ignored/>
  </testcase> <!-- getinfolabels_v2 -->
  <testcase name="putcalculatedocuments_v_3" time="0.0" classname="Public.spaControllerV3">
    <ignored/>
  </testcase> <!-- putcalculatedocuments_v_3 -->
  <testcase name="getcalculatedocuments_v_2" time="0.0" classname="Public.spaController">
    <ignored/>
  </testcase> <!-- getcalculatedocuments_v_2 -->
  <testcase name="getspadetails_v_2" time="0.0" classname="Public.spaController">
    <ignored/>
  </testcase> <!-- getspadetails_v_2 -->
  <testcase name="getLocationsByCustomer_v3" time="0.0" classname="Public.customerControllerV3">
    <ignored/>
  </testcase> <!-- getLocationsByCustomer_v3 -->
  <testcase name="getOtheroptions_v2" time="0.0" classname="Public.customerController_v2">
    <ignored/>
  </testcase> <!-- getOtheroptions_v2 -->
  <testcase name="createSPA_v_2" time="0.0" classname="Public.createandcancelSpaV3">
    <ignored/>
  </testcase> <!-- createSPA_v_2 -->
  <testcase name="TC004_getReceipt" time="0.0" classname="Public.CashieringGetV3">
    <ignored/>
  </testcase> <!-- TC004_getReceipt -->
  <testcase name="getOtheroptions_v2" time="0.0" classname="Public.customerControllerV3">
    <ignored/>
  </testcase> <!-- getOtheroptions_v2 -->
  <testcase name="putTaskCompleteNocharge_v3" time="0.0" classname="Public.ServiceOrderControllerV3">
    <ignored/>
  </testcase> <!-- putTaskCompleteNocharge_v3 -->
  <testcase name="putTaskCompleteNocharge_v2_3" time="0.0" classname="Public.ServiceOrderController">
    <ignored/>
  </testcase> <!-- putTaskCompleteNocharge_v2_3 -->
  <testcase name="postcreateServiceOrder_v2" time="0.0" classname="Public.ServiceOrderController">
    <ignored/>
  </testcase> <!-- postcreateServiceOrder_v2 -->
  <testcase name="putaddMeterReading_v_3" time="0.0" classname="Public.ServiceOrderControllerV3">
    <ignored/>
  </testcase> <!-- putaddMeterReading_v_3 -->
  <testcase name="lookupDepositId_v_3" time="0.0" classname="Private.DepositsControllerV3">
    <ignored/>
  </testcase> <!-- lookupDepositId_v_3 -->
  <testcase name="getlocationsByCustomerv_2_4" time="0.0" classname="Public.customerControllerV3">
    <ignored/>
  </testcase> <!-- getlocationsByCustomerv_2_4 -->
  <testcase name="TC007_getAutoApply" time="0.0" classname="Public.CashieringGetV3">
    <ignored/>
  </testcase> <!-- TC007_getAutoApply -->
  <testcase name="TC004_balances" time="0.0" classname="Public.CashieringGetV3">
    <ignored/>
  </testcase> <!-- TC004_balances -->
  <testcase name="putcustomerscollectionsOptionsv2" time="0.0" classname="Public.customerController_v2">
    <ignored/>
  </testcase> <!-- putcustomerscollectionsOptionsv2 -->
  <testcase name="postPaymentv2" time="0.0" classname="Public.PaymentExtension">
    <ignored/>
  </testcase> <!-- postPaymentv2 -->
  <testcase name="getheaderInfo_v_2" time="0.0" classname="Public.spaController">
    <ignored/>
  </testcase> <!-- getheaderInfo_v_2 -->
  <testcase name="getspaAccountBalances_v_2" time="0.0" classname="Public.spaController">
    <ignored/>
  </testcase> <!-- getspaAccountBalances_v_2 -->
  <testcase name="getpreauthorizepaymentplan_v2" time="0.0" classname="Public.customerControllerV3">
    <ignored/>
  </testcase> <!-- getpreauthorizepaymentplan_v2 -->
  <testcase name="getCollectionsoptions_v2" time="0.0" classname="Public.customerController_v2">
    <ignored/>
  </testcase> <!-- getCollectionsoptions_v2 -->
  <testcase name="createSPA_v_2" time="0.0" classname="Public.createandcancelSpa">
    <ignored/>
  </testcase> <!-- createSPA_v_2 -->
  <testcase name="getAccountBalancesV24" time="0.0" classname="Public.GetAccountBalances">
    <ignored/>
  </testcase> <!-- getAccountBalancesV24 -->
  <testcase name="TC001_saveReciept" time="0.0" classname="Public.CashieringPostV3">
    <ignored/>
  </testcase> <!-- TC001_saveReciept -->
  <testcase name="putaddMiscCharge_v_3" time="0.0" classname="Public.ServiceOrderControllerV3">
    <ignored/>
  </testcase> <!-- putaddMiscCharge_v_3 -->
  <testcase name="putcustomersrolldownAddressCodev2" time="0.0" classname="Public.customerController_v2">
    <ignored/>
  </testcase> <!-- putcustomersrolldownAddressCodev2 -->
  <testcase name="getCollectionsoptions_v2" time="0.0" classname="Public.customerControllerV3">
    <ignored/>
  </testcase> <!-- getCollectionsoptions_v2 -->
  <testcase name="putspaCalculate_v_2" time="0.0" classname="Public.createandcancelSpaV3">
    <ignored/>
  </testcase> <!-- putspaCalculate_v_2 -->
  <testcase name="getServiceOrder_v2" time="0.0" classname="Public.ServiceOrderController">
    <ignored/>
  </testcase> <!-- getServiceOrder_v2 -->
  <testcase name="TC002_RecieptAdjustment" time="0.0" classname="Public.CashieringPostV3">
    <ignored/>
  </testcase> <!-- TC002_RecieptAdjustment -->
  <testcase name="putupdatecomment_v_2" time="0.0" classname="Public.ServiceOrderController">
    <ignored/>
  </testcase> <!-- putupdatecomment_v_2 -->
  <testcase name="getCustomerBillingOptions_v2" time="0.0" classname="Public.customerControllerV3">
    <ignored/>
  </testcase> <!-- getCustomerBillingOptions_v2 -->
  <testcase name="recancelSPA_v_2" time="0.0" classname="Public.createandcancelSpaV3">
    <ignored/>
  </testcase> <!-- recancelSPA_v_2 -->
  <testcase name="TC005_getRegisterInfo" time="0.0" classname="Public.CashieringGet">
    <ignored/>
  </testcase> <!-- TC005_getRegisterInfo -->
  <testcase name="getCustomerDetail_v_2" time="0.0" classname="Public.customerControllerV3">
    <ignored/>
  </testcase> <!-- getCustomerDetail_v_2 -->
  <testcase name="cancelSPA_v_2" time="0.0" classname="Public.createandcancelSpa">
    <ignored/>
  </testcase> <!-- cancelSPA_v_2 -->
  <testcase name="getlocationsByCustomerv_2_4" time="0.0" classname="Public.customerController_v2_4">
    <ignored/>
  </testcase> <!-- getlocationsByCustomerv_2_4 -->
  <testcase name="getspaAccountBalances_v_3" time="0.0" classname="Public.spaControllerV3">
    <ignored/>
  </testcase> <!-- getspaAccountBalances_v_3 -->
  <testcase name="postcreateServiceOrder_v2_3_1" time="0.0" classname="Public.ServiceOrderController">
    <ignored/>
  </testcase> <!-- postcreateServiceOrder_v2_3_1 -->
  <testcase name="postPaymentv3" time="0.0" classname="Public.PaymentExtensionV3">
    <ignored/>
  </testcase> <!-- postPaymentv3 -->
  <testcase name="putspaCalculate_v_2" time="0.0" classname="Public.createandcancelSpa">
    <ignored/>
  </testcase> <!-- putspaCalculate_v_2 -->
  <testcase name="putcustomersotherOptionsv2" time="0.0" classname="Public.customerControllerV3">
    <ignored/>
  </testcase> <!-- putcustomersotherOptionsv2 -->
  <testcase name="getServiceOrderRequestDetails_v3" time="0.0" classname="Public.ServiceOrderControllerV3">
    <ignored/>
  </testcase> <!-- getServiceOrderRequestDetails_v3 -->
  <testcase name="putswitchMeter_v_3" time="0.0" classname="Public.ServiceOrderControllerV3">
    <ignored/>
  </testcase> <!-- putswitchMeter_v_3 -->
  <testcase name="getCustomerDetail_v_2" time="0.0" classname="Public.customerController_v2">
    <ignored/>
  </testcase> <!-- getCustomerDetail_v_2 -->
  <testcase name="TC006_gettransactions" time="0.0" classname="Public.CashieringGet">
    <ignored/>
  </testcase> <!-- TC006_gettransactions -->
  <testcase name="getServicesByLocation_v_2" time="0.0" classname="Public.ServiceLocationv2">
    <ignored/>
  </testcase> <!-- getServicesByLocation_v_2 -->
  <testcase name="getconsumptionHistoryController" time="0.0" classname="Public.consumptionHistoryControllerV3">
    <ignored/>
  </testcase> <!-- getconsumptionHistoryController -->
  <testcase name="TC003_getCashin" time="0.0" classname="Public.CashieringGetV3">
    <ignored/>
  </testcase> <!-- TC003_getCashin -->
  <testcase name="getCustomerBillingOptions_v2" time="0.0" classname="Public.customerController_v2">
    <ignored/>
  </testcase> <!-- getCustomerBillingOptions_v2 -->
  <testcase name="paymentExtensionv3" time="0.0" classname="Public.PaymentExtensionV3">
    <ignored/>
  </testcase> <!-- paymentExtensionv3 -->
  <testcase name="putaddMiscCharge_v_2" time="0.0" classname="Public.ServiceOrderController">
    <ignored/>
  </testcase> <!-- putaddMiscCharge_v_2 -->
  <testcase name="TC004_balances" time="0.0" classname="Public.CashieringGet">
    <ignored/>
  </testcase> <!-- TC004_balances -->
  <testcase name="getAccountBalancesPortalv3" time="0.0" classname="Public.GetAccountBalancesV3">
    <ignored/>
  </testcase> <!-- getAccountBalancesPortalv3 -->
  <testcase name="TC004_getReceipt" time="0.0" classname="Public.CashieringGet">
    <ignored/>
  </testcase> <!-- TC004_getReceipt -->
  <testcase name="getdepositpaymentPlan_v_3" time="0.0" classname="Private.DepositsControllerV3">
    <ignored/>
  </testcase> <!-- getdepositpaymentPlan_v_3 -->
  <testcase name="getAccountBalancesV2" time="0.0" classname="Public.GetAccountBalances">
    <ignored/>
  </testcase> <!-- getAccountBalancesV2 -->
  <testcase name="putcustomerbillingoptionv2" time="0.0" classname="Public.customerController_v2">
    <ignored/>
  </testcase> <!-- putcustomerbillingoptionv2 -->
  <testcase name="TC003_getnextReceipt" time="0.0" classname="Public.CashieringGetV3">
    <ignored/>
  </testcase> <!-- TC003_getnextReceipt -->
  <testcase name="putcustomerscollectionsOptionsv2" time="0.0" classname="Public.customerControllerV3">
    <ignored/>
  </testcase> <!-- putcustomerscollectionsOptionsv2 -->
  <testcase name="putcustomersaddressv2" time="0.0" classname="Public.customerController_v2">
    <ignored/>
  </testcase> <!-- putcustomersaddressv2 -->
  <testcase name="TC005_getRegisterInfo" time="0.0" classname="Public.CashieringGetV3">
    <ignored/>
  </testcase> <!-- TC005_getRegisterInfo -->
  <testcase name="getTransactions_v_2" time="0.0" classname="Private.transactionsController">
    <ignored/>
  </testcase> <!-- getTransactions_v_2 -->
  <testcase name="getnextCustomerId_v2" time="0.0" classname="Public.customerControllerV3">
    <ignored/>
  </testcase> <!-- getnextCustomerId_v2 -->
  <testcase name="TC002_RecieptAdjustment" time="0.0" classname="Public.CashieringPost">
    <ignored/>
  </testcase> <!-- TC002_RecieptAdjustment -->
</testsuite> <!-- Nexus View - Api Automation Regression Suit -->
